Dataset = ml-1m
  # users         = 6040
  # items         = 3416
  # interactions  = 999611
  # Sequence length = 200
  # Average sequence length = 163.50
Epoch 1 – last‐batch loss: 1.0188, AUC: 0.8413
Epoch 2 – last‐batch loss: 0.9560, AUC: 0.8522
Epoch 3 – last‐batch loss: 0.8805, AUC: 0.8834
Epoch 4 – last‐batch loss: 0.8256, AUC: 0.8938
Epoch 5 – last‐batch loss: 0.7682, AUC: 0.9118
Epoch 6 – last‐batch loss: 0.7367, AUC: 0.9177
Epoch 7 – last‐batch loss: 0.7202, AUC: 0.9191
Epoch 8 – last‐batch loss: 0.6779, AUC: 0.9278
Epoch 9 – last‐batch loss: 0.6650, AUC: 0.9307
Epoch 10 – last‐batch loss: 0.6379, AUC: 0.9362
Epoch 11 – last‐batch loss: 0.6296, AUC: 0.9388
Epoch 12 – last‐batch loss: 0.6036, AUC: 0.9449
Epoch 13 – last‐batch loss: 0.5993, AUC: 0.9439
Epoch 14 – last‐batch loss: 0.5823, AUC: 0.9450
Epoch 15 – last‐batch loss: 0.5688, AUC: 0.9482
Epoch 16 – last‐batch loss: 0.5758, AUC: 0.9452
Epoch 17 – last‐batch loss: 0.5470, AUC: 0.9499
Epoch 18 – last‐batch loss: 0.5434, AUC: 0.9485
Epoch 19 – last‐batch loss: 0.5636, AUC: 0.9476
Epoch 20 – last‐batch loss: 0.5303, AUC: 0.9514
Evaluating...
........................................................................................................................
epoch:20, time: 37.044381(s), valid (NDCG@10: 0.5467, Recall@10: 0.7988, NDCG@20: 0.5721, Recall@20: 0.8985), test (NDCG@10: 0.5291, Recall@10: 0.7788, NDCG@20: 0.5543, Recall@20: 0.8776)
Epoch 21 – last‐batch loss: 0.5340, AUC: 0.9535
Epoch 22 – last‐batch loss: 0.5269, AUC: 0.9533
Epoch 23 – last‐batch loss: 0.4873, AUC: 0.9576
Epoch 24 – last‐batch loss: 0.4940, AUC: 0.9568
Epoch 25 – last‐batch loss: 0.4815, AUC: 0.9589
Epoch 26 – last‐batch loss: 0.4825, AUC: 0.9561
Epoch 27 – last‐batch loss: 0.4922, AUC: 0.9559
Epoch 28 – last‐batch loss: 0.4715, AUC: 0.9592
Epoch 29 – last‐batch loss: 0.4751, AUC: 0.9593
Epoch 30 – last‐batch loss: 0.4923, AUC: 0.9552
Epoch 31 – last‐batch loss: 0.4646, AUC: 0.9602
Epoch 32 – last‐batch loss: 0.4683, AUC: 0.9616
Epoch 33 – last‐batch loss: 0.4810, AUC: 0.9566
Epoch 34 – last‐batch loss: 0.4494, AUC: 0.9633
Epoch 35 – last‐batch loss: 0.4550, AUC: 0.9616
Epoch 36 – last‐batch loss: 0.4595, AUC: 0.9604
Epoch 37 – last‐batch loss: 0.4623, AUC: 0.9607
Epoch 38 – last‐batch loss: 0.4421, AUC: 0.9641
Epoch 39 – last‐batch loss: 0.4516, AUC: 0.9623
Epoch 40 – last‐batch loss: 0.4603, AUC: 0.9597
Evaluating...
........................................................................................................................
epoch:40, time: 151.925627(s), valid (NDCG@10: 0.5861, Recall@10: 0.8262, NDCG@20: 0.6070, Recall@20: 0.9083), test (NDCG@10: 0.5627, Recall@10: 0.8026, NDCG@20: 0.5848, Recall@20: 0.8894)
Epoch 41 – last‐batch loss: 0.4486, AUC: 0.9616
Epoch 42 – last‐batch loss: 0.4470, AUC: 0.9618
Epoch 43 – last‐batch loss: 0.4515, AUC: 0.9632
Epoch 44 – last‐batch loss: 0.4571, AUC: 0.9611
Epoch 45 – last‐batch loss: 0.4384, AUC: 0.9641
Epoch 46 – last‐batch loss: 0.4446, AUC: 0.9603
Epoch 47 – last‐batch loss: 0.4456, AUC: 0.9617
Epoch 48 – last‐batch loss: 0.4433, AUC: 0.9640
Epoch 49 – last‐batch loss: 0.4445, AUC: 0.9625
Epoch 50 – last‐batch loss: 0.4319, AUC: 0.9649
Epoch 51 – last‐batch loss: 0.4335, AUC: 0.9642
Epoch 52 – last‐batch loss: 0.4327, AUC: 0.9634
Epoch 53 – last‐batch loss: 0.4152, AUC: 0.9693
Epoch 54 – last‐batch loss: 0.4452, AUC: 0.9615
Epoch 55 – last‐batch loss: 0.4201, AUC: 0.9663
Epoch 56 – last‐batch loss: 0.4137, AUC: 0.9662
Epoch 57 – last‐batch loss: 0.4299, AUC: 0.9642
Epoch 58 – last‐batch loss: 0.4110, AUC: 0.9660
Epoch 59 – last‐batch loss: 0.4533, AUC: 0.9585
Epoch 60 – last‐batch loss: 0.4292, AUC: 0.9643
Evaluating...
........................................................................................................................
epoch:60, time: 344.584614(s), valid (NDCG@10: 0.5960, Recall@10: 0.8291, NDCG@20: 0.6168, Recall@20: 0.9109), test (NDCG@10: 0.5695, Recall@10: 0.8083, NDCG@20: 0.5908, Recall@20: 0.8922)
Epoch 61 – last‐batch loss: 0.4214, AUC: 0.9650
Epoch 62 – last‐batch loss: 0.4423, AUC: 0.9583
Epoch 63 – last‐batch loss: 0.4155, AUC: 0.9675
Epoch 64 – last‐batch loss: 0.4289, AUC: 0.9621
Epoch 65 – last‐batch loss: 0.4386, AUC: 0.9633
Epoch 66 – last‐batch loss: 0.4105, AUC: 0.9671
Epoch 67 – last‐batch loss: 0.4303, AUC: 0.9626
Epoch 68 – last‐batch loss: 0.4366, AUC: 0.9627
Epoch 69 – last‐batch loss: 0.4195, AUC: 0.9672
Epoch 70 – last‐batch loss: 0.4185, AUC: 0.9640
Epoch 71 – last‐batch loss: 0.4221, AUC: 0.9654
Epoch 72 – last‐batch loss: 0.4226, AUC: 0.9645
Epoch 73 – last‐batch loss: 0.4225, AUC: 0.9649
Epoch 74 – last‐batch loss: 0.4161, AUC: 0.9654
Epoch 75 – last‐batch loss: 0.4091, AUC: 0.9660
Epoch 76 – last‐batch loss: 0.4113, AUC: 0.9644
Epoch 77 – last‐batch loss: 0.4318, AUC: 0.9606
Epoch 78 – last‐batch loss: 0.3954, AUC: 0.9688
Epoch 79 – last‐batch loss: 0.4037, AUC: 0.9663
Epoch 80 – last‐batch loss: 0.4201, AUC: 0.9628
Evaluating...
........................................................................................................................
epoch:80, time: 614.698626(s), valid (NDCG@10: 0.5964, Recall@10: 0.8343, NDCG@20: 0.6157, Recall@20: 0.9108), test (NDCG@10: 0.5756, Recall@10: 0.8113, NDCG@20: 0.5956, Recall@20: 0.8901)
Epoch 81 – last‐batch loss: 0.3819, AUC: 0.9702
Epoch 82 – last‐batch loss: 0.3771, AUC: 0.9702
Epoch 83 – last‐batch loss: 0.4372, AUC: 0.9622
Epoch 84 – last‐batch loss: 0.3781, AUC: 0.9705
Epoch 85 – last‐batch loss: 0.3890, AUC: 0.9687
Epoch 86 – last‐batch loss: 0.4324, AUC: 0.9637
Epoch 87 – last‐batch loss: 0.3819, AUC: 0.9706
Epoch 88 – last‐batch loss: 0.3776, AUC: 0.9728
Epoch 89 – last‐batch loss: 0.4321, AUC: 0.9634
Epoch 90 – last‐batch loss: 0.3817, AUC: 0.9687
Epoch 91 – last‐batch loss: 0.3767, AUC: 0.9725
Epoch 92 – last‐batch loss: 0.3978, AUC: 0.9678
Epoch 93 – last‐batch loss: 0.3858, AUC: 0.9673
Epoch 94 – last‐batch loss: 0.3933, AUC: 0.9702
Epoch 95 – last‐batch loss: 0.4070, AUC: 0.9672
Epoch 96 – last‐batch loss: 0.3963, AUC: 0.9676
Epoch 97 – last‐batch loss: 0.4088, AUC: 0.9635
Epoch 98 – last‐batch loss: 0.4078, AUC: 0.9672
Epoch 99 – last‐batch loss: 0.3874, AUC: 0.9681
Epoch 100 – last‐batch loss: 0.4228, AUC: 0.9619
Evaluating...
........................................................................................................................
epoch:100, time: 962.473835(s), valid (NDCG@10: 0.6012, Recall@10: 0.8328, NDCG@20: 0.6211, Recall@20: 0.9108), test (NDCG@10: 0.5768, Recall@10: 0.8149, NDCG@20: 0.5967, Recall@20: 0.8932)
Epoch 101 – last‐batch loss: 0.4278, AUC: 0.9604
Epoch 102 – last‐batch loss: 0.3866, AUC: 0.9671
Epoch 103 – last‐batch loss: 0.4229, AUC: 0.9649
Epoch 104 – last‐batch loss: 0.4043, AUC: 0.9659
Epoch 105 – last‐batch loss: 0.3771, AUC: 0.9694
Epoch 106 – last‐batch loss: 0.4232, AUC: 0.9645
Epoch 107 – last‐batch loss: 0.3968, AUC: 0.9662
Epoch 108 – last‐batch loss: 0.3684, AUC: 0.9712
Epoch 109 – last‐batch loss: 0.3966, AUC: 0.9668
Epoch 110 – last‐batch loss: 0.4002, AUC: 0.9676
Epoch 111 – last‐batch loss: 0.3819, AUC: 0.9677
Epoch 112 – last‐batch loss: 0.3884, AUC: 0.9702
Epoch 113 – last‐batch loss: 0.4051, AUC: 0.9640
Epoch 114 – last‐batch loss: 0.3843, AUC: 0.9690
Epoch 115 – last‐batch loss: 0.4044, AUC: 0.9667
Epoch 116 – last‐batch loss: 0.3722, AUC: 0.9721
Epoch 117 – last‐batch loss: 0.3720, AUC: 0.9692
Epoch 118 – last‐batch loss: 0.3788, AUC: 0.9694
Epoch 119 – last‐batch loss: 0.3760, AUC: 0.9703
Epoch 120 – last‐batch loss: 0.3899, AUC: 0.9697
Evaluating...
........................................................................................................................
epoch:120, time: 1387.962628(s), valid (NDCG@10: 0.5992, Recall@10: 0.8328, NDCG@20: 0.6188, Recall@20: 0.9101), test (NDCG@10: 0.5773, Recall@10: 0.8086, NDCG@20: 0.5980, Recall@20: 0.8906)
Epoch 121 – last‐batch loss: 0.3797, AUC: 0.9703
Epoch 122 – last‐batch loss: 0.3691, AUC: 0.9696
Epoch 123 – last‐batch loss: 0.3972, AUC: 0.9705
Epoch 124 – last‐batch loss: 0.3832, AUC: 0.9691
Epoch 125 – last‐batch loss: 0.3682, AUC: 0.9728
Epoch 126 – last‐batch loss: 0.3830, AUC: 0.9698
Epoch 127 – last‐batch loss: 0.3859, AUC: 0.9703
Epoch 128 – last‐batch loss: 0.3763, AUC: 0.9717
Epoch 129 – last‐batch loss: 0.3724, AUC: 0.9707
Epoch 130 – last‐batch loss: 0.3761, AUC: 0.9715
Epoch 131 – last‐batch loss: 0.3706, AUC: 0.9717
Epoch 132 – last‐batch loss: 0.3791, AUC: 0.9695
Epoch 133 – last‐batch loss: 0.3736, AUC: 0.9722
Epoch 134 – last‐batch loss: 0.3817, AUC: 0.9695
Epoch 135 – last‐batch loss: 0.3694, AUC: 0.9721
Epoch 136 – last‐batch loss: 0.3685, AUC: 0.9733
Epoch 137 – last‐batch loss: 0.3768, AUC: 0.9708
Epoch 138 – last‐batch loss: 0.3620, AUC: 0.9736
Epoch 139 – last‐batch loss: 0.3879, AUC: 0.9668
Epoch 140 – last‐batch loss: 0.3887, AUC: 0.9698
Evaluating...
........................................................................................................................
epoch:140, time: 1891.090485(s), valid (NDCG@10: 0.6017, Recall@10: 0.8359, NDCG@20: 0.6204, Recall@20: 0.9094), test (NDCG@10: 0.5753, Recall@10: 0.8084, NDCG@20: 0.5966, Recall@20: 0.8922)
  --> No improvement. Patience: 1/8
Epoch 141 – last‐batch loss: 0.3663, AUC: 0.9706
Epoch 142 – last‐batch loss: 0.3722, AUC: 0.9720
Epoch 143 – last‐batch loss: 0.3757, AUC: 0.9706
Epoch 144 – last‐batch loss: 0.3722, AUC: 0.9703
Epoch 145 – last‐batch loss: 0.3907, AUC: 0.9672
Epoch 146 – last‐batch loss: 0.3760, AUC: 0.9688
Epoch 147 – last‐batch loss: 0.3661, AUC: 0.9715
Epoch 148 – last‐batch loss: 0.3982, AUC: 0.9676
Epoch 149 – last‐batch loss: 0.3637, AUC: 0.9734
Epoch 150 – last‐batch loss: 0.3852, AUC: 0.9692
Epoch 151 – last‐batch loss: 0.3908, AUC: 0.9671
Epoch 152 – last‐batch loss: 0.3786, AUC: 0.9701
Epoch 153 – last‐batch loss: 0.3701, AUC: 0.9718
Epoch 154 – last‐batch loss: 0.3890, AUC: 0.9650
Epoch 155 – last‐batch loss: 0.3761, AUC: 0.9692
Epoch 156 – last‐batch loss: 0.3806, AUC: 0.9691
Epoch 157 – last‐batch loss: 0.3710, AUC: 0.9692
Epoch 158 – last‐batch loss: 0.3872, AUC: 0.9686
Epoch 159 – last‐batch loss: 0.3965, AUC: 0.9686
Epoch 160 – last‐batch loss: 0.3485, AUC: 0.9739
Evaluating...
........................................................................................................................
epoch:160, time: 2471.608809(s), valid (NDCG@10: 0.6028, Recall@10: 0.8341, NDCG@20: 0.6224, Recall@20: 0.9108), test (NDCG@10: 0.5744, Recall@10: 0.8083, NDCG@20: 0.5958, Recall@20: 0.8924)
  --> No improvement. Patience: 1/8
Epoch 161 – last‐batch loss: 0.3816, AUC: 0.9689
Epoch 162 – last‐batch loss: 0.3847, AUC: 0.9702
Epoch 163 – last‐batch loss: 0.3553, AUC: 0.9720
Epoch 164 – last‐batch loss: 0.3921, AUC: 0.9674
Epoch 165 – last‐batch loss: 0.3881, AUC: 0.9672
Epoch 166 – last‐batch loss: 0.3592, AUC: 0.9723
Epoch 167 – last‐batch loss: 0.3657, AUC: 0.9697
Epoch 168 – last‐batch loss: 0.3983, AUC: 0.9661
Epoch 169 – last‐batch loss: 0.3934, AUC: 0.9657
Epoch 170 – last‐batch loss: 0.3880, AUC: 0.9669
Epoch 171 – last‐batch loss: 0.3707, AUC: 0.9677
Epoch 172 – last‐batch loss: 0.3790, AUC: 0.9699
Epoch 173 – last‐batch loss: 0.3802, AUC: 0.9671
Epoch 174 – last‐batch loss: 0.3763, AUC: 0.9687
Epoch 175 – last‐batch loss: 0.3801, AUC: 0.9685
Epoch 176 – last‐batch loss: 0.3875, AUC: 0.9693
Epoch 177 – last‐batch loss: 0.3694, AUC: 0.9696
Epoch 178 – last‐batch loss: 0.3979, AUC: 0.9684
Epoch 179 – last‐batch loss: 0.4060, AUC: 0.9639
Epoch 180 – last‐batch loss: 0.3682, AUC: 0.9702
Evaluating...
........................................................................................................................
epoch:180, time: 3129.625622(s), valid (NDCG@10: 0.5995, Recall@10: 0.8349, NDCG@20: 0.6190, Recall@20: 0.9113), test (NDCG@10: 0.5778, Recall@10: 0.8111, NDCG@20: 0.5986, Recall@20: 0.8932)
Epoch 181 – last‐batch loss: 0.3927, AUC: 0.9688
Epoch 182 – last‐batch loss: 0.4069, AUC: 0.9628
Epoch 183 – last‐batch loss: 0.3639, AUC: 0.9729
Epoch 184 – last‐batch loss: 0.3714, AUC: 0.9706
Epoch 185 – last‐batch loss: 0.3887, AUC: 0.9673
Epoch 186 – last‐batch loss: 0.3755, AUC: 0.9720
Epoch 187 – last‐batch loss: 0.3547, AUC: 0.9718
Epoch 188 – last‐batch loss: 0.3937, AUC: 0.9660
Epoch 189 – last‐batch loss: 0.3557, AUC: 0.9711
Epoch 190 – last‐batch loss: 0.3659, AUC: 0.9696
Epoch 191 – last‐batch loss: 0.3981, AUC: 0.9663
Epoch 192 – last‐batch loss: 0.3684, AUC: 0.9717
Epoch 193 – last‐batch loss: 0.3798, AUC: 0.9682
Epoch 194 – last‐batch loss: 0.3624, AUC: 0.9728
Epoch 195 – last‐batch loss: 0.3586, AUC: 0.9743
Epoch 196 – last‐batch loss: 0.3874, AUC: 0.9659
Epoch 197 – last‐batch loss: 0.3729, AUC: 0.9732
Epoch 198 – last‐batch loss: 0.3547, AUC: 0.9733
Epoch 199 – last‐batch loss: 0.3595, AUC: 0.9707
Epoch 200 – last‐batch loss: 0.3676, AUC: 0.9722
Evaluating...
........................................................................................................................
epoch:200, time: 3865.178800(s), valid (NDCG@10: 0.6049, Recall@10: 0.8339, NDCG@20: 0.6236, Recall@20: 0.9070), test (NDCG@10: 0.5817, Recall@10: 0.8118, NDCG@20: 0.6026, Recall@20: 0.8940)
Test‐driven best at epoch 200: NDCG@10=0.5817, Recall@10=0.8118, NDCG@20=0.6026, Recall@20=0.8940
Total time used: 13 minutes 0.17 seconds
Training time: 5 minutes 31.69 seconds (avg: 1.66 seconds per epoch)
Testing time: 7 minutes 28.48 seconds (avg: 2.24 seconds per epoch)
Average Train Time per Epoch: 1.66 seconds
Average Test Time per Epoch: 2.24 seconds

--- Memory Usage Summary ---
Peak GPU Memory Usage: 4.74 GB
CPU Memory Usage: 1.77 GB
