Dataset = ml-1m
  # users         = 6040
  # items         = 3416
  # interactions  = 999611
  # Sequence length = 20
  # Average sequence length = 163.50
Epoch 1 – last‐batch loss: 1.0302, AUC: 0.8556
Epoch 2 – last‐batch loss: 0.9646, AUC: 0.8441
Epoch 3 – last‐batch loss: 0.9128, AUC: 0.8669
Epoch 4 – last‐batch loss: 0.9311, AUC: 0.8512
Epoch 5 – last‐batch loss: 0.9058, AUC: 0.8602
Epoch 6 – last‐batch loss: 0.8668, AUC: 0.8881
Epoch 7 – last‐batch loss: 0.8109, AUC: 0.8993
Epoch 8 – last‐batch loss: 0.7904, AUC: 0.9070
Epoch 9 – last‐batch loss: 0.7395, AUC: 0.9057
Epoch 10 – last‐batch loss: 0.6931, AUC: 0.9221
Epoch 11 – last‐batch loss: 0.7046, AUC: 0.9166
Epoch 12 – last‐batch loss: 0.6821, AUC: 0.9273
Epoch 13 – last‐batch loss: 0.6487, AUC: 0.9264
Epoch 14 – last‐batch loss: 0.7057, AUC: 0.9236
Epoch 15 – last‐batch loss: 0.6057, AUC: 0.9417
Epoch 16 – last‐batch loss: 0.6096, AUC: 0.9507
Epoch 17 – last‐batch loss: 0.6177, AUC: 0.9460
Epoch 18 – last‐batch loss: 0.5355, AUC: 0.9461
Epoch 19 – last‐batch loss: 0.5844, AUC: 0.9457
Epoch 20 – last‐batch loss: 0.5605, AUC: 0.9443
Evaluating...
........................................................................................................................
epoch:20, time: 17.006952(s), valid (NDCG@10: 0.4937, Recall@10: 0.7561, NDCG@20: 0.5220, Recall@20: 0.8674), test (NDCG@10: 0.4689, Recall@10: 0.7280, NDCG@20: 0.4981, Recall@20: 0.8425)
Epoch 21 – last‐batch loss: 0.5451, AUC: 0.9518
Epoch 22 – last‐batch loss: 0.5351, AUC: 0.9535
Epoch 23 – last‐batch loss: 0.5470, AUC: 0.9498
Epoch 24 – last‐batch loss: 0.5371, AUC: 0.9491
Epoch 25 – last‐batch loss: 0.5558, AUC: 0.9460
Epoch 26 – last‐batch loss: 0.5514, AUC: 0.9502
Epoch 27 – last‐batch loss: 0.5495, AUC: 0.9483
Epoch 28 – last‐batch loss: 0.4838, AUC: 0.9573
Epoch 29 – last‐batch loss: 0.5350, AUC: 0.9486
Epoch 30 – last‐batch loss: 0.4986, AUC: 0.9577
Epoch 31 – last‐batch loss: 0.5120, AUC: 0.9534
Epoch 32 – last‐batch loss: 0.5392, AUC: 0.9459
Epoch 33 – last‐batch loss: 0.5343, AUC: 0.9526
Epoch 34 – last‐batch loss: 0.5798, AUC: 0.9388
Epoch 35 – last‐batch loss: 0.5243, AUC: 0.9534
Epoch 36 – last‐batch loss: 0.4937, AUC: 0.9608
Epoch 37 – last‐batch loss: 0.5032, AUC: 0.9569
Epoch 38 – last‐batch loss: 0.5049, AUC: 0.9596
Epoch 39 – last‐batch loss: 0.5262, AUC: 0.9553
Epoch 40 – last‐batch loss: 0.4950, AUC: 0.9573
Evaluating...
........................................................................................................................
epoch:40, time: 94.861500(s), valid (NDCG@10: 0.5441, Recall@10: 0.7944, NDCG@20: 0.5670, Recall@20: 0.8846), test (NDCG@10: 0.5244, Recall@10: 0.7719, NDCG@20: 0.5485, Recall@20: 0.8669)
Epoch 41 – last‐batch loss: 0.4650, AUC: 0.9644
Epoch 42 – last‐batch loss: 0.4963, AUC: 0.9545
Epoch 43 – last‐batch loss: 0.4901, AUC: 0.9601
Epoch 44 – last‐batch loss: 0.4780, AUC: 0.9592
Epoch 45 – last‐batch loss: 0.4565, AUC: 0.9643
Epoch 46 – last‐batch loss: 0.5369, AUC: 0.9479
Epoch 47 – last‐batch loss: 0.4817, AUC: 0.9573
Epoch 48 – last‐batch loss: 0.4746, AUC: 0.9651
Epoch 49 – last‐batch loss: 0.4897, AUC: 0.9557
Epoch 50 – last‐batch loss: 0.4808, AUC: 0.9593
Epoch 51 – last‐batch loss: 0.5113, AUC: 0.9542
Epoch 52 – last‐batch loss: 0.4799, AUC: 0.9561
Epoch 53 – last‐batch loss: 0.4464, AUC: 0.9679
Epoch 54 – last‐batch loss: 0.4732, AUC: 0.9628
Epoch 55 – last‐batch loss: 0.4678, AUC: 0.9624
Epoch 56 – last‐batch loss: 0.4792, AUC: 0.9597
Epoch 57 – last‐batch loss: 0.4669, AUC: 0.9597
Epoch 58 – last‐batch loss: 0.4792, AUC: 0.9577
Epoch 59 – last‐batch loss: 0.4992, AUC: 0.9578
Epoch 60 – last‐batch loss: 0.4862, AUC: 0.9534
Evaluating...
........................................................................................................................
epoch:60, time: 233.134981(s), valid (NDCG@10: 0.5685, Recall@10: 0.8076, NDCG@20: 0.5905, Recall@20: 0.8945), test (NDCG@10: 0.5417, Recall@10: 0.7848, NDCG@20: 0.5631, Recall@20: 0.8692)
Epoch 61 – last‐batch loss: 0.4460, AUC: 0.9636
Epoch 62 – last‐batch loss: 0.4720, AUC: 0.9589
Epoch 63 – last‐batch loss: 0.4606, AUC: 0.9639
Epoch 64 – last‐batch loss: 0.4826, AUC: 0.9561
Epoch 65 – last‐batch loss: 0.4661, AUC: 0.9613
Epoch 66 – last‐batch loss: 0.4276, AUC: 0.9655
Epoch 67 – last‐batch loss: 0.4817, AUC: 0.9604
Epoch 68 – last‐batch loss: 0.4321, AUC: 0.9667
Epoch 69 – last‐batch loss: 0.4495, AUC: 0.9663
Epoch 70 – last‐batch loss: 0.4487, AUC: 0.9612
Epoch 71 – last‐batch loss: 0.4314, AUC: 0.9703
Epoch 72 – last‐batch loss: 0.4337, AUC: 0.9623
Epoch 73 – last‐batch loss: 0.4495, AUC: 0.9542
Epoch 74 – last‐batch loss: 0.4554, AUC: 0.9617
Epoch 75 – last‐batch loss: 0.4232, AUC: 0.9659
Epoch 76 – last‐batch loss: 0.4330, AUC: 0.9734
Epoch 77 – last‐batch loss: 0.4249, AUC: 0.9613
Epoch 78 – last‐batch loss: 0.4663, AUC: 0.9619
Epoch 79 – last‐batch loss: 0.4447, AUC: 0.9719
Epoch 80 – last‐batch loss: 0.4356, AUC: 0.9585
Evaluating...
........................................................................................................................
epoch:80, time: 432.068372(s), valid (NDCG@10: 0.5754, Recall@10: 0.8056, NDCG@20: 0.5977, Recall@20: 0.8935), test (NDCG@10: 0.5477, Recall@10: 0.7871, NDCG@20: 0.5698, Recall@20: 0.8747)
Epoch 81 – last‐batch loss: 0.4523, AUC: 0.9596
Epoch 82 – last‐batch loss: 0.4532, AUC: 0.9652
Epoch 83 – last‐batch loss: 0.4232, AUC: 0.9691
Epoch 84 – last‐batch loss: 0.4375, AUC: 0.9639
Epoch 85 – last‐batch loss: 0.4446, AUC: 0.9597
Epoch 86 – last‐batch loss: 0.4471, AUC: 0.9640
Epoch 87 – last‐batch loss: 0.4048, AUC: 0.9667
Epoch 88 – last‐batch loss: 0.3979, AUC: 0.9707
Epoch 89 – last‐batch loss: 0.4089, AUC: 0.9660
Epoch 90 – last‐batch loss: 0.3972, AUC: 0.9670
Epoch 91 – last‐batch loss: 0.4582, AUC: 0.9621
Epoch 92 – last‐batch loss: 0.4217, AUC: 0.9648
Epoch 93 – last‐batch loss: 0.4507, AUC: 0.9608
Epoch 94 – last‐batch loss: 0.4223, AUC: 0.9603
Epoch 95 – last‐batch loss: 0.4189, AUC: 0.9710
Epoch 96 – last‐batch loss: 0.4330, AUC: 0.9604
Epoch 97 – last‐batch loss: 0.3965, AUC: 0.9656
Epoch 98 – last‐batch loss: 0.4339, AUC: 0.9660
Epoch 99 – last‐batch loss: 0.4154, AUC: 0.9648
Epoch 100 – last‐batch loss: 0.4103, AUC: 0.9663
Evaluating...
........................................................................................................................
epoch:100, time: 691.495726(s), valid (NDCG@10: 0.5856, Recall@10: 0.8136, NDCG@20: 0.6075, Recall@20: 0.8998), test (NDCG@10: 0.5568, Recall@10: 0.7896, NDCG@20: 0.5792, Recall@20: 0.8775)
Epoch 101 – last‐batch loss: 0.4494, AUC: 0.9640
Epoch 102 – last‐batch loss: 0.4135, AUC: 0.9695
Epoch 103 – last‐batch loss: 0.3963, AUC: 0.9655
Epoch 104 – last‐batch loss: 0.4125, AUC: 0.9691
Epoch 105 – last‐batch loss: 0.4290, AUC: 0.9628
Epoch 106 – last‐batch loss: 0.3853, AUC: 0.9702
Epoch 107 – last‐batch loss: 0.4423, AUC: 0.9617
Epoch 108 – last‐batch loss: 0.4279, AUC: 0.9601
Epoch 109 – last‐batch loss: 0.4070, AUC: 0.9670
Epoch 110 – last‐batch loss: 0.4095, AUC: 0.9648
Epoch 111 – last‐batch loss: 0.4421, AUC: 0.9589
Epoch 112 – last‐batch loss: 0.4256, AUC: 0.9682
Epoch 113 – last‐batch loss: 0.4418, AUC: 0.9582
Epoch 114 – last‐batch loss: 0.4104, AUC: 0.9699
Epoch 115 – last‐batch loss: 0.4200, AUC: 0.9707
Epoch 116 – last‐batch loss: 0.4264, AUC: 0.9694
Epoch 117 – last‐batch loss: 0.4242, AUC: 0.9632
Epoch 118 – last‐batch loss: 0.4180, AUC: 0.9655
Epoch 119 – last‐batch loss: 0.4088, AUC: 0.9679
Epoch 120 – last‐batch loss: 0.4151, AUC: 0.9703
Evaluating...
........................................................................................................................
epoch:120, time: 1011.950626(s), valid (NDCG@10: 0.5853, Recall@10: 0.8167, NDCG@20: 0.6053, Recall@20: 0.8955), test (NDCG@10: 0.5578, Recall@10: 0.7873, NDCG@20: 0.5804, Recall@20: 0.8762)
Epoch 121 – last‐batch loss: 0.4229, AUC: 0.9608
Epoch 122 – last‐batch loss: 0.4001, AUC: 0.9675
Epoch 123 – last‐batch loss: 0.4422, AUC: 0.9628
Epoch 124 – last‐batch loss: 0.4184, AUC: 0.9687
Epoch 125 – last‐batch loss: 0.4029, AUC: 0.9663
Epoch 126 – last‐batch loss: 0.3858, AUC: 0.9714
Epoch 127 – last‐batch loss: 0.4157, AUC: 0.9671
Epoch 128 – last‐batch loss: 0.3839, AUC: 0.9702
Epoch 129 – last‐batch loss: 0.3976, AUC: 0.9667
Epoch 130 – last‐batch loss: 0.4209, AUC: 0.9666
Epoch 131 – last‐batch loss: 0.4236, AUC: 0.9655
Epoch 132 – last‐batch loss: 0.4060, AUC: 0.9640
Epoch 133 – last‐batch loss: 0.3940, AUC: 0.9698
Epoch 134 – last‐batch loss: 0.4836, AUC: 0.9597
Epoch 135 – last‐batch loss: 0.4178, AUC: 0.9656
Epoch 136 – last‐batch loss: 0.4075, AUC: 0.9655
Epoch 137 – last‐batch loss: 0.4491, AUC: 0.9557
Epoch 138 – last‐batch loss: 0.3754, AUC: 0.9722
Epoch 139 – last‐batch loss: 0.4080, AUC: 0.9678
Epoch 140 – last‐batch loss: 0.4290, AUC: 0.9584
Evaluating...
........................................................................................................................
epoch:140, time: 1392.662181(s), valid (NDCG@10: 0.5853, Recall@10: 0.8179, NDCG@20: 0.6044, Recall@20: 0.8929), test (NDCG@10: 0.5571, Recall@10: 0.7896, NDCG@20: 0.5787, Recall@20: 0.8742)
  --> No improvement. Patience: 1/8
Epoch 141 – last‐batch loss: 0.3900, AUC: 0.9715
Epoch 142 – last‐batch loss: 0.3792, AUC: 0.9722
Epoch 143 – last‐batch loss: 0.4069, AUC: 0.9655
Epoch 144 – last‐batch loss: 0.3989, AUC: 0.9742
Epoch 145 – last‐batch loss: 0.4616, AUC: 0.9576
Epoch 146 – last‐batch loss: 0.3951, AUC: 0.9664
Epoch 147 – last‐batch loss: 0.3848, AUC: 0.9718
Epoch 148 – last‐batch loss: 0.3924, AUC: 0.9698
Epoch 149 – last‐batch loss: 0.4410, AUC: 0.9647
Epoch 150 – last‐batch loss: 0.4291, AUC: 0.9601
Epoch 151 – last‐batch loss: 0.4177, AUC: 0.9690
Epoch 152 – last‐batch loss: 0.3945, AUC: 0.9741
Epoch 153 – last‐batch loss: 0.3782, AUC: 0.9687
Epoch 154 – last‐batch loss: 0.4174, AUC: 0.9628
Epoch 155 – last‐batch loss: 0.4188, AUC: 0.9616
Epoch 156 – last‐batch loss: 0.4419, AUC: 0.9597
Epoch 157 – last‐batch loss: 0.3870, AUC: 0.9718
Epoch 158 – last‐batch loss: 0.4483, AUC: 0.9627
Epoch 159 – last‐batch loss: 0.4259, AUC: 0.9648
Epoch 160 – last‐batch loss: 0.3779, AUC: 0.9718
Evaluating...
........................................................................................................................
epoch:160, time: 1834.137580(s), valid (NDCG@10: 0.5929, Recall@10: 0.8200, NDCG@20: 0.6116, Recall@20: 0.8937), test (NDCG@10: 0.5562, Recall@10: 0.7896, NDCG@20: 0.5786, Recall@20: 0.8775)
  --> No improvement. Patience: 1/8
Epoch 161 – last‐batch loss: 0.4439, AUC: 0.9619
Epoch 162 – last‐batch loss: 0.4249, AUC: 0.9628
Epoch 163 – last‐batch loss: 0.3861, AUC: 0.9711
Epoch 164 – last‐batch loss: 0.4044, AUC: 0.9667
Epoch 165 – last‐batch loss: 0.4106, AUC: 0.9664
Epoch 166 – last‐batch loss: 0.4115, AUC: 0.9695
Epoch 167 – last‐batch loss: 0.4151, AUC: 0.9620
Epoch 168 – last‐batch loss: 0.4124, AUC: 0.9676
Epoch 169 – last‐batch loss: 0.3842, AUC: 0.9722
Epoch 170 – last‐batch loss: 0.3928, AUC: 0.9710
Epoch 171 – last‐batch loss: 0.3887, AUC: 0.9664
Epoch 172 – last‐batch loss: 0.4165, AUC: 0.9675
Epoch 173 – last‐batch loss: 0.4109, AUC: 0.9690
Epoch 174 – last‐batch loss: 0.3865, AUC: 0.9761
Epoch 175 – last‐batch loss: 0.4024, AUC: 0.9644
Epoch 176 – last‐batch loss: 0.4656, AUC: 0.9530
Epoch 177 – last‐batch loss: 0.3758, AUC: 0.9781
Epoch 178 – last‐batch loss: 0.3685, AUC: 0.9769
Epoch 179 – last‐batch loss: 0.4527, AUC: 0.9554
Epoch 180 – last‐batch loss: 0.3662, AUC: 0.9737
Evaluating...
........................................................................................................................
epoch:180, time: 2336.002078(s), valid (NDCG@10: 0.5934, Recall@10: 0.8230, NDCG@20: 0.6123, Recall@20: 0.8972), test (NDCG@10: 0.5575, Recall@10: 0.7899, NDCG@20: 0.5807, Recall@20: 0.8810)
Epoch 181 – last‐batch loss: 0.4002, AUC: 0.9664
Epoch 182 – last‐batch loss: 0.4490, AUC: 0.9616
Epoch 183 – last‐batch loss: 0.3757, AUC: 0.9753
Epoch 184 – last‐batch loss: 0.4240, AUC: 0.9602
Epoch 185 – last‐batch loss: 0.4071, AUC: 0.9632
Epoch 186 – last‐batch loss: 0.3756, AUC: 0.9706
Epoch 187 – last‐batch loss: 0.3616, AUC: 0.9765
Epoch 188 – last‐batch loss: 0.4000, AUC: 0.9683
Epoch 189 – last‐batch loss: 0.4124, AUC: 0.9612
Epoch 190 – last‐batch loss: 0.4042, AUC: 0.9691
Epoch 191 – last‐batch loss: 0.3619, AUC: 0.9721
Epoch 192 – last‐batch loss: 0.3724, AUC: 0.9757
Epoch 193 – last‐batch loss: 0.3896, AUC: 0.9710
Epoch 194 – last‐batch loss: 0.3877, AUC: 0.9714
Epoch 195 – last‐batch loss: 0.4176, AUC: 0.9639
Epoch 196 – last‐batch loss: 0.4402, AUC: 0.9628
Epoch 197 – last‐batch loss: 0.3881, AUC: 0.9679
Epoch 198 – last‐batch loss: 0.3859, AUC: 0.9722
Epoch 199 – last‐batch loss: 0.4179, AUC: 0.9652
Epoch 200 – last‐batch loss: 0.4041, AUC: 0.9617
Evaluating...
........................................................................................................................
epoch:200, time: 2898.744618(s), valid (NDCG@10: 0.5894, Recall@10: 0.8175, NDCG@20: 0.6105, Recall@20: 0.9003), test (NDCG@10: 0.5705, Recall@10: 0.7947, NDCG@20: 0.5926, Recall@20: 0.8818)
Test‐driven best at epoch 200: NDCG@10=0.5705, Recall@10=0.7947, NDCG@20=0.5926, Recall@20=0.8818
Total time used is 00:10:09
Total Train Time is : 00:02:15
Total Test Time:  00:07:54
Average Train Time per Epoch: 0.68 seconds
Average Test Time per Epoch: 2.37 seconds

--- Memory Usage Summary ---
Peak GPU Memory Usage: 0.13 GB
CPU Memory Usage: 1.60 GB
