Evaluating...
........................................................................................................................
epoch:20, time: 503.151713(s), valid (NDCG@10: 0.5562, Recall@10: 0.8124, NDCG@20: 0.5788, Recall@20: 0.9013), test (NDCG@10: 0.0793, Recall@10: 0.1695, NDCG@20: 0.1056, Recall@20: 0.2743)
Evaluating...
........................................................................................................................
epoch:40, time: 1552.339848(s), valid (NDCG@10: 0.5966, Recall@10: 0.8363, NDCG@20: 0.6167, Recall@20: 0.9154), test (NDCG@10: 0.0931, Recall@10: 0.2038, NDCG@20: 0.1208, Recall@20: 0.3137)
Evaluating...
........................................................................................................................
epoch:60, time: 3149.145975(s), valid (NDCG@10: 0.6062, Recall@10: 0.8427, NDCG@20: 0.6248, Recall@20: 0.9152), test (NDCG@10: 0.0951, Recall@10: 0.2068, NDCG@20: 0.1257, Recall@20: 0.3283)
Evaluating...
........................................................................................................................
epoch:80, time: 5290.687404(s), valid (NDCG@10: 0.6129, Recall@10: 0.8442, NDCG@20: 0.6318, Recall@20: 0.9182), test (NDCG@10: 0.1001, Recall@10: 0.2172, NDCG@20: 0.1292, Recall@20: 0.3328)
Evaluating...
........................................................................................................................
epoch:100, time: 7977.757187(s), valid (NDCG@10: 0.6130, Recall@10: 0.8450, NDCG@20: 0.6314, Recall@20: 0.9174), test (NDCG@10: 0.1014, Recall@10: 0.2204, NDCG@20: 0.1319, Recall@20: 0.3416)
Evaluating...
........................................................................................................................
epoch:120, time: 11210.307834(s), valid (NDCG@10: 0.6129, Recall@10: 0.8399, NDCG@20: 0.6333, Recall@20: 0.9199), test (NDCG@10: 0.1028, Recall@10: 0.2250, NDCG@20: 0.1319, Recall@20: 0.3406)
Evaluating...
........................................................................................................................
epoch:140, time: 14988.334700(s), valid (NDCG@10: 0.6157, Recall@10: 0.8437, NDCG@20: 0.6354, Recall@20: 0.9210), test (NDCG@10: 0.1036, Recall@10: 0.2288, NDCG@20: 0.1332, Recall@20: 0.3465)
Evaluating...
........................................................................................................................
epoch:160, time: 19229.806382(s), valid (NDCG@10: 0.6164, Recall@10: 0.8459, NDCG@20: 0.6350, Recall@20: 0.9185), test (NDCG@10: 0.1027, Recall@10: 0.2243, NDCG@20: 0.1334, Recall@20: 0.3467)
Evaluating...
........................................................................................................................
epoch:180, time: 23932.672806(s), valid (NDCG@10: 0.6159, Recall@10: 0.8497, NDCG@20: 0.6336, Recall@20: 0.9190), test (NDCG@10: 0.1049, Recall@10: 0.2303, NDCG@20: 0.1346, Recall@20: 0.3478)
Evaluating...
........................................................................................................................
epoch:200, time: 29097.067539(s), valid (NDCG@10: 0.6201, Recall@10: 0.8480, NDCG@20: 0.6379, Recall@20: 0.9180), test (NDCG@10: 0.1056, Recall@10: 0.2301, NDCG@20: 0.1346, Recall@20: 0.3447)
Evaluating...
........................................................................................................................
epoch:220, time: 34722.972372(s), valid (NDCG@10: 0.6183, Recall@10: 0.8427, NDCG@20: 0.6371, Recall@20: 0.9164), test (NDCG@10: 0.1066, Recall@10: 0.2346, NDCG@20: 0.1356, Recall@20: 0.3493)
Evaluating...
........................................................................................................................
epoch:240, time: 40810.434726(s), valid (NDCG@10: 0.6166, Recall@10: 0.8437, NDCG@20: 0.6358, Recall@20: 0.9194), test (NDCG@10: 0.1042, Recall@10: 0.2296, NDCG@20: 0.1337, Recall@20: 0.3465)
Evaluating...
........................................................................................................................
epoch:260, time: 47359.155131(s), valid (NDCG@10: 0.6202, Recall@10: 0.8474, NDCG@20: 0.6379, Recall@20: 0.9171), test (NDCG@10: 0.1047, Recall@10: 0.2290, NDCG@20: 0.1355, Recall@20: 0.3513)
Evaluating...
........................................................................................................................
epoch:280, time: 54369.152649(s), valid (NDCG@10: 0.6175, Recall@10: 0.8450, NDCG@20: 0.6359, Recall@20: 0.9171), test (NDCG@10: 0.1036, Recall@10: 0.2288, NDCG@20: 0.1341, Recall@20: 0.3502)
Evaluating...
........................................................................................................................
epoch:300, time: 61840.193691(s), valid (NDCG@10: 0.6195, Recall@10: 0.8421, NDCG@20: 0.6380, Recall@20: 0.9151), test (NDCG@10: 0.1041, Recall@10: 0.2311, NDCG@20: 0.1341, Recall@20: 0.3508)
Evaluating...
........................................................................................................................
epoch:320, time: 69772.312934(s), valid (NDCG@10: 0.6192, Recall@10: 0.8487, NDCG@20: 0.6370, Recall@20: 0.9195), test (NDCG@10: 0.1048, Recall@10: 0.2288, NDCG@20: 0.1356, Recall@20: 0.3510)
Evaluating...
........................................................................................................................
epoch:340, time: 78165.601536(s), valid (NDCG@10: 0.6163, Recall@10: 0.8402, NDCG@20: 0.6359, Recall@20: 0.9172), test (NDCG@10: 0.1060, Recall@10: 0.2323, NDCG@20: 0.1366, Recall@20: 0.3536)
Evaluating...
........................................................................................................................
epoch:360, time: 87020.319858(s), valid (NDCG@10: 0.6181, Recall@10: 0.8427, NDCG@20: 0.6368, Recall@20: 0.9166), test (NDCG@10: 0.1059, Recall@10: 0.2308, NDCG@20: 0.1362, Recall@20: 0.3512)
Evaluating...
........................................................................................................................
epoch:380, time: 96336.050950(s), valid (NDCG@10: 0.6189, Recall@10: 0.8419, NDCG@20: 0.6375, Recall@20: 0.9149), test (NDCG@10: 0.1061, Recall@10: 0.2338, NDCG@20: 0.1365, Recall@20: 0.3551)
Evaluating...
........................................................................................................................
epoch:400, time: 106112.713600(s), valid (NDCG@10: 0.6186, Recall@10: 0.8422, NDCG@20: 0.6378, Recall@20: 0.9179), test (NDCG@10: 0.1067, Recall@10: 0.2318, NDCG@20: 0.1386, Recall@20: 0.3586)
Evaluating...
........................................................................................................................
epoch:420, time: 116350.492928(s), valid (NDCG@10: 0.6191, Recall@10: 0.8447, NDCG@20: 0.6373, Recall@20: 0.9166), test (NDCG@10: 0.1045, Recall@10: 0.2321, NDCG@20: 0.1341, Recall@20: 0.3500)
Evaluating...
........................................................................................................................
epoch:440, time: 127049.220055(s), valid (NDCG@10: 0.6169, Recall@10: 0.8445, NDCG@20: 0.6352, Recall@20: 0.9166), test (NDCG@10: 0.1049, Recall@10: 0.2300, NDCG@20: 0.1351, Recall@20: 0.3500)
Evaluating...
........................................................................................................................
epoch:460, time: 138209.299762(s), valid (NDCG@10: 0.6204, Recall@10: 0.8439, NDCG@20: 0.6383, Recall@20: 0.9139), test (NDCG@10: 0.1031, Recall@10: 0.2275, NDCG@20: 0.1345, Recall@20: 0.3520)
Evaluating...
........................................................................................................................
epoch:480, time: 149830.978994(s), valid (NDCG@10: 0.6168, Recall@10: 0.8407, NDCG@20: 0.6356, Recall@20: 0.9149), test (NDCG@10: 0.1051, Recall@10: 0.2300, NDCG@20: 0.1356, Recall@20: 0.3520)
Evaluating...
........................................................................................................................
epoch:500, time: 161914.058358(s), valid (NDCG@10: 0.6208, Recall@10: 0.8422, NDCG@20: 0.6394, Recall@20: 0.9154), test (NDCG@10: 0.1037, Recall@10: 0.2280, NDCG@20: 0.1341, Recall@20: 0.3490)
Total time used is 03:22:08
Total Train Time is : 03:03:00
Total Test Time:  00:19:08
Average Train Time per Epoch: 21.96 seconds
Average Test Time per Epoch: 2.30 seconds

--- Memory Usage Summary ---
Peak GPU Memory Usage: 5.83 GB
CPU Memory Usage: 3.65 GB
