Processing xlong dataset...
Filtering triplets
Dataset = xlong
  # users         = 69691
  # items         = 2122932
  # interactions  = 66822348
  # Sequence length = 100
  # Average sequence length = 956.84
Epoch 1 – last‐batch loss: 1.2042, AUC: 0.8992
Epoch 2 – last‐batch loss: 1.0772, AUC: 0.9156
Epoch 3 – last‐batch loss: 0.9694, AUC: 0.9227
Epoch 4 – last‐batch loss: 0.9088, AUC: 0.9237
Epoch 5 – last‐batch loss: 0.8539, AUC: 0.9284
Epoch 6 – last‐batch loss: 0.8185, AUC: 0.9295
Epoch 7 – last‐batch loss: 0.7777, AUC: 0.9298
Epoch 8 – last‐batch loss: 0.7413, AUC: 0.9341
Epoch 9 – last‐batch loss: 0.7523, AUC: 0.9275
Epoch 10 – last‐batch loss: 0.7311, AUC: 0.9299
Epoch 11 – last‐batch loss: 0.7058, AUC: 0.9343
Epoch 12 – last‐batch loss: 0.7238, AUC: 0.9255
Epoch 13 – last‐batch loss: 0.6988, AUC: 0.9304
Epoch 14 – last‐batch loss: 0.6861, AUC: 0.9317
Epoch 15 – last‐batch loss: 0.6596, AUC: 0.9362
Epoch 16 – last‐batch loss: 0.6656, AUC: 0.9385
Epoch 17 – last‐batch loss: 0.6464, AUC: 0.9366
Epoch 18 – last‐batch loss: 0.6258, AUC: 0.9426
Epoch 19 – last‐batch loss: 0.6059, AUC: 0.9482
Epoch 20 – last‐batch loss: 0.5981, AUC: 0.9498
Evaluating...
........................................................................................................................................................................................................
epoch:20, time: 676.091547(s), valid (NDCG@10: 0.4397, Recall@10: 0.6759, NDCG@20: 0.4817, Recall@20: 0.8422), test (NDCG@10: 0.0429, Recall@10: 0.0802, NDCG@20: 0.0536, Recall@20: 0.1229)
Epoch 21 – last‐batch loss: 0.5765, AUC: 0.9516
Epoch 22 – last‐batch loss: 0.5655, AUC: 0.9538
Epoch 23 – last‐batch loss: 0.5534, AUC: 0.9541
Epoch 24 – last‐batch loss: 0.5342, AUC: 0.9540
Epoch 25 – last‐batch loss: 0.5095, AUC: 0.9577
Epoch 26 – last‐batch loss: 0.5085, AUC: 0.9577
Epoch 27 – last‐batch loss: 0.5035, AUC: 0.9581
Epoch 28 – last‐batch loss: 0.4872, AUC: 0.9604
Epoch 29 – last‐batch loss: 0.4664, AUC: 0.9618
Epoch 30 – last‐batch loss: 0.4730, AUC: 0.9627
Epoch 31 – last‐batch loss: 0.4421, AUC: 0.9669
Epoch 32 – last‐batch loss: 0.4211, AUC: 0.9676
Epoch 33 – last‐batch loss: 0.4240, AUC: 0.9677
Epoch 34 – last‐batch loss: 0.4089, AUC: 0.9695
Epoch 35 – last‐batch loss: 0.4030, AUC: 0.9704
Epoch 36 – last‐batch loss: 0.3886, AUC: 0.9733
Epoch 37 – last‐batch loss: 0.3727, AUC: 0.9745
Epoch 38 – last‐batch loss: 0.3743, AUC: 0.9738
Epoch 39 – last‐batch loss: 0.3616, AUC: 0.9741
Epoch 40 – last‐batch loss: 0.3460, AUC: 0.9768
Evaluating...
........................................................................................................................................................................................................
epoch:40, time: 2652.193596(s), valid (NDCG@10: 0.5402, Recall@10: 0.8163, NDCG@20: 0.5650, Recall@20: 0.9131), test (NDCG@10: 0.0486, Recall@10: 0.0900, NDCG@20: 0.0591, Recall@20: 0.1316)
Test‐driven best at epoch 40: NDCG@10=0.0486, Recall@10=0.0900, NDCG@20=0.0591, Recall@20=0.1316
Total time used is 00:43:22
Total Train Time is : 00:22:31
Total Test Time:  00:20:50
Average Train Time per Epoch: 33.78 seconds
Average Test Time per Epoch: 31.27 seconds

--- Memory Usage Summary ---
Peak GPU Memory Usage: 2.91 GB
CPU Memory Usage: 6.04 GB
