Processing xlong dataset...
Filtering triplets
Dataset = xlong
  # users         = 69691
  # items         = 2122932
  # interactions  = 66822348
  # Sequence length = 100
  # Average sequence length = 956.84
Epoch 1 – last‐batch loss: 0.8078, AUC: 0.9166
Epoch 2 – last‐batch loss: 0.6630, AUC: 0.9378
Epoch 3 – last‐batch loss: 0.5154, AUC: 0.9584
Epoch 4 – last‐batch loss: 0.3881, AUC: 0.9756
Epoch 5 – last‐batch loss: 0.3221, AUC: 0.9809
Epoch 6 – last‐batch loss: 0.2620, AUC: 0.9877
Epoch 7 – last‐batch loss: 0.2183, AUC: 0.9906
Epoch 8 – last‐batch loss: 0.1670, AUC: 0.9931
Epoch 9 – last‐batch loss: 0.1474, AUC: 0.9954
Epoch 10 – last‐batch loss: 0.1393, AUC: 0.9944
Epoch 11 – last‐batch loss: 0.1126, AUC: 0.9966
Epoch 12 – last‐batch loss: 0.0956, AUC: 0.9974
Epoch 13 – last‐batch loss: 0.0959, AUC: 0.9973
Epoch 14 – last‐batch loss: 0.0834, AUC: 0.9978
Epoch 15 – last‐batch loss: 0.0799, AUC: 0.9980
Epoch 16 – last‐batch loss: 0.0783, AUC: 0.9981
Epoch 17 – last‐batch loss: 0.0807, AUC: 0.9981
Epoch 18 – last‐batch loss: 0.0713, AUC: 0.9984
Epoch 19 – last‐batch loss: 0.0820, AUC: 0.9981
Epoch 20 – last‐batch loss: 0.0740, AUC: 0.9984
Evaluating...
........................................................................................................................................................................................................
epoch:20, time: 682.471495(s), valid (NDCG@10: 0.7752, Recall@10: 0.8730, NDCG@20: 0.7850, Recall@20: 0.9117), test (NDCG@10: 0.1701, Recall@10: 0.2901, NDCG@20: 0.1956, Recall@20: 0.3911)
Epoch 21 – last‐batch loss: 0.0675, AUC: 0.9987
Epoch 22 – last‐batch loss: nan, AUC: nan
Epoch 23 – last‐batch loss: nan, AUC: nan
