Evaluating...
........................................................................................................................
epoch:20, time: 35.546516(s), valid (NDCG@10: 0.5522, Recall@10: 0.8075, NDCG@20: 0.5758, Recall@20: 0.8993), test (NDCG@10: 0.0778, Recall@10: 0.1652, NDCG@20: 0.1039, Recall@20: 0.2694)
Evaluating...
........................................................................................................................
epoch:40, time: 154.034116(s), valid (NDCG@10: 0.5864, Recall@10: 0.8263, NDCG@20: 0.6065, Recall@20: 0.9051), test (NDCG@10: 0.0938, Recall@10: 0.1980, NDCG@20: 0.1227, Recall@20: 0.3127)
Evaluating...
........................................................................................................................
epoch:60, time: 353.133471(s), valid (NDCG@10: 0.5951, Recall@10: 0.8326, NDCG@20: 0.6145, Recall@20: 0.9084), test (NDCG@10: 0.0948, Recall@10: 0.2046, NDCG@20: 0.1230, Recall@20: 0.3172)
Evaluating...
........................................................................................................................
epoch:80, time: 635.406630(s), valid (NDCG@10: 0.6006, Recall@10: 0.8341, NDCG@20: 0.6190, Recall@20: 0.9060), test (NDCG@10: 0.0950, Recall@10: 0.2091, NDCG@20: 0.1252, Recall@20: 0.3293)
Evaluating...
........................................................................................................................
epoch:100, time: 1000.571006(s), valid (NDCG@10: 0.5996, Recall@10: 0.8306, NDCG@20: 0.6203, Recall@20: 0.9114), test (NDCG@10: 0.0956, Recall@10: 0.2091, NDCG@20: 0.1263, Recall@20: 0.3313)
Evaluating...
........................................................................................................................
epoch:120, time: 1448.726256(s), valid (NDCG@10: 0.5997, Recall@10: 0.8353, NDCG@20: 0.6190, Recall@20: 0.9108), test (NDCG@10: 0.0958, Recall@10: 0.2142, NDCG@20: 0.1267, Recall@20: 0.3376)
Evaluating...
........................................................................................................................
epoch:140, time: 1977.659987(s), valid (NDCG@10: 0.6023, Recall@10: 0.8326, NDCG@20: 0.6220, Recall@20: 0.9098), test (NDCG@10: 0.0974, Recall@10: 0.2146, NDCG@20: 0.1277, Recall@20: 0.3353)
Evaluating...
........................................................................................................................
epoch:160, time: 2589.017154(s), valid (NDCG@10: 0.6062, Recall@10: 0.8392, NDCG@20: 0.6245, Recall@20: 0.9111), test (NDCG@10: 0.0975, Recall@10: 0.2190, NDCG@20: 0.1260, Recall@20: 0.3325)
Evaluating...
........................................................................................................................
epoch:180, time: 3283.316014(s), valid (NDCG@10: 0.6025, Recall@10: 0.8353, NDCG@20: 0.6216, Recall@20: 0.9101), test (NDCG@10: 0.0945, Recall@10: 0.2119, NDCG@20: 0.1252, Recall@20: 0.3341)
Evaluating...
........................................................................................................................
epoch:200, time: 4060.617099(s), valid (NDCG@10: 0.5987, Recall@10: 0.8351, NDCG@20: 0.6183, Recall@20: 0.9123), test (NDCG@10: 0.0954, Recall@10: 0.2139, NDCG@20: 0.1245, Recall@20: 0.3300)
Evaluating...
........................................................................................................................
epoch:220, time: 4920.882597(s), valid (NDCG@10: 0.5997, Recall@10: 0.8331, NDCG@20: 0.6198, Recall@20: 0.9124), test (NDCG@10: 0.0955, Recall@10: 0.2129, NDCG@20: 0.1255, Recall@20: 0.3320)
Evaluating...
........................................................................................................................
epoch:240, time: 5864.216247(s), valid (NDCG@10: 0.6049, Recall@10: 0.8334, NDCG@20: 0.6246, Recall@20: 0.9106), test (NDCG@10: 0.0952, Recall@10: 0.2124, NDCG@20: 0.1249, Recall@20: 0.3305)
Evaluating...
........................................................................................................................
epoch:260, time: 6888.214457(s), valid (NDCG@10: 0.5972, Recall@10: 0.8316, NDCG@20: 0.6177, Recall@20: 0.9126), test (NDCG@10: 0.0926, Recall@10: 0.2109, NDCG@20: 0.1224, Recall@20: 0.3295)
Evaluating...
........................................................................................................................
epoch:280, time: 7994.757670(s), valid (NDCG@10: 0.6049, Recall@10: 0.8366, NDCG@20: 0.6230, Recall@20: 0.9079), test (NDCG@10: 0.0945, Recall@10: 0.2111, NDCG@20: 0.1249, Recall@20: 0.3318)
Evaluating...
........................................................................................................................
epoch:300, time: 9183.887406(s), valid (NDCG@10: 0.6039, Recall@10: 0.8323, NDCG@20: 0.6243, Recall@20: 0.9124), test (NDCG@10: 0.0934, Recall@10: 0.2121, NDCG@20: 0.1226, Recall@20: 0.3276)
Evaluating...
........................................................................................................................
epoch:320, time: 10455.489972(s), valid (NDCG@10: 0.6061, Recall@10: 0.8323, NDCG@20: 0.6263, Recall@20: 0.9116), test (NDCG@10: 0.0950, Recall@10: 0.2151, NDCG@20: 0.1235, Recall@20: 0.3286)
Evaluating...
........................................................................................................................
epoch:340, time: 11809.963204(s), valid (NDCG@10: 0.6036, Recall@10: 0.8333, NDCG@20: 0.6235, Recall@20: 0.9113), test (NDCG@10: 0.0952, Recall@10: 0.2141, NDCG@20: 0.1241, Recall@20: 0.3286)
Evaluating...
........................................................................................................................
epoch:360, time: 13247.589382(s), valid (NDCG@10: 0.6004, Recall@10: 0.8320, NDCG@20: 0.6209, Recall@20: 0.9131), test (NDCG@10: 0.0964, Recall@10: 0.2149, NDCG@20: 0.1254, Recall@20: 0.3300)
Evaluating...
........................................................................................................................
epoch:380, time: 14766.033916(s), valid (NDCG@10: 0.5982, Recall@10: 0.8311, NDCG@20: 0.6183, Recall@20: 0.9101), test (NDCG@10: 0.0932, Recall@10: 0.2104, NDCG@20: 0.1228, Recall@20: 0.3280)
Evaluating...
........................................................................................................................
epoch:400, time: 16366.822755(s), valid (NDCG@10: 0.5989, Recall@10: 0.8308, NDCG@20: 0.6193, Recall@20: 0.9111), test (NDCG@10: 0.0922, Recall@10: 0.2073, NDCG@20: 0.1218, Recall@20: 0.3245)
Evaluating...
........................................................................................................................
epoch:420, time: 18050.475215(s), valid (NDCG@10: 0.5957, Recall@10: 0.8303, NDCG@20: 0.6165, Recall@20: 0.9123), test (NDCG@10: 0.0963, Recall@10: 0.2129, NDCG@20: 0.1249, Recall@20: 0.3260)
Evaluating...
........................................................................................................................
epoch:440, time: 19816.737448(s), valid (NDCG@10: 0.5994, Recall@10: 0.8338, NDCG@20: 0.6196, Recall@20: 0.9131), test (NDCG@10: 0.0937, Recall@10: 0.2109, NDCG@20: 0.1240, Recall@20: 0.3313)
Evaluating...
........................................................................................................................
epoch:460, time: 21665.907168(s), valid (NDCG@10: 0.6003, Recall@10: 0.8311, NDCG@20: 0.6210, Recall@20: 0.9124), test (NDCG@10: 0.0928, Recall@10: 0.2053, NDCG@20: 0.1224, Recall@20: 0.3224)
Evaluating...
........................................................................................................................
epoch:480, time: 23597.970963(s), valid (NDCG@10: 0.6007, Recall@10: 0.8281, NDCG@20: 0.6218, Recall@20: 0.9111), test (NDCG@10: 0.0925, Recall@10: 0.2081, NDCG@20: 0.1218, Recall@20: 0.3242)
Evaluating...
........................................................................................................................
epoch:500, time: 25611.019050(s), valid (NDCG@10: 0.5963, Recall@10: 0.8300, NDCG@20: 0.6164, Recall@20: 0.9086), test (NDCG@10: 0.0953, Recall@10: 0.2116, NDCG@20: 0.1228, Recall@20: 0.3209)
Total time used is 00:34:25
Total Train Time is : 00:12:40
Total Test Time:  00:21:44
Average Train Time per Epoch: 1.52 seconds
Average Test Time per Epoch: 2.61 seconds

--- Memory Usage Summary ---
Peak GPU Memory Usage: 0.42 GB
CPU Memory Usage: 1.58 GB
