Evaluating...
........................................................................................................................
epoch:20, time: 83.900174(s), valid (NDCG@10: 0.5539, Recall@10: 0.8056, NDCG@20: 0.5771, Recall@20: 0.8965), test (NDCG@10: 0.0773, Recall@10: 0.1647, NDCG@20: 0.1028, Recall@20: 0.2659)
Evaluating...
........................................................................................................................
epoch:40, time: 299.864856(s), valid (NDCG@10: 0.5898, Recall@10: 0.8310, NDCG@20: 0.6109, Recall@20: 0.9139), test (NDCG@10: 0.0907, Recall@10: 0.1957, NDCG@20: 0.1199, Recall@20: 0.3116)
Evaluating...
........................................................................................................................
epoch:60, time: 646.954274(s), valid (NDCG@10: 0.6009, Recall@10: 0.8389, NDCG@20: 0.6207, Recall@20: 0.9162), test (NDCG@10: 0.0970, Recall@10: 0.2134, NDCG@20: 0.1267, Recall@20: 0.3313)
Evaluating...
........................................................................................................................
epoch:80, time: 1123.916157(s), valid (NDCG@10: 0.6100, Recall@10: 0.8449, NDCG@20: 0.6288, Recall@20: 0.9182), test (NDCG@10: 0.0990, Recall@10: 0.2146, NDCG@20: 0.1289, Recall@20: 0.3336)
Evaluating...
........................................................................................................................
epoch:100, time: 1732.226009(s), valid (NDCG@10: 0.6148, Recall@10: 0.8417, NDCG@20: 0.6334, Recall@20: 0.9146), test (NDCG@10: 0.1014, Recall@10: 0.2187, NDCG@20: 0.1317, Recall@20: 0.3397)
Evaluating...
........................................................................................................................
epoch:120, time: 2471.997082(s), valid (NDCG@10: 0.6121, Recall@10: 0.8401, NDCG@20: 0.6317, Recall@20: 0.9172), test (NDCG@10: 0.1007, Recall@10: 0.2171, NDCG@20: 0.1316, Recall@20: 0.3399)
Evaluating...
........................................................................................................................
epoch:140, time: 3343.201883(s), valid (NDCG@10: 0.6095, Recall@10: 0.8404, NDCG@20: 0.6279, Recall@20: 0.9129), test (NDCG@10: 0.0987, Recall@10: 0.2118, NDCG@20: 0.1293, Recall@20: 0.3336)
Evaluating...
........................................................................................................................
epoch:160, time: 4344.496319(s), valid (NDCG@10: 0.6104, Recall@10: 0.8381, NDCG@20: 0.6300, Recall@20: 0.9147), test (NDCG@10: 0.1002, Recall@10: 0.2171, NDCG@20: 0.1302, Recall@20: 0.3361)
Evaluating...
........................................................................................................................
epoch:180, time: 5477.332525(s), valid (NDCG@10: 0.6160, Recall@10: 0.8429, NDCG@20: 0.6335, Recall@20: 0.9116), test (NDCG@10: 0.1006, Recall@10: 0.2185, NDCG@20: 0.1306, Recall@20: 0.3374)
Evaluating...
........................................................................................................................
epoch:200, time: 6741.259367(s), valid (NDCG@10: 0.6147, Recall@10: 0.8412, NDCG@20: 0.6338, Recall@20: 0.9164), test (NDCG@10: 0.0988, Recall@10: 0.2152, NDCG@20: 0.1302, Recall@20: 0.3402)
Evaluating...
........................................................................................................................
epoch:220, time: 8135.797155(s), valid (NDCG@10: 0.6066, Recall@10: 0.8391, NDCG@20: 0.6257, Recall@20: 0.9141), test (NDCG@10: 0.0991, Recall@10: 0.2187, NDCG@20: 0.1281, Recall@20: 0.3339)
Evaluating...
........................................................................................................................
epoch:240, time: 9661.733714(s), valid (NDCG@10: 0.6113, Recall@10: 0.8387, NDCG@20: 0.6311, Recall@20: 0.9162), test (NDCG@10: 0.0988, Recall@10: 0.2161, NDCG@20: 0.1289, Recall@20: 0.3354)
Evaluating...
........................................................................................................................
epoch:260, time: 11341.787688(s), valid (NDCG@10: 0.6106, Recall@10: 0.8422, NDCG@20: 0.6287, Recall@20: 0.9136), test (NDCG@10: 0.1007, Recall@10: 0.2205, NDCG@20: 0.1300, Recall@20: 0.3369)
Evaluating...
........................................................................................................................
epoch:280, time: 13175.627980(s), valid (NDCG@10: 0.6134, Recall@10: 0.8394, NDCG@20: 0.6328, Recall@20: 0.9159), test (NDCG@10: 0.1019, Recall@10: 0.2219, NDCG@20: 0.1315, Recall@20: 0.3397)
Evaluating...
........................................................................................................................
epoch:300, time: 15155.318577(s), valid (NDCG@10: 0.6119, Recall@10: 0.8384, NDCG@20: 0.6309, Recall@20: 0.9134), test (NDCG@10: 0.1009, Recall@10: 0.2204, NDCG@20: 0.1312, Recall@20: 0.3409)
Evaluating...
........................................................................................................................
epoch:320, time: 17287.487359(s), valid (NDCG@10: 0.6110, Recall@10: 0.8364, NDCG@20: 0.6302, Recall@20: 0.9124), test (NDCG@10: 0.1001, Recall@10: 0.2169, NDCG@20: 0.1302, Recall@20: 0.3368)
Evaluating...
........................................................................................................................
epoch:340, time: 19560.244173(s), valid (NDCG@10: 0.6093, Recall@10: 0.8406, NDCG@20: 0.6275, Recall@20: 0.9123), test (NDCG@10: 0.0991, Recall@10: 0.2167, NDCG@20: 0.1293, Recall@20: 0.3366)
Evaluating...
........................................................................................................................
epoch:360, time: 21987.186250(s), valid (NDCG@10: 0.6073, Recall@10: 0.8396, NDCG@20: 0.6258, Recall@20: 0.9119), test (NDCG@10: 0.1013, Recall@10: 0.2207, NDCG@20: 0.1314, Recall@20: 0.3402)
Evaluating...
........................................................................................................................
epoch:380, time: 24567.315315(s), valid (NDCG@10: 0.6098, Recall@10: 0.8411, NDCG@20: 0.6279, Recall@20: 0.9119), test (NDCG@10: 0.0996, Recall@10: 0.2227, NDCG@20: 0.1288, Recall@20: 0.3391)
Evaluating...
........................................................................................................................
epoch:400, time: 27300.045857(s), valid (NDCG@10: 0.6082, Recall@10: 0.8361, NDCG@20: 0.6276, Recall@20: 0.9126), test (NDCG@10: 0.0999, Recall@10: 0.2189, NDCG@20: 0.1303, Recall@20: 0.3392)
Evaluating...
........................................................................................................................
epoch:420, time: 30186.880646(s), valid (NDCG@10: 0.6121, Recall@10: 0.8364, NDCG@20: 0.6312, Recall@20: 0.9116), test (NDCG@10: 0.0996, Recall@10: 0.2195, NDCG@20: 0.1293, Recall@20: 0.3371)
Evaluating...
........................................................................................................................
epoch:440, time: 33212.473260(s), valid (NDCG@10: 0.6154, Recall@10: 0.8412, NDCG@20: 0.6331, Recall@20: 0.9108), test (NDCG@10: 0.0982, Recall@10: 0.2157, NDCG@20: 0.1292, Recall@20: 0.3386)
Evaluating...
........................................................................................................................
epoch:460, time: 36391.839333(s), valid (NDCG@10: 0.6108, Recall@10: 0.8377, NDCG@20: 0.6296, Recall@20: 0.9113), test (NDCG@10: 0.1003, Recall@10: 0.2194, NDCG@20: 0.1307, Recall@20: 0.3401)
Evaluating...
........................................................................................................................
epoch:480, time: 39721.657348(s), valid (NDCG@10: 0.6098, Recall@10: 0.8391, NDCG@20: 0.6284, Recall@20: 0.9123), test (NDCG@10: 0.0988, Recall@10: 0.2182, NDCG@20: 0.1289, Recall@20: 0.3374)
Evaluating...
........................................................................................................................
epoch:500, time: 43204.838866(s), valid (NDCG@10: 0.6080, Recall@10: 0.8384, NDCG@20: 0.6267, Recall@20: 0.9121), test (NDCG@10: 0.1001, Recall@10: 0.2219, NDCG@20: 0.1292, Recall@20: 0.3373)
Total time used is 00:58:54
Total Train Time is : 00:37:41
Total Test Time:  00:21:13
Average Train Time per Epoch: 4.52 seconds
Average Test Time per Epoch: 2.55 seconds

--- Memory Usage Summary ---
Peak GPU Memory Usage: 1.18 GB
CPU Memory Usage: 2.00 GB
