Evaluating...
........................................................................................................................
epoch:20, time: 160.070613(s), valid (NDCG@10: 0.5456, Recall@10: 0.8007, NDCG@20: 0.5701, Recall@20: 0.8967), test (NDCG@10: 0.0752, Recall@10: 0.1631, NDCG@20: 0.0997, Recall@20: 0.2608)
Evaluating...
........................................................................................................................
epoch:40, time: 522.609023(s), valid (NDCG@10: 0.5893, Recall@10: 0.8353, NDCG@20: 0.6101, Recall@20: 0.9169), test (NDCG@10: 0.0876, Recall@10: 0.1896, NDCG@20: 0.1186, Recall@20: 0.3134)
Evaluating...
........................................................................................................................
epoch:60, time: 1087.386164(s), valid (NDCG@10: 0.6055, Recall@10: 0.8478, NDCG@20: 0.6234, Recall@20: 0.9184), test (NDCG@10: 0.0961, Recall@10: 0.2056, NDCG@20: 0.1273, Recall@20: 0.3298)
Evaluating...
........................................................................................................................
epoch:80, time: 1854.407810(s), valid (NDCG@10: 0.6073, Recall@10: 0.8464, NDCG@20: 0.6255, Recall@20: 0.9182), test (NDCG@10: 0.0961, Recall@10: 0.2096, NDCG@20: 0.1267, Recall@20: 0.3310)
Evaluating...
........................................................................................................................
epoch:100, time: 2823.556608(s), valid (NDCG@10: 0.6117, Recall@10: 0.8442, NDCG@20: 0.6298, Recall@20: 0.9149), test (NDCG@10: 0.0971, Recall@10: 0.2137, NDCG@20: 0.1289, Recall@20: 0.3402)
Evaluating...
........................................................................................................................
epoch:120, time: 3994.869117(s), valid (NDCG@10: 0.6100, Recall@10: 0.8459, NDCG@20: 0.6287, Recall@20: 0.9192), test (NDCG@10: 0.1002, Recall@10: 0.2222, NDCG@20: 0.1297, Recall@20: 0.3394)
Evaluating...
........................................................................................................................
epoch:140, time: 5368.355877(s), valid (NDCG@10: 0.6125, Recall@10: 0.8465, NDCG@20: 0.6311, Recall@20: 0.9195), test (NDCG@10: 0.1004, Recall@10: 0.2204, NDCG@20: 0.1322, Recall@20: 0.3474)
Evaluating...
........................................................................................................................
epoch:160, time: 6943.994221(s), valid (NDCG@10: 0.6092, Recall@10: 0.8474, NDCG@20: 0.6273, Recall@20: 0.9187), test (NDCG@10: 0.1013, Recall@10: 0.2224, NDCG@20: 0.1323, Recall@20: 0.3455)
Evaluating...
........................................................................................................................
epoch:180, time: 8722.009114(s), valid (NDCG@10: 0.6120, Recall@10: 0.8475, NDCG@20: 0.6295, Recall@20: 0.9167), test (NDCG@10: 0.1023, Recall@10: 0.2210, NDCG@20: 0.1340, Recall@20: 0.3475)
Evaluating...
........................................................................................................................
epoch:200, time: 10719.164917(s), valid (NDCG@10: 0.6137, Recall@10: 0.8434, NDCG@20: 0.6325, Recall@20: 0.9174), test (NDCG@10: 0.1010, Recall@10: 0.2207, NDCG@20: 0.1313, Recall@20: 0.3407)
Evaluating...
........................................................................................................................
epoch:220, time: 12972.248652(s), valid (NDCG@10: 0.6157, Recall@10: 0.8469, NDCG@20: 0.6331, Recall@20: 0.9149), test (NDCG@10: 0.1045, Recall@10: 0.2263, NDCG@20: 0.1366, Recall@20: 0.3543)
Evaluating...
........................................................................................................................
epoch:240, time: 15465.348066(s), valid (NDCG@10: 0.6094, Recall@10: 0.8464, NDCG@20: 0.6270, Recall@20: 0.9159), test (NDCG@10: 0.1010, Recall@10: 0.2214, NDCG@20: 0.1319, Recall@20: 0.3440)
Evaluating...
........................................................................................................................
epoch:260, time: 18214.840388(s), valid (NDCG@10: 0.6140, Recall@10: 0.8419, NDCG@20: 0.6332, Recall@20: 0.9179), test (NDCG@10: 0.1040, Recall@10: 0.2247, NDCG@20: 0.1353, Recall@20: 0.3488)
Evaluating...
........................................................................................................................
epoch:280, time: 21212.639464(s), valid (NDCG@10: 0.6095, Recall@10: 0.8447, NDCG@20: 0.6277, Recall@20: 0.9162), test (NDCG@10: 0.1002, Recall@10: 0.2177, NDCG@20: 0.1329, Recall@20: 0.3475)
Evaluating...
........................................................................................................................
epoch:300, time: 24465.528260(s), valid (NDCG@10: 0.6113, Recall@10: 0.8459, NDCG@20: 0.6292, Recall@20: 0.9162), test (NDCG@10: 0.1033, Recall@10: 0.2255, NDCG@20: 0.1342, Recall@20: 0.3477)
Evaluating...
........................................................................................................................
epoch:320, time: 27974.550821(s), valid (NDCG@10: 0.6112, Recall@10: 0.8440, NDCG@20: 0.6294, Recall@20: 0.9161), test (NDCG@10: 0.1030, Recall@10: 0.2248, NDCG@20: 0.1342, Recall@20: 0.3490)
Evaluating...
........................................................................................................................
epoch:340, time: 31734.153012(s), valid (NDCG@10: 0.6089, Recall@10: 0.8386, NDCG@20: 0.6283, Recall@20: 0.9144), test (NDCG@10: 0.1028, Recall@10: 0.2247, NDCG@20: 0.1338, Recall@20: 0.3475)
Evaluating...
........................................................................................................................
epoch:360, time: 35750.015845(s), valid (NDCG@10: 0.6134, Recall@10: 0.8424, NDCG@20: 0.6322, Recall@20: 0.9161), test (NDCG@10: 0.1038, Recall@10: 0.2253, NDCG@20: 0.1350, Recall@20: 0.3497)
Evaluating...
........................................................................................................................
epoch:380, time: 40006.207482(s), valid (NDCG@10: 0.6084, Recall@10: 0.8422, NDCG@20: 0.6276, Recall@20: 0.9177), test (NDCG@10: 0.1044, Recall@10: 0.2237, NDCG@20: 0.1372, Recall@20: 0.3546)
Evaluating...
........................................................................................................................
epoch:400, time: 44518.829045(s), valid (NDCG@10: 0.6115, Recall@10: 0.8439, NDCG@20: 0.6296, Recall@20: 0.9152), test (NDCG@10: 0.1052, Recall@10: 0.2278, NDCG@20: 0.1354, Recall@20: 0.3485)
Evaluating...
........................................................................................................................
epoch:420, time: 49271.973235(s), valid (NDCG@10: 0.6120, Recall@10: 0.8429, NDCG@20: 0.6307, Recall@20: 0.9162), test (NDCG@10: 0.1020, Recall@10: 0.2228, NDCG@20: 0.1330, Recall@20: 0.3455)
Evaluating...
........................................................................................................................
epoch:440, time: 54281.454439(s), valid (NDCG@10: 0.6121, Recall@10: 0.8394, NDCG@20: 0.6314, Recall@20: 0.9154), test (NDCG@10: 0.1029, Recall@10: 0.2263, NDCG@20: 0.1327, Recall@20: 0.3447)
Evaluating...
........................................................................................................................
epoch:460, time: 59531.354571(s), valid (NDCG@10: 0.6136, Recall@10: 0.8437, NDCG@20: 0.6315, Recall@20: 0.9144), test (NDCG@10: 0.1028, Recall@10: 0.2235, NDCG@20: 0.1335, Recall@20: 0.3450)
Evaluating...
........................................................................................................................
epoch:480, time: 65037.431159(s), valid (NDCG@10: 0.6084, Recall@10: 0.8407, NDCG@20: 0.6267, Recall@20: 0.9129), test (NDCG@10: 0.1034, Recall@10: 0.2224, NDCG@20: 0.1347, Recall@20: 0.3460)
Evaluating...
........................................................................................................................
epoch:500, time: 70784.636403(s), valid (NDCG@10: 0.6131, Recall@10: 0.8425, NDCG@20: 0.6315, Recall@20: 0.9149), test (NDCG@10: 0.1011, Recall@10: 0.2214, NDCG@20: 0.1320, Recall@20: 0.3440)
Total time used is 01:36:34
Total Train Time is : 01:16:53
Total Test Time:  00:19:41
Average Train Time per Epoch: 9.23 seconds
Average Test Time per Epoch: 2.36 seconds

--- Memory Usage Summary ---
Peak GPU Memory Usage: 2.40 GB
CPU Memory Usage: 2.61 GB
