Evaluating...
........................................................................................................................
epoch:20, time: 318.758512(s), valid (NDCG@10: 0.5591, Recall@10: 0.8129, NDCG@20: 0.5823, Recall@20: 0.9041), test (NDCG@10: 0.0829, Recall@10: 0.1788, NDCG@20: 0.1085, Recall@20: 0.2808)
Evaluating...
........................................................................................................................
epoch:40, time: 1002.154943(s), valid (NDCG@10: 0.5929, Recall@10: 0.8371, NDCG@20: 0.6129, Recall@20: 0.9152), test (NDCG@10: 0.0937, Recall@10: 0.2022, NDCG@20: 0.1214, Recall@20: 0.3123)
Evaluating...
........................................................................................................................
epoch:60, time: 2048.835496(s), valid (NDCG@10: 0.5995, Recall@10: 0.8434, NDCG@20: 0.6181, Recall@20: 0.9169), test (NDCG@10: 0.0965, Recall@10: 0.2089, NDCG@20: 0.1262, Recall@20: 0.3272)
Evaluating...
........................................................................................................................
epoch:80, time: 3460.343365(s), valid (NDCG@10: 0.6050, Recall@10: 0.8464, NDCG@20: 0.6231, Recall@20: 0.9172), test (NDCG@10: 0.0989, Recall@10: 0.2161, NDCG@20: 0.1286, Recall@20: 0.3344)
Evaluating...
........................................................................................................................
epoch:100, time: 5236.577975(s), valid (NDCG@10: 0.6105, Recall@10: 0.8450, NDCG@20: 0.6289, Recall@20: 0.9174), test (NDCG@10: 0.0970, Recall@10: 0.2142, NDCG@20: 0.1271, Recall@20: 0.3331)
Evaluating...
........................................................................................................................
epoch:120, time: 7356.366337(s), valid (NDCG@10: 0.6112, Recall@10: 0.8487, NDCG@20: 0.6287, Recall@20: 0.9175), test (NDCG@10: 0.0984, Recall@10: 0.2174, NDCG@20: 0.1282, Recall@20: 0.3358)
Evaluating...
........................................................................................................................
epoch:140, time: 9801.134067(s), valid (NDCG@10: 0.6123, Recall@10: 0.8444, NDCG@20: 0.6308, Recall@20: 0.9169), test (NDCG@10: 0.0972, Recall@10: 0.2174, NDCG@20: 0.1277, Recall@20: 0.3386)
Evaluating...
........................................................................................................................
epoch:160, time: 12571.130793(s), valid (NDCG@10: 0.6140, Recall@10: 0.8480, NDCG@20: 0.6317, Recall@20: 0.9172), test (NDCG@10: 0.0991, Recall@10: 0.2189, NDCG@20: 0.1295, Recall@20: 0.3394)
Evaluating...
........................................................................................................................
epoch:180, time: 15666.368616(s), valid (NDCG@10: 0.6165, Recall@10: 0.8490, NDCG@20: 0.6343, Recall@20: 0.9182), test (NDCG@10: 0.1007, Recall@10: 0.2207, NDCG@20: 0.1318, Recall@20: 0.3440)
Evaluating...
........................................................................................................................
epoch:200, time: 19086.542605(s), valid (NDCG@10: 0.6158, Recall@10: 0.8485, NDCG@20: 0.6331, Recall@20: 0.9164), test (NDCG@10: 0.1005, Recall@10: 0.2180, NDCG@20: 0.1313, Recall@20: 0.3404)
Evaluating...
........................................................................................................................
epoch:220, time: 22831.182640(s), valid (NDCG@10: 0.6166, Recall@10: 0.8460, NDCG@20: 0.6349, Recall@20: 0.9179), test (NDCG@10: 0.0995, Recall@10: 0.2175, NDCG@20: 0.1303, Recall@20: 0.3394)
Evaluating...
........................................................................................................................
epoch:240, time: 26900.646593(s), valid (NDCG@10: 0.6155, Recall@10: 0.8480, NDCG@20: 0.6333, Recall@20: 0.9182), test (NDCG@10: 0.1021, Recall@10: 0.2224, NDCG@20: 0.1321, Recall@20: 0.3416)
Evaluating...
........................................................................................................................
epoch:260, time: 31294.889147(s), valid (NDCG@10: 0.6147, Recall@10: 0.8480, NDCG@20: 0.6322, Recall@20: 0.9167), test (NDCG@10: 0.1016, Recall@10: 0.2262, NDCG@20: 0.1307, Recall@20: 0.3416)
Evaluating...
........................................................................................................................
epoch:280, time: 36013.513510(s), valid (NDCG@10: 0.6172, Recall@10: 0.8469, NDCG@20: 0.6339, Recall@20: 0.9124), test (NDCG@10: 0.1017, Recall@10: 0.2262, NDCG@20: 0.1321, Recall@20: 0.3474)
Evaluating...
........................................................................................................................
epoch:300, time: 41056.912444(s), valid (NDCG@10: 0.6133, Recall@10: 0.8434, NDCG@20: 0.6316, Recall@20: 0.9154), test (NDCG@10: 0.0997, Recall@10: 0.2200, NDCG@20: 0.1314, Recall@20: 0.3460)
Evaluating...
........................................................................................................................
epoch:320, time: 46425.425277(s), valid (NDCG@10: 0.6142, Recall@10: 0.8508, NDCG@20: 0.6305, Recall@20: 0.9151), test (NDCG@10: 0.0998, Recall@10: 0.2215, NDCG@20: 0.1302, Recall@20: 0.3424)
Evaluating...
........................................................................................................................
epoch:340, time: 52117.561618(s), valid (NDCG@10: 0.6147, Recall@10: 0.8406, NDCG@20: 0.6339, Recall@20: 0.9156), test (NDCG@10: 0.1003, Recall@10: 0.2225, NDCG@20: 0.1307, Recall@20: 0.3444)
Evaluating...
........................................................................................................................
epoch:360, time: 58134.436154(s), valid (NDCG@10: 0.6139, Recall@10: 0.8439, NDCG@20: 0.6322, Recall@20: 0.9156), test (NDCG@10: 0.1020, Recall@10: 0.2250, NDCG@20: 0.1324, Recall@20: 0.3460)
Evaluating...
........................................................................................................................
epoch:380, time: 64476.244377(s), valid (NDCG@10: 0.6137, Recall@10: 0.8424, NDCG@20: 0.6319, Recall@20: 0.9137), test (NDCG@10: 0.1007, Recall@10: 0.2225, NDCG@20: 0.1311, Recall@20: 0.3434)
Evaluating...
........................................................................................................................
epoch:400, time: 71141.745100(s), valid (NDCG@10: 0.6095, Recall@10: 0.8437, NDCG@20: 0.6280, Recall@20: 0.9164), test (NDCG@10: 0.0991, Recall@10: 0.2174, NDCG@20: 0.1309, Recall@20: 0.3440)
Evaluating...
........................................................................................................................
epoch:420, time: 78132.350001(s), valid (NDCG@10: 0.6146, Recall@10: 0.8434, NDCG@20: 0.6333, Recall@20: 0.9169), test (NDCG@10: 0.1020, Recall@10: 0.2248, NDCG@20: 0.1320, Recall@20: 0.3442)
Evaluating...
........................................................................................................................
epoch:440, time: 85447.657829(s), valid (NDCG@10: 0.6160, Recall@10: 0.8421, NDCG@20: 0.6344, Recall@20: 0.9142), test (NDCG@10: 0.1024, Recall@10: 0.2265, NDCG@20: 0.1325, Recall@20: 0.3460)
Evaluating...
........................................................................................................................
epoch:460, time: 93086.763967(s), valid (NDCG@10: 0.6147, Recall@10: 0.8469, NDCG@20: 0.6321, Recall@20: 0.9154), test (NDCG@10: 0.1005, Recall@10: 0.2215, NDCG@20: 0.1317, Recall@20: 0.3455)
Evaluating...
........................................................................................................................
epoch:480, time: 101050.165641(s), valid (NDCG@10: 0.6110, Recall@10: 0.8445, NDCG@20: 0.6287, Recall@20: 0.9141), test (NDCG@10: 0.1013, Recall@10: 0.2217, NDCG@20: 0.1314, Recall@20: 0.3411)
Evaluating...
........................................................................................................................
epoch:500, time: 109338.765240(s), valid (NDCG@10: 0.6162, Recall@10: 0.8434, NDCG@20: 0.6348, Recall@20: 0.9162), test (NDCG@10: 0.1006, Recall@10: 0.2200, NDCG@20: 0.1323, Recall@20: 0.3457)
Total time used is 02:18:56
Total Train Time is : 01:58:57
Total Test Time:  00:19:58
Average Train Time per Epoch: 14.28 seconds
Average Test Time per Epoch: 2.40 seconds

--- Memory Usage Summary ---
Peak GPU Memory Usage: 3.94 GB
CPU Memory Usage: 3.57 GB
