Dataset = ml-1m
  # users         = 6040
  # items         = 3416
  # interactions  = 999611
  # Sequence length = 45
  # Average sequence length = 163.50
Evaluating...
........................................................................................................................
epoch:20, time: 12.918369(s), valid (NDCG@10: 0.5214, Recall@10: 0.7828, NDCG@20: 0.5466, Recall@20: 0.8825), test (NDCG@10: 0.4991, Recall@10: 0.7462, NDCG@20: 0.5278, Recall@20: 0.8586)
Evaluating...
........................................................................................................................
epoch:40, time: 80.699338(s), valid (NDCG@10: 0.5662, Recall@10: 0.8101, NDCG@20: 0.5875, Recall@20: 0.8937), test (NDCG@10: 0.5363, Recall@10: 0.7816, NDCG@20: 0.5601, Recall@20: 0.8752)
Evaluating...
........................................................................................................................
epoch:60, time: 203.296202(s), valid (NDCG@10: 0.5777, Recall@10: 0.8190, NDCG@20: 0.5983, Recall@20: 0.9000), test (NDCG@10: 0.5512, Recall@10: 0.7868, NDCG@20: 0.5751, Recall@20: 0.8806)
Evaluating...
........................................................................................................................
epoch:80, time: 380.523005(s), valid (NDCG@10: 0.5932, Recall@10: 0.8222, NDCG@20: 0.6129, Recall@20: 0.8997), test (NDCG@10: 0.5610, Recall@10: 0.7960, NDCG@20: 0.5827, Recall@20: 0.8811)
Evaluating...
........................................................................................................................
epoch:100, time: 612.608883(s), valid (NDCG@10: 0.5925, Recall@10: 0.8255, NDCG@20: 0.6117, Recall@20: 0.9005), test (NDCG@10: 0.5623, Recall@10: 0.7972, NDCG@20: 0.5839, Recall@20: 0.8825)
Evaluating...
........................................................................................................................
epoch:120, time: 899.366507(s), valid (NDCG@10: 0.5962, Recall@10: 0.8262, NDCG@20: 0.6159, Recall@20: 0.9040), test (NDCG@10: 0.5637, Recall@10: 0.7967, NDCG@20: 0.5864, Recall@20: 0.8864)
Evaluating...
........................................................................................................................
epoch:140, time: 1240.863743(s), valid (NDCG@10: 0.6008, Recall@10: 0.8275, NDCG@20: 0.6206, Recall@20: 0.9055), test (NDCG@10: 0.5658, Recall@10: 0.8045, NDCG@20: 0.5862, Recall@20: 0.8848)
Evaluating...
........................................................................................................................
epoch:160, time: 1637.049248(s), valid (NDCG@10: 0.5978, Recall@10: 0.8285, NDCG@20: 0.6167, Recall@20: 0.9026), test (NDCG@10: 0.5640, Recall@10: 0.7983, NDCG@20: 0.5855, Recall@20: 0.8831)
  --> No improvement. Patience: 1/8
Evaluating...
........................................................................................................................
epoch:180, time: 2088.038002(s), valid (NDCG@10: 0.5992, Recall@10: 0.8258, NDCG@20: 0.6185, Recall@20: 0.9020), test (NDCG@10: 0.5651, Recall@10: 0.7977, NDCG@20: 0.5873, Recall@20: 0.8851)
Evaluating...
........................................................................................................................
epoch:200, time: 2593.860115(s), valid (NDCG@10: 0.6041, Recall@10: 0.8283, NDCG@20: 0.6232, Recall@20: 0.9030), test (NDCG@10: 0.5725, Recall@10: 0.8033, NDCG@20: 0.5927, Recall@20: 0.8829)
Test‐driven best at epoch 200: NDCG@10=0.5725, Recall@10=0.8033, NDCG@20=0.5927, Recall@20=0.8829
Total time used is 00:09:09
Total Train Time is : 00:01:41
Total Test Time:  00:07:27
Average Train Time per Epoch: 0.51 seconds
Average Test Time per Epoch: 2.24 seconds

--- Memory Usage Summary ---
Peak GPU Memory Usage: 0.08 GB
CPU Memory Usage: 1.49 GB
