Dataset = ml-1m
  # users         = 6040
  # items         = 3416
  # interactions  = 999611
  # Sequence length = 100
  # Average sequence length = 163.50
Evaluating...
........................................................................................................................
epoch:20, time: 15.178282(s), valid (NDCG@10: 0.5374, Recall@10: 0.7937, NDCG@20: 0.5608, Recall@20: 0.8854), test (NDCG@10: 0.5111, Recall@10: 0.7675, NDCG@20: 0.5369, Recall@20: 0.8694)
Evaluating...
........................................................................................................................
epoch:40, time: 87.280454(s), valid (NDCG@10: 0.5823, Recall@10: 0.8237, NDCG@20: 0.6027, Recall@20: 0.9033), test (NDCG@10: 0.5512, Recall@10: 0.7912, NDCG@20: 0.5742, Recall@20: 0.8818)
Evaluating...
........................................................................................................................
epoch:60, time: 216.810417(s), valid (NDCG@10: 0.5951, Recall@10: 0.8325, NDCG@20: 0.6142, Recall@20: 0.9073), test (NDCG@10: 0.5613, Recall@10: 0.8022, NDCG@20: 0.5841, Recall@20: 0.8917)
Evaluating...
........................................................................................................................
epoch:80, time: 403.235052(s), valid (NDCG@10: 0.6035, Recall@10: 0.8328, NDCG@20: 0.6233, Recall@20: 0.9106), test (NDCG@10: 0.5709, Recall@10: 0.8030, NDCG@20: 0.5925, Recall@20: 0.8881)
Evaluating...
........................................................................................................................
epoch:100, time: 646.600595(s), valid (NDCG@10: 0.6019, Recall@10: 0.8328, NDCG@20: 0.6211, Recall@20: 0.9083), test (NDCG@10: 0.5741, Recall@10: 0.8023, NDCG@20: 0.5967, Recall@20: 0.8912)
Evaluating...
........................................................................................................................
epoch:120, time: 946.537163(s), valid (NDCG@10: 0.6053, Recall@10: 0.8343, NDCG@20: 0.6241, Recall@20: 0.9083), test (NDCG@10: 0.5796, Recall@10: 0.8089, NDCG@20: 0.6003, Recall@20: 0.8906)
Evaluating...
........................................................................................................................
epoch:140, time: 1304.118460(s), valid (NDCG@10: 0.6097, Recall@10: 0.8381, NDCG@20: 0.6280, Recall@20: 0.9099), test (NDCG@10: 0.5794, Recall@10: 0.8055, NDCG@20: 0.6007, Recall@20: 0.8891)
Evaluating...
........................................................................................................................
epoch:160, time: 1719.126094(s), valid (NDCG@10: 0.6069, Recall@10: 0.8343, NDCG@20: 0.6265, Recall@20: 0.9113), test (NDCG@10: 0.5795, Recall@10: 0.8073, NDCG@20: 0.6008, Recall@20: 0.8911)
Evaluating...
........................................................................................................................
epoch:180, time: 2190.824214(s), valid (NDCG@10: 0.6107, Recall@10: 0.8361, NDCG@20: 0.6296, Recall@20: 0.9104), test (NDCG@10: 0.5770, Recall@10: 0.8109, NDCG@20: 0.5969, Recall@20: 0.8892)
  --> No improvement. Patience: 1/8
Evaluating...
........................................................................................................................
epoch:200, time: 2719.250688(s), valid (NDCG@10: 0.6086, Recall@10: 0.8382, NDCG@20: 0.6269, Recall@20: 0.9103), test (NDCG@10: 0.5807, Recall@10: 0.8055, NDCG@20: 0.6021, Recall@20: 0.8894)
Test‐driven best at epoch 200: NDCG@10=0.5807, Recall@10=0.8055, NDCG@20=0.6021, Recall@20=0.8894
Total time used is 00:09:32
Total Train Time is : 00:02:05
Total Test Time:  00:07:26
Average Train Time per Epoch: 0.63 seconds
Average Test Time per Epoch: 2.23 seconds

--- Memory Usage Summary ---
Peak GPU Memory Usage: 0.17 GB
CPU Memory Usage: 1.49 GB
