Dataset = ml-1m
  # users         = 6040
  # items         = 3416
  # interactions  = 999611
  # Sequence length = 200
  # Average sequence length = 163.50
Evaluating...
........................................................................................................................
epoch:20, time: 30.870429(s), valid (NDCG@10: 0.5524, Recall@10: 0.8033, NDCG@20: 0.5760, Recall@20: 0.8960), test (NDCG@10: 0.5287, Recall@10: 0.7768, NDCG@20: 0.5526, Recall@20: 0.8705)
Evaluating...
........................................................................................................................
epoch:40, time: 134.440164(s), valid (NDCG@10: 0.5884, Recall@10: 0.8334, NDCG@20: 0.6068, Recall@20: 0.9063), test (NDCG@10: 0.5642, Recall@10: 0.8023, NDCG@20: 0.5857, Recall@20: 0.8868)
Evaluating...
........................................................................................................................
epoch:60, time: 310.697622(s), valid (NDCG@10: 0.6027, Recall@10: 0.8363, NDCG@20: 0.6217, Recall@20: 0.9113), test (NDCG@10: 0.5716, Recall@10: 0.8031, NDCG@20: 0.5934, Recall@20: 0.8887)
Evaluating...
........................................................................................................................
epoch:80, time: 559.665705(s), valid (NDCG@10: 0.6059, Recall@10: 0.8379, NDCG@20: 0.6254, Recall@20: 0.9144), test (NDCG@10: 0.5751, Recall@10: 0.8108, NDCG@20: 0.5956, Recall@20: 0.8914)
Evaluating...
........................................................................................................................
epoch:100, time: 883.551381(s), valid (NDCG@10: 0.6076, Recall@10: 0.8397, NDCG@20: 0.6273, Recall@20: 0.9174), test (NDCG@10: 0.5757, Recall@10: 0.8104, NDCG@20: 0.5966, Recall@20: 0.8927)
Evaluating...
........................................................................................................................
epoch:120, time: 1283.895161(s), valid (NDCG@10: 0.6109, Recall@10: 0.8445, NDCG@20: 0.6291, Recall@20: 0.9164), test (NDCG@10: 0.5860, Recall@10: 0.8134, NDCG@20: 0.6058, Recall@20: 0.8912)
Evaluating...
........................................................................................................................
epoch:140, time: 1762.695714(s), valid (NDCG@10: 0.6109, Recall@10: 0.8396, NDCG@20: 0.6297, Recall@20: 0.9127), test (NDCG@10: 0.5829, Recall@10: 0.8129, NDCG@20: 0.6038, Recall@20: 0.8952)
  --> No improvement. Patience: 1/8
Evaluating...
........................................................................................................................
epoch:160, time: 2321.293177(s), valid (NDCG@10: 0.6143, Recall@10: 0.8417, NDCG@20: 0.6328, Recall@20: 0.9146), test (NDCG@10: 0.5833, Recall@10: 0.8194, NDCG@20: 0.6024, Recall@20: 0.8952)
  --> No improvement. Patience: 1/8
Evaluating...
........................................................................................................................
epoch:180, time: 2960.986816(s), valid (NDCG@10: 0.6130, Recall@10: 0.8442, NDCG@20: 0.6308, Recall@20: 0.9146), test (NDCG@10: 0.5788, Recall@10: 0.8134, NDCG@20: 0.5991, Recall@20: 0.8935)
  --> No improvement. Patience: 2/8
Evaluating...
........................................................................................................................
epoch:200, time: 3681.638271(s), valid (NDCG@10: 0.6123, Recall@10: 0.8411, NDCG@20: 0.6314, Recall@20: 0.9161), test (NDCG@10: 0.5780, Recall@10: 0.8156, NDCG@20: 0.5984, Recall@20: 0.8962)
  --> No improvement. Patience: 3/8
Test‐driven best at epoch 120: NDCG@10=0.5860, Recall@10=0.8134, NDCG@20=0.6058, Recall@20=0.8912
Total time used is 00:12:44
Total Train Time is : 00:05:14
Total Test Time:  00:07:29
Average Train Time per Epoch: 1.57 seconds
Average Test Time per Epoch: 2.25 seconds

--- Memory Usage Summary ---
Peak GPU Memory Usage: 0.42 GB
CPU Memory Usage: 1.63 GB
