📦 Processing Foursquare dataset...
Filtering triplets...
✅ Done! Users: 250501, Items: 1026543, Interactions: 26584380
Dataset = foursquare
  # users         = 250501
  # items         = 1026543
  # interactions  = 26584380
  # Sequence length = 45
  # Average sequence length = 104.12
Epoch 1 – last‐batch loss: 1.3496, AUC: 0.7603
Epoch 2 – last‐batch loss: 1.3157, AUC: 0.7598
Epoch 3 – last‐batch loss: 1.2664, AUC: 0.7644
Epoch 4 – last‐batch loss: 1.2541, AUC: 0.7743
Epoch 5 – last‐batch loss: 1.2101, AUC: 0.7732
Epoch 6 – last‐batch loss: 1.2068, AUC: 0.7677
Epoch 7 – last‐batch loss: 1.1932, AUC: 0.7723
Epoch 8 – last‐batch loss: 1.1738, AUC: 0.7567
Epoch 9 – last‐batch loss: 1.1534, AUC: 0.7823
Epoch 10 – last‐batch loss: 1.1583, AUC: 0.7712
Epoch 11 – last‐batch loss: 1.1487, AUC: 0.7636
Epoch 12 – last‐batch loss: 1.1005, AUC: 0.7787
Epoch 13 – last‐batch loss: 1.1266, AUC: 0.7764
Epoch 14 – last‐batch loss: 1.0849, AUC: 0.7896
Epoch 15 – last‐batch loss: 1.0792, AUC: 0.7862
Epoch 16 – last‐batch loss: 1.1036, AUC: 0.7750
Epoch 17 – last‐batch loss: 1.0774, AUC: 0.7757
Epoch 18 – last‐batch loss: 1.0624, AUC: 0.7939
Epoch 19 – last‐batch loss: 1.0932, AUC: 0.7676
Epoch 20 – last‐batch loss: 1.0497, AUC: 0.7810
Evaluating...
........................................................................................................................................................................................................
epoch:20, time: 865.449748(s), valid (NDCG@10: 0.3472, Recall@10: 0.5025, NDCG@20: 0.3744, Recall@20: 0.6103), test (NDCG@10: 0.3344, Recall@10: 0.4855, NDCG@20: 0.3604, Recall@20: 0.5882)
Epoch 21 – last‐batch loss: 1.0349, AUC: 0.7999
Epoch 22 – last‐batch loss: 1.0972, AUC: 0.7718
Epoch 23 – last‐batch loss: 1.1081, AUC: 0.7746
Epoch 24 – last‐batch loss: 1.0877, AUC: 0.7784
Epoch 25 – last‐batch loss: 1.0779, AUC: 0.7849
Epoch 26 – last‐batch loss: 1.1059, AUC: 0.7780
Epoch 27 – last‐batch loss: 1.0774, AUC: 0.7830
Epoch 28 – last‐batch loss: 1.0697, AUC: 0.7923
Epoch 29 – last‐batch loss: 1.0844, AUC: 0.7936
Epoch 30 – last‐batch loss: 1.0826, AUC: 0.7891
Epoch 31 – last‐batch loss: 1.0577, AUC: 0.8011
Epoch 32 – last‐batch loss: 1.0928, AUC: 0.7900
Epoch 33 – last‐batch loss: 1.0795, AUC: 0.7959
Epoch 34 – last‐batch loss: 1.0341, AUC: 0.8163
Epoch 35 – last‐batch loss: 1.0679, AUC: 0.8149
Epoch 36 – last‐batch loss: 1.0657, AUC: 0.8034
Epoch 37 – last‐batch loss: 1.0311, AUC: 0.8163
Epoch 38 – last‐batch loss: 1.0530, AUC: 0.8170
Epoch 39 – last‐batch loss: 1.0345, AUC: 0.8254
Epoch 40 – last‐batch loss: 1.0565, AUC: 0.8066
Evaluating...
........................................................................................................................................................................................................
epoch:40, time: 2710.219583(s), valid (NDCG@10: 0.3821, Recall@10: 0.5465, NDCG@20: 0.4128, Recall@20: 0.6681), test (NDCG@10: 0.3674, Recall@10: 0.5254, NDCG@20: 0.3971, Recall@20: 0.6433)
Epoch 41 – last‐batch loss: 1.0180, AUC: 0.8290
Epoch 42 – last‐batch loss: 0.9843, AUC: 0.8351
Epoch 43 – last‐batch loss: 0.9714, AUC: 0.8477
Epoch 44 – last‐batch loss: 1.0246, AUC: 0.8317
Epoch 45 – last‐batch loss: 0.9805, AUC: 0.8530
Epoch 46 – last‐batch loss: 0.9348, AUC: 0.8574
Epoch 47 – last‐batch loss: 0.9890, AUC: 0.8447
Epoch 48 – last‐batch loss: 0.9799, AUC: 0.8580
Epoch 49 – last‐batch loss: 0.9424, AUC: 0.8633
Epoch 50 – last‐batch loss: 0.9861, AUC: 0.8597
Epoch 51 – last‐batch loss: 0.9542, AUC: 0.8676
Epoch 52 – last‐batch loss: 0.9413, AUC: 0.8634
Epoch 53 – last‐batch loss: 0.9687, AUC: 0.8614
Epoch 54 – last‐batch loss: 0.9662, AUC: 0.8587
Epoch 55 – last‐batch loss: 0.9455, AUC: 0.8549
Epoch 56 – last‐batch loss: 0.9639, AUC: 0.8652
Epoch 57 – last‐batch loss: 0.9246, AUC: 0.8687
Epoch 58 – last‐batch loss: 0.9601, AUC: 0.8628
Epoch 59 – last‐batch loss: 0.9389, AUC: 0.8682
Epoch 60 – last‐batch loss: 0.8832, AUC: 0.8866
Evaluating...
........................................................................................................................................................................................................
epoch:60, time: 5531.167570(s), valid (NDCG@10: 0.4251, Recall@10: 0.5981, NDCG@20: 0.4567, Recall@20: 0.7235), test (NDCG@10: 0.4033, Recall@10: 0.5720, NDCG@20: 0.4356, Recall@20: 0.7007)
Epoch 61 – last‐batch loss: 0.9100, AUC: 0.8764
Epoch 62 – last‐batch loss: 0.9138, AUC: 0.8768
Epoch 63 – last‐batch loss: 0.8751, AUC: 0.8890
Epoch 64 – last‐batch loss: 0.8959, AUC: 0.8874
Epoch 65 – last‐batch loss: 0.8988, AUC: 0.8765
Epoch 66 – last‐batch loss: 0.8527, AUC: 0.8920
Epoch 67 – last‐batch loss: 0.8898, AUC: 0.8794
Epoch 68 – last‐batch loss: 0.8775, AUC: 0.8855
Epoch 69 – last‐batch loss: 0.8531, AUC: 0.8899
Epoch 70 – last‐batch loss: 0.8657, AUC: 0.8838
Epoch 71 – last‐batch loss: 0.8663, AUC: 0.8930
Epoch 72 – last‐batch loss: 0.8403, AUC: 0.8883
Epoch 73 – last‐batch loss: 0.8730, AUC: 0.8848
Epoch 74 – last‐batch loss: 0.8648, AUC: 0.8912
Epoch 75 – last‐batch loss: 0.8423, AUC: 0.8869
Epoch 76 – last‐batch loss: 0.8993, AUC: 0.8753
Epoch 77 – last‐batch loss: 0.8631, AUC: 0.8939
Epoch 78 – last‐batch loss: 0.8016, AUC: 0.9062
Epoch 79 – last‐batch loss: 0.8387, AUC: 0.8953
Epoch 80 – last‐batch loss: 0.8736, AUC: 0.8931
Evaluating...
........................................................................................................................................................................................................
epoch:80, time: 9331.546306(s), valid (NDCG@10: 0.4422, Recall@10: 0.6181, NDCG@20: 0.4745, Recall@20: 0.7466), test (NDCG@10: 0.4293, Recall@10: 0.5961, NDCG@20: 0.4624, Recall@20: 0.7277)
Epoch 81 – last‐batch loss: 0.8658, AUC: 0.8918
Epoch 82 – last‐batch loss: 0.7966, AUC: 0.9076
Epoch 83 – last‐batch loss: 0.8552, AUC: 0.8897
Epoch 84 – last‐batch loss: 0.8010, AUC: 0.8995
Epoch 85 – last‐batch loss: 0.8529, AUC: 0.8913
Epoch 86 – last‐batch loss: 0.8415, AUC: 0.8947
Epoch 87 – last‐batch loss: 0.7985, AUC: 0.9022
Epoch 88 – last‐batch loss: 0.8579, AUC: 0.8967
Epoch 89 – last‐batch loss: 0.8231, AUC: 0.9037
Epoch 90 – last‐batch loss: 0.7925, AUC: 0.9094
Epoch 91 – last‐batch loss: 0.8367, AUC: 0.8961
Epoch 92 – last‐batch loss: 0.8138, AUC: 0.9079
Epoch 93 – last‐batch loss: 0.7800, AUC: 0.9085
Epoch 94 – last‐batch loss: 0.8317, AUC: 0.8988
Epoch 95 – last‐batch loss: 0.8191, AUC: 0.8981
Epoch 96 – last‐batch loss: 0.7510, AUC: 0.9124
Epoch 97 – last‐batch loss: 0.7821, AUC: 0.9107
Epoch 98 – last‐batch loss: 0.7877, AUC: 0.9022
Epoch 99 – last‐batch loss: 0.8117, AUC: 0.9048
Epoch 100 – last‐batch loss: 0.7791, AUC: 0.9063
Evaluating...
........................................................................................................................................................................................................
epoch:100, time: 14109.276985(s), valid (NDCG@10: 0.4783, Recall@10: 0.6481, NDCG@20: 0.5114, Recall@20: 0.7798), test (NDCG@10: 0.4544, Recall@10: 0.6174, NDCG@20: 0.4892, Recall@20: 0.7563)
Test‐driven best at epoch 100: NDCG@10=0.4544, Recall@10=0.6174, NDCG@20=0.4892, Recall@20=0.7563
Total time used is 01:21:33
Total Train Time is : 01:11:52
Total Test Time:  00:09:41
Average Train Time per Epoch: 43.13 seconds
Average Test Time per Epoch: 5.81 seconds

--- Memory Usage Summary ---
Peak GPU Memory Usage: 1.27 GB
CPU Memory Usage: 4.07 GB
