📦 Processing Foursquare dataset...
Filtering triplets...
✅ Done! Users: 250501, Items: 1026543, Interactions: 26584380
Dataset = foursquare
  # users         = 250501
  # items         = 1026543
  # interactions  = 26584380
  # Sequence length = 20
  # Average sequence length = 104.12
Epoch 1 – last‐batch loss: 1.3575, AUC: 0.7194
Epoch 2 – last‐batch loss: 1.3304, AUC: 0.7430
Epoch 3 – last‐batch loss: 1.3030, AUC: 0.7581
Epoch 4 – last‐batch loss: 1.2628, AUC: 0.7714
Epoch 5 – last‐batch loss: 1.2526, AUC: 0.7780
Epoch 6 – last‐batch loss: 1.2389, AUC: 0.7608
Epoch 7 – last‐batch loss: 1.2176, AUC: 0.7823
Epoch 8 – last‐batch loss: 1.2356, AUC: 0.7588
Epoch 9 – last‐batch loss: 1.1808, AUC: 0.8085
Epoch 10 – last‐batch loss: 1.1851, AUC: 0.7768
Epoch 11 – last‐batch loss: 1.2007, AUC: 0.7434
Epoch 12 – last‐batch loss: 1.1459, AUC: 0.8193
Epoch 13 – last‐batch loss: 1.1483, AUC: 0.8011
Epoch 14 – last‐batch loss: 1.1750, AUC: 0.7691
Epoch 15 – last‐batch loss: 1.1208, AUC: 0.8238
Epoch 16 – last‐batch loss: 1.1547, AUC: 0.7732
Epoch 17 – last‐batch loss: 1.1623, AUC: 0.7773
Epoch 18 – last‐batch loss: 1.1081, AUC: 0.8043
Epoch 19 – last‐batch loss: 1.1170, AUC: 0.7726
Epoch 20 – last‐batch loss: 1.1380, AUC: 0.7706
Evaluating...
........................................................................................................................................................................................................
epoch:20, time: 836.270212(s), valid (NDCG@10: 0.3614, Recall@10: 0.5173, NDCG@20: 0.3869, Recall@20: 0.6185), test (NDCG@10: 0.3347, Recall@10: 0.4831, NDCG@20: 0.3623, Recall@20: 0.5926)
Epoch 21 – last‐batch loss: 1.0905, AUC: 0.8139
Epoch 22 – last‐batch loss: 1.1223, AUC: 0.7723
Epoch 23 – last‐batch loss: 1.1547, AUC: 0.7789
Epoch 24 – last‐batch loss: 1.0895, AUC: 0.8072
Epoch 25 – last‐batch loss: 1.1246, AUC: 0.7711
Epoch 26 – last‐batch loss: 1.1307, AUC: 0.7822
Epoch 27 – last‐batch loss: 1.0779, AUC: 0.8178
Epoch 28 – last‐batch loss: 1.1233, AUC: 0.7680
Epoch 29 – last‐batch loss: 1.1063, AUC: 0.7949
Epoch 30 – last‐batch loss: 1.0883, AUC: 0.8051
Epoch 31 – last‐batch loss: 1.1043, AUC: 0.7762
Epoch 32 – last‐batch loss: 1.0839, AUC: 0.7995
Epoch 33 – last‐batch loss: 1.0992, AUC: 0.8072
Epoch 34 – last‐batch loss: 1.1088, AUC: 0.7704
Epoch 35 – last‐batch loss: 1.0695, AUC: 0.7938
Epoch 36 – last‐batch loss: 1.0610, AUC: 0.8200
Epoch 37 – last‐batch loss: 1.0982, AUC: 0.7771
Epoch 38 – last‐batch loss: 1.1037, AUC: 0.8041
Epoch 39 – last‐batch loss: 1.0618, AUC: 0.8234
Epoch 40 – last‐batch loss: 1.0767, AUC: 0.7958
Evaluating...
........................................................................................................................................................................................................
epoch:40, time: 2625.407436(s), valid (NDCG@10: 0.3573, Recall@10: 0.5144, NDCG@20: 0.3850, Recall@20: 0.6242), test (NDCG@10: 0.3368, Recall@10: 0.4887, NDCG@20: 0.3650, Recall@20: 0.6002)
Epoch 41 – last‐batch loss: 1.0424, AUC: 0.8095
Epoch 42 – last‐batch loss: 1.0636, AUC: 0.8016
Epoch 43 – last‐batch loss: 1.0967, AUC: 0.7701
Epoch 44 – last‐batch loss: 1.0443, AUC: 0.8145
Epoch 45 – last‐batch loss: 1.0383, AUC: 0.8113
Epoch 46 – last‐batch loss: 1.1040, AUC: 0.7892
Epoch 47 – last‐batch loss: 1.0534, AUC: 0.8119
Epoch 48 – last‐batch loss: 1.0499, AUC: 0.8114
Epoch 49 – last‐batch loss: 1.0959, AUC: 0.8023
Epoch 50 – last‐batch loss: 1.0283, AUC: 0.8176
Epoch 51 – last‐batch loss: 1.0475, AUC: 0.8226
Epoch 52 – last‐batch loss: 1.0716, AUC: 0.8032
Epoch 53 – last‐batch loss: 1.0531, AUC: 0.8077
Epoch 54 – last‐batch loss: 1.0567, AUC: 0.8089
Epoch 55 – last‐batch loss: 1.0594, AUC: 0.8101
Epoch 56 – last‐batch loss: 1.0493, AUC: 0.8119
Epoch 57 – last‐batch loss: 1.0499, AUC: 0.8121
Epoch 58 – last‐batch loss: 1.0653, AUC: 0.8050
Epoch 59 – last‐batch loss: 1.0373, AUC: 0.8131
Epoch 60 – last‐batch loss: 1.0340, AUC: 0.8229
Evaluating...
........................................................................................................................................................................................................
epoch:60, time: 5366.364948(s), valid (NDCG@10: 0.3791, Recall@10: 0.5387, NDCG@20: 0.4087, Recall@20: 0.6566), test (NDCG@10: 0.3555, Recall@10: 0.5163, NDCG@20: 0.3865, Recall@20: 0.6396)
Epoch 61 – last‐batch loss: 0.9990, AUC: 0.8359
Epoch 62 – last‐batch loss: 1.0664, AUC: 0.8085
Epoch 63 – last‐batch loss: 1.0263, AUC: 0.8195
Epoch 64 – last‐batch loss: 1.0753, AUC: 0.8119
Epoch 65 – last‐batch loss: 1.0072, AUC: 0.8198
Epoch 66 – last‐batch loss: 0.9998, AUC: 0.8331
Epoch 67 – last‐batch loss: 1.0522, AUC: 0.8245
Epoch 68 – last‐batch loss: 0.9948, AUC: 0.8438
Epoch 69 – last‐batch loss: 1.0011, AUC: 0.8377
Epoch 70 – last‐batch loss: 1.0516, AUC: 0.8306
Epoch 71 – last‐batch loss: 0.9816, AUC: 0.8425
Epoch 72 – last‐batch loss: 0.9866, AUC: 0.8516
Epoch 73 – last‐batch loss: 1.0319, AUC: 0.8431
Epoch 74 – last‐batch loss: 1.0035, AUC: 0.8499
Epoch 75 – last‐batch loss: 0.9896, AUC: 0.8514
Epoch 76 – last‐batch loss: 1.0134, AUC: 0.8479
Epoch 77 – last‐batch loss: 0.9741, AUC: 0.8526
Epoch 78 – last‐batch loss: 0.9848, AUC: 0.8522
Epoch 79 – last‐batch loss: 1.0163, AUC: 0.8516
Epoch 80 – last‐batch loss: 0.9646, AUC: 0.8567
Evaluating...
........................................................................................................................................................................................................
epoch:80, time: 9059.428051(s), valid (NDCG@10: 0.4070, Recall@10: 0.5721, NDCG@20: 0.4372, Recall@20: 0.6921), test (NDCG@10: 0.3884, Recall@10: 0.5506, NDCG@20: 0.4209, Recall@20: 0.6801)
Epoch 81 – last‐batch loss: 0.9717, AUC: 0.8535
Epoch 82 – last‐batch loss: 1.0082, AUC: 0.8520
Epoch 83 – last‐batch loss: 0.9643, AUC: 0.8513
Epoch 84 – last‐batch loss: 1.0035, AUC: 0.8518
Epoch 85 – last‐batch loss: 0.9819, AUC: 0.8611
Epoch 86 – last‐batch loss: 0.9520, AUC: 0.8583
Epoch 87 – last‐batch loss: 0.9526, AUC: 0.8477
Epoch 88 – last‐batch loss: 0.9859, AUC: 0.8536
Epoch 89 – last‐batch loss: 0.9508, AUC: 0.8530
Epoch 90 – last‐batch loss: 0.9378, AUC: 0.8723
Epoch 91 – last‐batch loss: 0.9403, AUC: 0.8767
Epoch 92 – last‐batch loss: 0.9541, AUC: 0.8659
Epoch 93 – last‐batch loss: 0.9626, AUC: 0.8568
Epoch 94 – last‐batch loss: 0.9353, AUC: 0.8785
Epoch 95 – last‐batch loss: 0.9792, AUC: 0.8579
Epoch 96 – last‐batch loss: 0.9242, AUC: 0.8700
Epoch 97 – last‐batch loss: 0.9155, AUC: 0.8744
Epoch 98 – last‐batch loss: 0.9222, AUC: 0.8721
Epoch 99 – last‐batch loss: 0.9566, AUC: 0.8659
Epoch 100 – last‐batch loss: 0.9339, AUC: 0.8780
Evaluating...
........................................................................................................................................................................................................
epoch:100, time: 13702.787215(s), valid (NDCG@10: 0.4329, Recall@10: 0.6045, NDCG@20: 0.4640, Recall@20: 0.7282), test (NDCG@10: 0.4089, Recall@10: 0.5765, NDCG@20: 0.4433, Recall@20: 0.7136)
Test‐driven best at epoch 100: NDCG@10=0.4089, Recall@10=0.5765, NDCG@20=0.4433, Recall@20=0.7136
Total time used is 01:19:24
Total Train Time is : 01:09:09
Total Test Time:  00:10:14
Average Train Time per Epoch: 41.50 seconds
Average Test Time per Epoch: 6.14 seconds

--- Memory Usage Summary ---
Peak GPU Memory Usage: 1.15 GB
CPU Memory Usage: 4.02 GB
