Dataset = ml-1m
  # users         = 6040
  # items         = 3416
  # interactions  = 999611
  # Sequence length = 200
  # Average sequence length = 163.50
Evaluating...
........................................................................................................................
epoch:20, time: 34.271503(s), valid (NDCG@10: 0.5367, Recall@10: 0.7919, NDCG@20: 0.5623, Recall@20: 0.8919), test (NDCG@10: 0.5186, Recall@10: 0.7702, NDCG@20: 0.5444, Recall@20: 0.8717)
Evaluating...
........................................................................................................................
epoch:40, time: 150.587662(s), valid (NDCG@10: 0.5750, Recall@10: 0.8238, NDCG@20: 0.5962, Recall@20: 0.9071), test (NDCG@10: 0.5480, Recall@10: 0.7889, NDCG@20: 0.5720, Recall@20: 0.8831)
Evaluating...
........................................................................................................................
epoch:60, time: 350.134276(s), valid (NDCG@10: 0.5923, Recall@10: 0.8296, NDCG@20: 0.6125, Recall@20: 0.9091), test (NDCG@10: 0.5641, Recall@10: 0.8028, NDCG@20: 0.5859, Recall@20: 0.8886)
Evaluating...
........................................................................................................................
epoch:80, time: 633.803060(s), valid (NDCG@10: 0.5980, Recall@10: 0.8328, NDCG@20: 0.6183, Recall@20: 0.9126), test (NDCG@10: 0.5665, Recall@10: 0.8022, NDCG@20: 0.5886, Recall@20: 0.8887)
Evaluating...
........................................................................................................................
epoch:100, time: 1002.954694(s), valid (NDCG@10: 0.6008, Recall@10: 0.8333, NDCG@20: 0.6216, Recall@20: 0.9147), test (NDCG@10: 0.5686, Recall@10: 0.8046, NDCG@20: 0.5905, Recall@20: 0.8904)
Evaluating...
........................................................................................................................
epoch:120, time: 1457.461464(s), valid (NDCG@10: 0.6018, Recall@10: 0.8351, NDCG@20: 0.6226, Recall@20: 0.9171), test (NDCG@10: 0.5739, Recall@10: 0.8063, NDCG@20: 0.5960, Recall@20: 0.8934)
Evaluating...
........................................................................................................................
epoch:140, time: 1990.641466(s), valid (NDCG@10: 0.5960, Recall@10: 0.8344, NDCG@20: 0.6153, Recall@20: 0.9101), test (NDCG@10: 0.5706, Recall@10: 0.8035, NDCG@20: 0.5931, Recall@20: 0.8921)
  --> No improvement. Patience: 1/8
Evaluating...
........................................................................................................................
epoch:160, time: 2600.916476(s), valid (NDCG@10: 0.6066, Recall@10: 0.8373, NDCG@20: 0.6265, Recall@20: 0.9157), test (NDCG@10: 0.5745, Recall@10: 0.8099, NDCG@20: 0.5958, Recall@20: 0.8937)
Evaluating...
........................................................................................................................
epoch:180, time: 3288.851431(s), valid (NDCG@10: 0.6060, Recall@10: 0.8394, NDCG@20: 0.6247, Recall@20: 0.9129), test (NDCG@10: 0.5745, Recall@10: 0.8108, NDCG@20: 0.5959, Recall@20: 0.8952)
Evaluating...
........................................................................................................................
epoch:200, time: 4053.918615(s), valid (NDCG@10: 0.6093, Recall@10: 0.8377, NDCG@20: 0.6284, Recall@20: 0.9124), test (NDCG@10: 0.5729, Recall@10: 0.8050, NDCG@20: 0.5950, Recall@20: 0.8919)
  --> No improvement. Patience: 1/8
Test‐driven best at epoch 180: NDCG@10=0.5745, Recall@10=0.8108, NDCG@20=0.5959, Recall@20=0.8952
Total time used is 00:13:31
Total Train Time is : 00:05:24
Total Test Time:  00:08:07
Average Train Time per Epoch: 1.62 seconds
Average Test Time per Epoch: 2.44 seconds

--- Memory Usage Summary ---
Peak GPU Memory Usage: 0.44 GB
CPU Memory Usage: 1.64 GB
