Dataset = ml-1m
  # users         = 6040
  # items         = 3416
  # interactions  = 999611
  # Sequence length = 45
  # Average sequence length = 163.50
Evaluating...
........................................................................................................................
epoch:20, time: 21.832016(s), valid (NDCG@10: 0.4878, Recall@10: 0.7523, NDCG@20: 0.5164, Recall@20: 0.8649), test (NDCG@10: 0.4700, Recall@10: 0.7281, NDCG@20: 0.5003, Recall@20: 0.8474)
Evaluating...
........................................................................................................................
epoch:40, time: 112.872659(s), valid (NDCG@10: 0.5426, Recall@10: 0.7978, NDCG@20: 0.5669, Recall@20: 0.8940), test (NDCG@10: 0.5168, Recall@10: 0.7702, NDCG@20: 0.5436, Recall@20: 0.8762)
Evaluating...
........................................................................................................................
epoch:60, time: 273.190915(s), valid (NDCG@10: 0.5606, Recall@10: 0.8081, NDCG@20: 0.5834, Recall@20: 0.8977), test (NDCG@10: 0.5385, Recall@10: 0.7815, NDCG@20: 0.5631, Recall@20: 0.8783)
Evaluating...
........................................................................................................................
epoch:80, time: 502.954047(s), valid (NDCG@10: 0.5704, Recall@10: 0.8134, NDCG@20: 0.5917, Recall@20: 0.8972), test (NDCG@10: 0.5417, Recall@10: 0.7854, NDCG@20: 0.5654, Recall@20: 0.8786)
Evaluating...
........................................................................................................................
epoch:100, time: 801.030422(s), valid (NDCG@10: 0.5823, Recall@10: 0.8194, NDCG@20: 0.6039, Recall@20: 0.9041), test (NDCG@10: 0.5462, Recall@10: 0.7916, NDCG@20: 0.5685, Recall@20: 0.8793)
Evaluating...
........................................................................................................................
epoch:120, time: 1167.542852(s), valid (NDCG@10: 0.5821, Recall@10: 0.8154, NDCG@20: 0.6033, Recall@20: 0.8988), test (NDCG@10: 0.5516, Recall@10: 0.7916, NDCG@20: 0.5756, Recall@20: 0.8861)
Evaluating...
........................................................................................................................
epoch:140, time: 1603.522474(s), valid (NDCG@10: 0.5869, Recall@10: 0.8199, NDCG@20: 0.6082, Recall@20: 0.9030), test (NDCG@10: 0.5571, Recall@10: 0.7972, NDCG@20: 0.5787, Recall@20: 0.8826)
Evaluating...
........................................................................................................................
epoch:160, time: 2106.545103(s), valid (NDCG@10: 0.5818, Recall@10: 0.8162, NDCG@20: 0.6038, Recall@20: 0.9026), test (NDCG@10: 0.5551, Recall@10: 0.7937, NDCG@20: 0.5777, Recall@20: 0.8825)
  --> No improvement. Patience: 1/8
Evaluating...
........................................................................................................................
epoch:180, time: 2677.055192(s), valid (NDCG@10: 0.5868, Recall@10: 0.8263, NDCG@20: 0.6069, Recall@20: 0.9058), test (NDCG@10: 0.5555, Recall@10: 0.7957, NDCG@20: 0.5778, Recall@20: 0.8834)
  --> No improvement. Patience: 2/8
Evaluating...
........................................................................................................................
epoch:200, time: 3316.874167(s), valid (NDCG@10: 0.5882, Recall@10: 0.8243, NDCG@20: 0.6093, Recall@20: 0.9073), test (NDCG@10: 0.5590, Recall@10: 0.7964, NDCG@20: 0.5816, Recall@20: 0.8858)
Test‐driven best at epoch 200: NDCG@10=0.5590, Recall@10=0.7964, NDCG@20=0.5816, Recall@20=0.8858
Total time used is 00:11:27
Total Train Time is : 00:03:21
Total Test Time:  00:08:06
Average Train Time per Epoch: 1.01 seconds
Average Test Time per Epoch: 2.43 seconds

--- Memory Usage Summary ---
Peak GPU Memory Usage: 0.08 GB
CPU Memory Usage: 1.49 GB
