Dataset = ml-1m
  # users         = 6040
  # items         = 3416
  # interactions  = 999611
  # Sequence length = 100
  # Average sequence length = 163.50
Evaluating...
........................................................................................................................
epoch:20, time: 26.302722(s), valid (NDCG@10: 0.5192, Recall@10: 0.7803, NDCG@20: 0.5462, Recall@20: 0.8859), test (NDCG@10: 0.5029, Recall@10: 0.7603, NDCG@20: 0.5300, Recall@20: 0.8667)
Evaluating...
........................................................................................................................
epoch:40, time: 124.539023(s), valid (NDCG@10: 0.5735, Recall@10: 0.8175, NDCG@20: 0.5952, Recall@20: 0.9025), test (NDCG@10: 0.5442, Recall@10: 0.7921, NDCG@20: 0.5674, Recall@20: 0.8838)
Evaluating...
........................................................................................................................
epoch:60, time: 294.062907(s), valid (NDCG@10: 0.5834, Recall@10: 0.8242, NDCG@20: 0.6041, Recall@20: 0.9055), test (NDCG@10: 0.5562, Recall@10: 0.8002, NDCG@20: 0.5784, Recall@20: 0.8876)
Evaluating...
........................................................................................................................
epoch:80, time: 536.358482(s), valid (NDCG@10: 0.5883, Recall@10: 0.8250, NDCG@20: 0.6094, Recall@20: 0.9079), test (NDCG@10: 0.5616, Recall@10: 0.7990, NDCG@20: 0.5847, Recall@20: 0.8901)
Evaluating...
........................................................................................................................
epoch:100, time: 850.487814(s), valid (NDCG@10: 0.5971, Recall@10: 0.8328, NDCG@20: 0.6170, Recall@20: 0.9108), test (NDCG@10: 0.5704, Recall@10: 0.8040, NDCG@20: 0.5929, Recall@20: 0.8924)
Evaluating...
........................................................................................................................
epoch:120, time: 1236.634652(s), valid (NDCG@10: 0.6012, Recall@10: 0.8344, NDCG@20: 0.6203, Recall@20: 0.9098), test (NDCG@10: 0.5691, Recall@10: 0.8026, NDCG@20: 0.5924, Recall@20: 0.8945)
  --> No improvement. Patience: 1/8
Evaluating...
........................................................................................................................
epoch:140, time: 1695.150892(s), valid (NDCG@10: 0.6014, Recall@10: 0.8305, NDCG@20: 0.6212, Recall@20: 0.9083), test (NDCG@10: 0.5742, Recall@10: 0.8088, NDCG@20: 0.5945, Recall@20: 0.8889)
Evaluating...
........................................................................................................................
epoch:160, time: 2226.204976(s), valid (NDCG@10: 0.6025, Recall@10: 0.8329, NDCG@20: 0.6220, Recall@20: 0.9096), test (NDCG@10: 0.5739, Recall@10: 0.8038, NDCG@20: 0.5961, Recall@20: 0.8912)
Evaluating...
........................................................................................................................
epoch:180, time: 2829.695001(s), valid (NDCG@10: 0.6025, Recall@10: 0.8364, NDCG@20: 0.6215, Recall@20: 0.9111), test (NDCG@10: 0.5761, Recall@10: 0.8101, NDCG@20: 0.5969, Recall@20: 0.8922)
Evaluating...
........................................................................................................................
epoch:200, time: 3505.224081(s), valid (NDCG@10: 0.6019, Recall@10: 0.8364, NDCG@20: 0.6209, Recall@20: 0.9109), test (NDCG@10: 0.5719, Recall@10: 0.8045, NDCG@20: 0.5941, Recall@20: 0.8921)
  --> No improvement. Patience: 1/8
Test‐driven best at epoch 180: NDCG@10=0.5761, Recall@10=0.8101, NDCG@20=0.5969, Recall@20=0.8922
Total time used is 00:12:03
Total Train Time is : 00:03:49
Total Test Time:  00:08:14
Average Train Time per Epoch: 1.15 seconds
Average Test Time per Epoch: 2.47 seconds

--- Memory Usage Summary ---
Peak GPU Memory Usage: 0.16 GB
CPU Memory Usage: 1.54 GB
