📦 Processing Foursquare dataset...
Filtering triplets...
✅ Done! Users: 250501, Items: 1026543, Interactions: 26584380
Dataset = foursquare
  # users         = 250501
  # items         = 1026543
  # interactions  = 26584380
  # Sequence length = 20
  # Average sequence length = 104.12
Epoch 1 – last‐batch loss: 1.3613, AUC: 0.7240
Epoch 2 – last‐batch loss: 1.3291, AUC: 0.7569
Epoch 3 – last‐batch loss: 1.2970, AUC: 0.7479
Epoch 4 – last‐batch loss: 1.2796, AUC: 0.7556
Epoch 5 – last‐batch loss: 1.2628, AUC: 0.7665
Epoch 6 – last‐batch loss: 1.2372, AUC: 0.7666
Epoch 7 – last‐batch loss: 1.2126, AUC: 0.7654
Epoch 8 – last‐batch loss: 1.2065, AUC: 0.7877
Epoch 9 – last‐batch loss: 1.2049, AUC: 0.7722
Epoch 10 – last‐batch loss: 1.1722, AUC: 0.7901
Epoch 11 – last‐batch loss: 1.1501, AUC: 0.7965
Epoch 12 – last‐batch loss: 1.1459, AUC: 0.8005
Epoch 13 – last‐batch loss: 1.1617, AUC: 0.7621
Epoch 14 – last‐batch loss: 1.1162, AUC: 0.7979
Epoch 15 – last‐batch loss: 1.1189, AUC: 0.8176
Epoch 16 – last‐batch loss: 1.1216, AUC: 0.7883
Epoch 17 – last‐batch loss: 1.1307, AUC: 0.7842
Epoch 18 – last‐batch loss: 1.1453, AUC: 0.7842
Epoch 19 – last‐batch loss: 1.1303, AUC: 0.7883
Epoch 20 – last‐batch loss: 1.0866, AUC: 0.7963
Evaluating...
........................................................................................................................................................................................................
epoch:20, time: 916.400601(s), valid (NDCG@10: 0.3539, Recall@10: 0.5113, NDCG@20: 0.3808, Recall@20: 0.6182), test (NDCG@10: 0.3328, Recall@10: 0.4855, NDCG@20: 0.3597, Recall@20: 0.5917)
Epoch 21 – last‐batch loss: 1.1442, AUC: 0.7720
Epoch 22 – last‐batch loss: 1.1476, AUC: 0.7765
Epoch 23 – last‐batch loss: 1.1023, AUC: 0.7804
Epoch 24 – last‐batch loss: 1.1148, AUC: 0.7843
Epoch 25 – last‐batch loss: 1.0647, AUC: 0.8133
Epoch 26 – last‐batch loss: 1.0789, AUC: 0.8122
Epoch 27 – last‐batch loss: 1.0552, AUC: 0.8057
Epoch 28 – last‐batch loss: 1.0972, AUC: 0.7917
Epoch 29 – last‐batch loss: 1.0888, AUC: 0.7846
Epoch 30 – last‐batch loss: 1.0642, AUC: 0.8036
Epoch 31 – last‐batch loss: 1.0844, AUC: 0.8103
Epoch 32 – last‐batch loss: 1.0595, AUC: 0.8098
Epoch 33 – last‐batch loss: 1.0907, AUC: 0.7921
Epoch 34 – last‐batch loss: 1.0770, AUC: 0.7862
Epoch 35 – last‐batch loss: 1.0215, AUC: 0.8323
Epoch 36 – last‐batch loss: 1.0790, AUC: 0.8029
Epoch 37 – last‐batch loss: 1.0821, AUC: 0.7945
Epoch 38 – last‐batch loss: 1.0915, AUC: 0.7933
Epoch 39 – last‐batch loss: 1.0456, AUC: 0.8037
Epoch 40 – last‐batch loss: 1.0823, AUC: 0.7821
Evaluating...
........................................................................................................................................................................................................
epoch:40, time: 2897.727523(s), valid (NDCG@10: 0.3604, Recall@10: 0.5167, NDCG@20: 0.3896, Recall@20: 0.6328), test (NDCG@10: 0.3483, Recall@10: 0.5031, NDCG@20: 0.3746, Recall@20: 0.6076)
Epoch 41 – last‐batch loss: 1.0197, AUC: 0.8179
Epoch 42 – last‐batch loss: 1.0387, AUC: 0.8028
Epoch 43 – last‐batch loss: 1.0633, AUC: 0.8013
Epoch 44 – last‐batch loss: 1.0291, AUC: 0.8080
Epoch 45 – last‐batch loss: 1.0608, AUC: 0.8162
Epoch 46 – last‐batch loss: 1.0851, AUC: 0.8047
Epoch 47 – last‐batch loss: 1.0402, AUC: 0.8151
Epoch 48 – last‐batch loss: 1.0516, AUC: 0.8062
Epoch 49 – last‐batch loss: 1.0940, AUC: 0.7917
Epoch 50 – last‐batch loss: 1.1025, AUC: 0.7742
Epoch 51 – last‐batch loss: 1.0796, AUC: 0.8004
Epoch 52 – last‐batch loss: 1.0533, AUC: 0.8062
Epoch 53 – last‐batch loss: 1.0912, AUC: 0.7954
Epoch 54 – last‐batch loss: 1.0593, AUC: 0.8111
Epoch 55 – last‐batch loss: 1.0315, AUC: 0.8328
Epoch 56 – last‐batch loss: 1.0655, AUC: 0.8158
Epoch 57 – last‐batch loss: 1.0763, AUC: 0.8096
Epoch 58 – last‐batch loss: 1.0358, AUC: 0.8303
Epoch 59 – last‐batch loss: 1.0723, AUC: 0.8131
Epoch 60 – last‐batch loss: 1.0299, AUC: 0.8202
Evaluating...
........................................................................................................................................................................................................
epoch:60, time: 5940.216892(s), valid (NDCG@10: 0.3817, Recall@10: 0.5510, NDCG@20: 0.4140, Recall@20: 0.6791), test (NDCG@10: 0.3638, Recall@10: 0.5275, NDCG@20: 0.3947, Recall@20: 0.6511)
Epoch 61 – last‐batch loss: 1.0439, AUC: 0.8165
Epoch 62 – last‐batch loss: 1.0190, AUC: 0.8211
Epoch 63 – last‐batch loss: 1.0085, AUC: 0.8386
Epoch 64 – last‐batch loss: 1.0083, AUC: 0.8424
Epoch 65 – last‐batch loss: 1.0223, AUC: 0.8241
Epoch 66 – last‐batch loss: 1.0170, AUC: 0.8381
Epoch 67 – last‐batch loss: 0.9730, AUC: 0.8422
Epoch 68 – last‐batch loss: 1.0372, AUC: 0.8158
Epoch 69 – last‐batch loss: 1.0198, AUC: 0.8316
Epoch 70 – last‐batch loss: 1.0490, AUC: 0.8322
Epoch 71 – last‐batch loss: 1.0412, AUC: 0.8322
Epoch 72 – last‐batch loss: 0.9993, AUC: 0.8511
Epoch 73 – last‐batch loss: 1.0392, AUC: 0.8338
Epoch 74 – last‐batch loss: 1.0095, AUC: 0.8455
Epoch 75 – last‐batch loss: 1.0198, AUC: 0.8352
Epoch 76 – last‐batch loss: 0.9978, AUC: 0.8430
Epoch 77 – last‐batch loss: 1.0256, AUC: 0.8340
Epoch 78 – last‐batch loss: 0.9802, AUC: 0.8562
Epoch 79 – last‐batch loss: 1.0168, AUC: 0.8428
Epoch 80 – last‐batch loss: 1.0004, AUC: 0.8460
Evaluating...
........................................................................................................................................................................................................
epoch:80, time: 10043.828136(s), valid (NDCG@10: 0.3938, Recall@10: 0.5636, NDCG@20: 0.4239, Recall@20: 0.6829), test (NDCG@10: 0.3796, Recall@10: 0.5463, NDCG@20: 0.4112, Recall@20: 0.6717)
Epoch 81 – last‐batch loss: 0.9620, AUC: 0.8605
Epoch 82 – last‐batch loss: 0.9774, AUC: 0.8584
Epoch 83 – last‐batch loss: 0.9591, AUC: 0.8641
Epoch 84 – last‐batch loss: 0.9496, AUC: 0.8766
Epoch 85 – last‐batch loss: 0.9614, AUC: 0.8636
Epoch 86 – last‐batch loss: 0.9660, AUC: 0.8512
Epoch 87 – last‐batch loss: 0.9586, AUC: 0.8484
Epoch 88 – last‐batch loss: 1.0029, AUC: 0.8542
Epoch 89 – last‐batch loss: 0.9643, AUC: 0.8562
Epoch 90 – last‐batch loss: 0.9421, AUC: 0.8721
Epoch 91 – last‐batch loss: 0.9611, AUC: 0.8610
Epoch 92 – last‐batch loss: 0.9735, AUC: 0.8601
Epoch 93 – last‐batch loss: 0.9645, AUC: 0.8722
Epoch 94 – last‐batch loss: 0.9260, AUC: 0.8737
Epoch 95 – last‐batch loss: 0.9417, AUC: 0.8815
Epoch 96 – last‐batch loss: 0.8869, AUC: 0.8927
Epoch 97 – last‐batch loss: 0.9617, AUC: 0.8707
Epoch 98 – last‐batch loss: 0.8921, AUC: 0.8962
Epoch 99 – last‐batch loss: 0.9230, AUC: 0.8818
Epoch 100 – last‐batch loss: 0.9070, AUC: 0.8848
Evaluating...
........................................................................................................................................................................................................
epoch:100, time: 15220.261371(s), valid (NDCG@10: 0.4168, Recall@10: 0.5823, NDCG@20: 0.4503, Recall@20: 0.7149), test (NDCG@10: 0.4018, Recall@10: 0.5692, NDCG@20: 0.4349, Recall@20: 0.7004)
Test‐driven best at epoch 100: NDCG@10=0.4018, Recall@10=0.5692, NDCG@20=0.4349, Recall@20=0.7004
Total time used is 01:28:51
Total Train Time is : 01:16:09
Total Test Time:  00:12:42
Average Train Time per Epoch: 45.69 seconds
Average Test Time per Epoch: 7.62 seconds

--- Memory Usage Summary ---
Peak GPU Memory Usage: 1.15 GB
CPU Memory Usage: 4.02 GB
