📦 Processing Foursquare dataset...
Filtering triplets...
✅ Done! Users: 250501, Items: 1026543, Interactions: 26584380
Dataset = foursquare
  # users         = 250501
  # items         = 1026543
  # interactions  = 26584380
  # Sequence length = 100
  # Average sequence length = 104.12
Epoch 1 – last‐batch loss: 1.3418, AUC: 0.7579
Epoch 2 – last‐batch loss: 1.3035, AUC: 0.7207
Epoch 3 – last‐batch loss: 1.2523, AUC: 0.7573
Epoch 4 – last‐batch loss: 1.2149, AUC: 0.7665
Epoch 5 – last‐batch loss: 1.2108, AUC: 0.7636
Epoch 6 – last‐batch loss: 1.1703, AUC: 0.7641
Epoch 7 – last‐batch loss: 1.1710, AUC: 0.7735
Epoch 8 – last‐batch loss: 1.1361, AUC: 0.7702
Epoch 9 – last‐batch loss: 1.1373, AUC: 0.7667
Epoch 10 – last‐batch loss: 1.1131, AUC: 0.7704
Epoch 11 – last‐batch loss: 1.1066, AUC: 0.7818
Epoch 12 – last‐batch loss: 1.1110, AUC: 0.7687
Epoch 13 – last‐batch loss: 1.0966, AUC: 0.7748
Epoch 14 – last‐batch loss: 1.0668, AUC: 0.7973
Epoch 15 – last‐batch loss: 1.0750, AUC: 0.7855
Epoch 16 – last‐batch loss: 1.0934, AUC: 0.7762
Epoch 17 – last‐batch loss: 1.1007, AUC: 0.7796
Epoch 18 – last‐batch loss: 1.0607, AUC: 0.7934
Epoch 19 – last‐batch loss: 1.0612, AUC: 0.7907
Epoch 20 – last‐batch loss: 1.0534, AUC: 0.7969
Evaluating...
........................................................................................................................................................................................................
epoch:20, time: 1298.923295(s), valid (NDCG@10: 0.3655, Recall@10: 0.5255, NDCG@20: 0.3940, Recall@20: 0.6382), test (NDCG@10: 0.3473, Recall@10: 0.5035, NDCG@20: 0.3735, Recall@20: 0.6074)
Epoch 21 – last‐batch loss: 1.0849, AUC: 0.7853
Epoch 22 – last‐batch loss: 1.0473, AUC: 0.7942
Epoch 23 – last‐batch loss: 1.0400, AUC: 0.8077
Epoch 24 – last‐batch loss: 1.0596, AUC: 0.8005
Epoch 25 – last‐batch loss: 1.0504, AUC: 0.7994
Epoch 26 – last‐batch loss: 1.0289, AUC: 0.8131
Epoch 27 – last‐batch loss: 1.0371, AUC: 0.8161
Epoch 28 – last‐batch loss: 1.0388, AUC: 0.8069
Epoch 29 – last‐batch loss: 1.0401, AUC: 0.8326
Epoch 30 – last‐batch loss: 1.0241, AUC: 0.8277
Epoch 31 – last‐batch loss: 0.9699, AUC: 0.8394
Epoch 32 – last‐batch loss: 0.9730, AUC: 0.8365
Epoch 33 – last‐batch loss: 0.9997, AUC: 0.8408
Epoch 34 – last‐batch loss: 0.9862, AUC: 0.8450
Epoch 35 – last‐batch loss: 0.9842, AUC: 0.8572
Epoch 36 – last‐batch loss: 0.9203, AUC: 0.8749
Epoch 37 – last‐batch loss: 0.9450, AUC: 0.8596
Epoch 38 – last‐batch loss: 0.9494, AUC: 0.8592
Epoch 39 – last‐batch loss: 0.9252, AUC: 0.8611
Epoch 40 – last‐batch loss: 0.9380, AUC: 0.8647
Evaluating...
........................................................................................................................................................................................................
epoch:40, time: 4049.272588(s), valid (NDCG@10: 0.4169, Recall@10: 0.5816, NDCG@20: 0.4448, Recall@20: 0.6921), test (NDCG@10: 0.3980, Recall@10: 0.5610, NDCG@20: 0.4248, Recall@20: 0.6677)
Epoch 41 – last‐batch loss: 0.9563, AUC: 0.8558
Epoch 42 – last‐batch loss: 0.9334, AUC: 0.8681
Epoch 43 – last‐batch loss: 0.9421, AUC: 0.8688
Epoch 44 – last‐batch loss: 0.9301, AUC: 0.8662
Epoch 45 – last‐batch loss: 0.9189, AUC: 0.8705
Epoch 46 – last‐batch loss: 0.9020, AUC: 0.8799
Epoch 47 – last‐batch loss: 0.9238, AUC: 0.8750
Epoch 48 – last‐batch loss: 0.8965, AUC: 0.8837
Epoch 49 – last‐batch loss: 0.8861, AUC: 0.8757
Epoch 50 – last‐batch loss: 0.9127, AUC: 0.8756
Epoch 51 – last‐batch loss: 0.9020, AUC: 0.8812
Epoch 52 – last‐batch loss: 0.8772, AUC: 0.8797
Epoch 53 – last‐batch loss: 0.9076, AUC: 0.8700
Epoch 54 – last‐batch loss: 0.8961, AUC: 0.8745
Epoch 55 – last‐batch loss: 0.8688, AUC: 0.8819
Epoch 56 – last‐batch loss: 0.8822, AUC: 0.8849
Epoch 57 – last‐batch loss: 0.8570, AUC: 0.8866
Epoch 58 – last‐batch loss: 0.8668, AUC: 0.8874
Epoch 59 – last‐batch loss: 0.8803, AUC: 0.8791
Epoch 60 – last‐batch loss: 0.8308, AUC: 0.8936
Evaluating...
........................................................................................................................................................................................................
epoch:60, time: 8255.314818(s), valid (NDCG@10: 0.4448, Recall@10: 0.6097, NDCG@20: 0.4712, Recall@20: 0.7142), test (NDCG@10: 0.4307, Recall@10: 0.5925, NDCG@20: 0.4582, Recall@20: 0.7020)
Epoch 61 – last‐batch loss: 0.8562, AUC: 0.8972
Epoch 62 – last‐batch loss: 0.8808, AUC: 0.8782
Epoch 63 – last‐batch loss: 0.7900, AUC: 0.9062
Epoch 64 – last‐batch loss: 0.8380, AUC: 0.8963
Epoch 65 – last‐batch loss: 0.8416, AUC: 0.8924
Epoch 66 – last‐batch loss: 0.7902, AUC: 0.9093
Epoch 67 – last‐batch loss: 0.8548, AUC: 0.8883
Epoch 68 – last‐batch loss: 0.7980, AUC: 0.8999
Epoch 69 – last‐batch loss: 0.8227, AUC: 0.8948
Epoch 70 – last‐batch loss: 0.8299, AUC: 0.9047
Epoch 71 – last‐batch loss: 0.8676, AUC: 0.8857
Epoch 72 – last‐batch loss: 0.8167, AUC: 0.9011
Epoch 73 – last‐batch loss: 0.8183, AUC: 0.9033
Epoch 74 – last‐batch loss: 0.8266, AUC: 0.8963
Epoch 75 – last‐batch loss: 0.7591, AUC: 0.9129
Epoch 76 – last‐batch loss: 0.7433, AUC: 0.9152
Epoch 77 – last‐batch loss: 0.8160, AUC: 0.8948
Epoch 78 – last‐batch loss: 0.7575, AUC: 0.9171
Epoch 79 – last‐batch loss: 0.7680, AUC: 0.9129
Epoch 80 – last‐batch loss: 0.8034, AUC: 0.9037
Evaluating...
........................................................................................................................................................................................................
epoch:80, time: 13898.808387(s), valid (NDCG@10: 0.4788, Recall@10: 0.6449, NDCG@20: 0.5060, Recall@20: 0.7529), test (NDCG@10: 0.4384, Recall@10: 0.5988, NDCG@20: 0.4665, Recall@20: 0.7103)
Epoch 81 – last‐batch loss: 0.8141, AUC: 0.8988
Epoch 82 – last‐batch loss: 0.7858, AUC: 0.9075
Epoch 83 – last‐batch loss: 0.7793, AUC: 0.9107
Epoch 84 – last‐batch loss: 0.7388, AUC: 0.9205
Epoch 85 – last‐batch loss: 0.8060, AUC: 0.8998
Epoch 86 – last‐batch loss: 0.7964, AUC: 0.9049
Epoch 87 – last‐batch loss: 0.7473, AUC: 0.9160
Epoch 88 – last‐batch loss: 0.7525, AUC: 0.9126
Epoch 89 – last‐batch loss: 0.7667, AUC: 0.9090
Epoch 90 – last‐batch loss: 0.7667, AUC: 0.9113
Epoch 91 – last‐batch loss: 0.7854, AUC: 0.9069
Epoch 92 – last‐batch loss: 0.7727, AUC: 0.9117
Epoch 93 – last‐batch loss: 0.7837, AUC: 0.9077
Epoch 94 – last‐batch loss: 0.7685, AUC: 0.9103
Epoch 95 – last‐batch loss: 0.7300, AUC: 0.9212
Epoch 96 – last‐batch loss: 0.7381, AUC: 0.9203
Epoch 97 – last‐batch loss: 0.7170, AUC: 0.9254
Epoch 98 – last‐batch loss: 0.7238, AUC: 0.9241
Epoch 99 – last‐batch loss: 0.7269, AUC: 0.9198
Epoch 100 – last‐batch loss: 0.7439, AUC: 0.9189
Evaluating...
........................................................................................................................................................................................................
epoch:100, time: 20901.286083(s), valid (NDCG@10: 0.4934, Recall@10: 0.6618, NDCG@20: 0.5232, Recall@20: 0.7806), test (NDCG@10: 0.4725, Recall@10: 0.6361, NDCG@20: 0.5034, Recall@20: 0.7591)
Test‐driven best at epoch 100: NDCG@10=0.4725, Recall@10=0.6361, NDCG@20=0.5034, Recall@20=0.7591
Total time used: 1 hour 59 minutes 10.21 seconds
Training time: 1 hour 46 minutes 34.39 seconds (avg: 1 minute 3.94 seconds per epoch)
Testing time: 12 minutes 35.83 seconds (avg: 7.56 seconds per epoch)
Average Train Time per Epoch: 63.94 seconds
Average Test Time per Epoch: 7.56 seconds

--- Memory Usage Summary ---
Peak GPU Memory Usage: 1.28 GB
CPU Memory Usage: 4.01 GB
