📦 Processing Foursquare dataset...
Filtering triplets...
✅ Done! Users: 250501, Items: 1026543, Interactions: 26584380
Dataset = foursquare
  # users         = 250501
  # items         = 1026543
  # interactions  = 26584380
  # Sequence length = 45
  # Average sequence length = 104.12
Epoch 1 – last‐batch loss: 1.3445, AUC: 0.7517
Epoch 2 – last‐batch loss: 1.3062, AUC: 0.7580
Epoch 3 – last‐batch loss: 1.2695, AUC: 0.7343
Epoch 4 – last‐batch loss: 1.2251, AUC: 0.7807
Epoch 5 – last‐batch loss: 1.2161, AUC: 0.7588
Epoch 6 – last‐batch loss: 1.2133, AUC: 0.7573
Epoch 7 – last‐batch loss: 1.1885, AUC: 0.7678
Epoch 8 – last‐batch loss: 1.1804, AUC: 0.7596
Epoch 9 – last‐batch loss: 1.1736, AUC: 0.7624
Epoch 10 – last‐batch loss: 1.1659, AUC: 0.7643
Epoch 11 – last‐batch loss: 1.1510, AUC: 0.7631
Epoch 12 – last‐batch loss: 1.1365, AUC: 0.7672
Epoch 13 – last‐batch loss: 1.1114, AUC: 0.7785
Epoch 14 – last‐batch loss: 1.1189, AUC: 0.7709
Epoch 15 – last‐batch loss: 1.1215, AUC: 0.7639
Epoch 16 – last‐batch loss: 1.1163, AUC: 0.7773
Epoch 17 – last‐batch loss: 1.1029, AUC: 0.7702
Epoch 18 – last‐batch loss: 1.0951, AUC: 0.7753
Epoch 19 – last‐batch loss: 1.1089, AUC: 0.7596
Epoch 20 – last‐batch loss: 1.0653, AUC: 0.7850
Evaluating...
........................................................................................................................................................................................................
epoch:20, time: 1002.667828(s), valid (NDCG@10: 0.3534, Recall@10: 0.5118, NDCG@20: 0.3807, Recall@20: 0.6200), test (NDCG@10: 0.3289, Recall@10: 0.4759, NDCG@20: 0.3565, Recall@20: 0.5855)
Epoch 21 – last‐batch loss: 1.0966, AUC: 0.7683
Epoch 22 – last‐batch loss: 1.1011, AUC: 0.7649
Epoch 23 – last‐batch loss: 1.0475, AUC: 0.7911
Epoch 24 – last‐batch loss: 1.0730, AUC: 0.7878
Epoch 25 – last‐batch loss: 1.0916, AUC: 0.7744
Epoch 26 – last‐batch loss: 1.0372, AUC: 0.7916
Epoch 27 – last‐batch loss: 1.1021, AUC: 0.7888
Epoch 28 – last‐batch loss: 1.1119, AUC: 0.7767
Epoch 29 – last‐batch loss: 1.0386, AUC: 0.7949
Epoch 30 – last‐batch loss: 1.0999, AUC: 0.7948
Epoch 31 – last‐batch loss: 1.0790, AUC: 0.7895
Epoch 32 – last‐batch loss: 1.0377, AUC: 0.7980
Epoch 33 – last‐batch loss: 1.0744, AUC: 0.8028
Epoch 34 – last‐batch loss: 1.0593, AUC: 0.8102
Epoch 35 – last‐batch loss: 1.0226, AUC: 0.8065
Epoch 36 – last‐batch loss: 1.0618, AUC: 0.8129
Epoch 37 – last‐batch loss: 1.0333, AUC: 0.8235
Epoch 38 – last‐batch loss: 0.9823, AUC: 0.8348
Epoch 39 – last‐batch loss: 1.0367, AUC: 0.8275
Epoch 40 – last‐batch loss: 0.9992, AUC: 0.8372
Evaluating...
........................................................................................................................................................................................................
epoch:40, time: 3091.298455(s), valid (NDCG@10: 0.3988, Recall@10: 0.5678, NDCG@20: 0.4290, Recall@20: 0.6875), test (NDCG@10: 0.3695, Recall@10: 0.5286, NDCG@20: 0.4014, Recall@20: 0.6555)
Epoch 41 – last‐batch loss: 0.9691, AUC: 0.8449
Epoch 42 – last‐batch loss: 1.0223, AUC: 0.8208
Epoch 43 – last‐batch loss: 1.0096, AUC: 0.8413
Epoch 44 – last‐batch loss: 0.9625, AUC: 0.8583
Epoch 45 – last‐batch loss: 0.9842, AUC: 0.8469
Epoch 46 – last‐batch loss: 0.9723, AUC: 0.8605
Epoch 47 – last‐batch loss: 0.9806, AUC: 0.8427
Epoch 48 – last‐batch loss: 0.9435, AUC: 0.8584
Epoch 49 – last‐batch loss: 0.9818, AUC: 0.8646
Epoch 50 – last‐batch loss: 0.9432, AUC: 0.8699
Epoch 51 – last‐batch loss: 0.9483, AUC: 0.8693
Epoch 52 – last‐batch loss: 0.9712, AUC: 0.8618
Epoch 53 – last‐batch loss: 0.9755, AUC: 0.8580
Epoch 54 – last‐batch loss: 0.9371, AUC: 0.8724
Epoch 55 – last‐batch loss: 0.9538, AUC: 0.8705
Epoch 56 – last‐batch loss: 0.9487, AUC: 0.8721
Epoch 57 – last‐batch loss: 0.9205, AUC: 0.8726
Epoch 58 – last‐batch loss: 0.9234, AUC: 0.8805
Epoch 59 – last‐batch loss: 0.9107, AUC: 0.8737
Epoch 60 – last‐batch loss: 0.9660, AUC: 0.8542
Evaluating...
........................................................................................................................................................................................................
epoch:60, time: 6331.303499(s), valid (NDCG@10: 0.4360, Recall@10: 0.6107, NDCG@20: 0.4665, Recall@20: 0.7316), test (NDCG@10: 0.3988, Recall@10: 0.5675, NDCG@20: 0.4299, Recall@20: 0.6916)
Epoch 61 – last‐batch loss: 0.9020, AUC: 0.8780
Epoch 62 – last‐batch loss: 0.9246, AUC: 0.8647
Epoch 63 – last‐batch loss: 0.9197, AUC: 0.8650
Epoch 64 – last‐batch loss: 0.9665, AUC: 0.8570
Epoch 65 – last‐batch loss: 0.9111, AUC: 0.8796
Epoch 66 – last‐batch loss: 0.9399, AUC: 0.8591
Epoch 67 – last‐batch loss: 0.8820, AUC: 0.8905
Epoch 68 – last‐batch loss: 0.9038, AUC: 0.8779
Epoch 69 – last‐batch loss: 0.9231, AUC: 0.8746
Epoch 70 – last‐batch loss: 0.8897, AUC: 0.8828
Epoch 71 – last‐batch loss: 0.8777, AUC: 0.8914
Epoch 72 – last‐batch loss: 0.9098, AUC: 0.8782
Epoch 73 – last‐batch loss: 0.8522, AUC: 0.8963
Epoch 74 – last‐batch loss: 0.8675, AUC: 0.8949
Epoch 75 – last‐batch loss: 0.9071, AUC: 0.8774
Epoch 76 – last‐batch loss: 0.8273, AUC: 0.8914
Epoch 77 – last‐batch loss: 0.8484, AUC: 0.8954
Epoch 78 – last‐batch loss: 0.8353, AUC: 0.8944
Epoch 79 – last‐batch loss: 0.8110, AUC: 0.8998
Epoch 80 – last‐batch loss: 0.8590, AUC: 0.8935
Evaluating...
........................................................................................................................................................................................................
epoch:80, time: 10689.921852(s), valid (NDCG@10: 0.4552, Recall@10: 0.6293, NDCG@20: 0.4872, Recall@20: 0.7568), test (NDCG@10: 0.4356, Recall@10: 0.6054, NDCG@20: 0.4674, Recall@20: 0.7316)
Epoch 81 – last‐batch loss: 0.8222, AUC: 0.9024
Epoch 82 – last‐batch loss: 0.8207, AUC: 0.8993
Epoch 83 – last‐batch loss: 0.8197, AUC: 0.9024
Epoch 84 – last‐batch loss: 0.8212, AUC: 0.9026
Epoch 85 – last‐batch loss: 0.8310, AUC: 0.8932
Epoch 86 – last‐batch loss: 0.8348, AUC: 0.9024
Epoch 87 – last‐batch loss: 0.8348, AUC: 0.8944
Epoch 88 – last‐batch loss: 0.8166, AUC: 0.8941
Epoch 89 – last‐batch loss: 0.8083, AUC: 0.9057
Epoch 90 – last‐batch loss: 0.8300, AUC: 0.8991
Epoch 91 – last‐batch loss: 0.7898, AUC: 0.9074
Epoch 92 – last‐batch loss: 0.8125, AUC: 0.9042
Epoch 93 – last‐batch loss: 0.8351, AUC: 0.8988
Epoch 94 – last‐batch loss: 0.7711, AUC: 0.9168
Epoch 95 – last‐batch loss: 0.8357, AUC: 0.9016
Epoch 96 – last‐batch loss: 0.7821, AUC: 0.9036
Epoch 97 – last‐batch loss: 0.8360, AUC: 0.8973
Epoch 98 – last‐batch loss: 0.7877, AUC: 0.9099
Epoch 99 – last‐batch loss: 0.7605, AUC: 0.9151
Epoch 100 – last‐batch loss: 0.8341, AUC: 0.8885
Evaluating...
........................................................................................................................................................................................................
epoch:100, time: 16162.007457(s), valid (NDCG@10: 0.4775, Recall@10: 0.6474, NDCG@20: 0.5105, Recall@20: 0.7787), test (NDCG@10: 0.4577, Recall@10: 0.6257, NDCG@20: 0.4922, Recall@20: 0.7626)
Test‐driven best at epoch 100: NDCG@10=0.4577, Recall@10=0.6257, NDCG@20=0.4922, Recall@20=0.7626
Total time used is 01:33:16
Total Train Time is : 01:22:56
Total Test Time:  00:10:19
Average Train Time per Epoch: 49.77 seconds
Average Test Time per Epoch: 6.20 seconds

--- Memory Usage Summary ---
Peak GPU Memory Usage: 1.27 GB
CPU Memory Usage: 4.07 GB
