Processing xlong dataset...
Filtering triplets
Dataset = xlong
  # users         = 69691
  # items         = 2122932
  # interactions  = 66822348
  # Sequence length = 300
  # Average sequence length = 956.84
Epoch 1 – last‐batch loss: 1.1151, AUC: 0.8846
Epoch 2 – last‐batch loss: 0.9887, AUC: 0.8815
Epoch 3 – last‐batch loss: 0.9083, AUC: 0.8884
Epoch 4 – last‐batch loss: 0.8487, AUC: 0.8973
Epoch 5 – last‐batch loss: 0.8189, AUC: 0.8979
Epoch 6 – last‐batch loss: 0.7809, AUC: 0.9075
Epoch 7 – last‐batch loss: 0.7648, AUC: 0.9098
Epoch 8 – last‐batch loss: 0.7505, AUC: 0.9149
Epoch 9 – last‐batch loss: 0.7259, AUC: 0.9198
Epoch 10 – last‐batch loss: 0.7100, AUC: 0.9221
Epoch 11 – last‐batch loss: 0.6895, AUC: 0.9249
Epoch 12 – last‐batch loss: 0.6871, AUC: 0.9263
Epoch 13 – last‐batch loss: 0.6582, AUC: 0.9319
Epoch 14 – last‐batch loss: 0.6408, AUC: 0.9330
Epoch 15 – last‐batch loss: 0.6282, AUC: 0.9346
Epoch 16 – last‐batch loss: 0.6117, AUC: 0.9380
Epoch 17 – last‐batch loss: 0.5888, AUC: 0.9441
Epoch 18 – last‐batch loss: 0.5887, AUC: 0.9425
Epoch 19 – last‐batch loss: 0.5717, AUC: 0.9452
Epoch 20 – last‐batch loss: 0.5544, AUC: 0.9503
Evaluating...
........................................................................................................................................................................................................
epoch:20, time: 1127.003578(s), valid (NDCG@10: 0.4780, Recall@10: 0.7336, NDCG@20: 0.5131, Recall@20: 0.8713), test (NDCG@10: 0.0448, Recall@10: 0.0849, NDCG@20: 0.0551, Recall@20: 0.1259)
Epoch 21 – last‐batch loss: 0.5319, AUC: 0.9526
Epoch 22 – last‐batch loss: 0.5371, AUC: 0.9525
Epoch 23 – last‐batch loss: 0.5183, AUC: 0.9550
Epoch 24 – last‐batch loss: 0.5043, AUC: 0.9592
Epoch 25 – last‐batch loss: 0.4771, AUC: 0.9633
Epoch 26 – last‐batch loss: 0.4749, AUC: 0.9631
Epoch 27 – last‐batch loss: 0.4640, AUC: 0.9647
Epoch 28 – last‐batch loss: 0.4413, AUC: 0.9678
Epoch 29 – last‐batch loss: 0.4430, AUC: 0.9684
Epoch 30 – last‐batch loss: 0.4184, AUC: 0.9711
Epoch 31 – last‐batch loss: 0.4128, AUC: 0.9718
Epoch 32 – last‐batch loss: 0.4159, AUC: 0.9717
Epoch 33 – last‐batch loss: 0.3908, AUC: 0.9752
Epoch 34 – last‐batch loss: 0.3868, AUC: 0.9747
Epoch 35 – last‐batch loss: 0.3807, AUC: 0.9773
Epoch 36 – last‐batch loss: 0.3655, AUC: 0.9780
Epoch 37 – last‐batch loss: 0.3538, AUC: 0.9784
Epoch 38 – last‐batch loss: 0.3524, AUC: 0.9801
Epoch 39 – last‐batch loss: 0.3435, AUC: 0.9812
Epoch 40 – last‐batch loss: 0.3255, AUC: 0.9831
Evaluating...
........................................................................................................................................................................................................
epoch:40, time: 4002.480223(s), valid (NDCG@10: 0.6006, Recall@10: 0.8676, NDCG@20: 0.6163, Recall@20: 0.9287), test (NDCG@10: 0.0571, Recall@10: 0.1065, NDCG@20: 0.0707, Recall@20: 0.1606)
Epoch 41 – last‐batch loss: 0.3177, AUC: 0.9836
Epoch 42 – last‐batch loss: 0.3153, AUC: 0.9831
Epoch 43 – last‐batch loss: 0.3217, AUC: 0.9830
Epoch 44 – last‐batch loss: 0.3057, AUC: 0.9839
Epoch 45 – last‐batch loss: 0.2995, AUC: 0.9848
Epoch 46 – last‐batch loss: 0.2861, AUC: 0.9878
Epoch 47 – last‐batch loss: 0.2745, AUC: 0.9873
Epoch 48 – last‐batch loss: 0.2689, AUC: 0.9883
Epoch 49 – last‐batch loss: 0.2671, AUC: 0.9883
Epoch 50 – last‐batch loss: 0.2576, AUC: 0.9888
Epoch 51 – last‐batch loss: 0.2481, AUC: 0.9897
Epoch 52 – last‐batch loss: 0.2481, AUC: 0.9906
Epoch 53 – last‐batch loss: 0.2482, AUC: 0.9896
Epoch 54 – last‐batch loss: 0.2381, AUC: 0.9904
Epoch 55 – last‐batch loss: 0.2233, AUC: 0.9919
Epoch 56 – last‐batch loss: 0.2340, AUC: 0.9901
Epoch 57 – last‐batch loss: 0.2177, AUC: 0.9920
Epoch 58 – last‐batch loss: 0.2192, AUC: 0.9913
Epoch 59 – last‐batch loss: 0.2106, AUC: 0.9918
Epoch 60 – last‐batch loss: 0.2028, AUC: 0.9935
Evaluating...
........................................................................................................................................................................................................
epoch:60, time: 8626.780346(s), valid (NDCG@10: 0.7040, Recall@10: 0.9062, NDCG@20: 0.7125, Recall@20: 0.9397), test (NDCG@10: 0.0846, Recall@10: 0.1522, NDCG@20: 0.1012, Recall@20: 0.2183)
Epoch 61 – last‐batch loss: 0.1984, AUC: 0.9937
Epoch 62 – last‐batch loss: 0.1946, AUC: 0.9929
Epoch 63 – last‐batch loss: 0.2002, AUC: 0.9924
Epoch 64 – last‐batch loss: 0.1851, AUC: 0.9933
Epoch 65 – last‐batch loss: 0.1860, AUC: 0.9935
Epoch 66 – last‐batch loss: 0.1738, AUC: 0.9945
Epoch 67 – last‐batch loss: 0.1716, AUC: 0.9949
Epoch 68 – last‐batch loss: 0.1808, AUC: 0.9936
Epoch 69 – last‐batch loss: 0.1685, AUC: 0.9947
Epoch 70 – last‐batch loss: 0.1678, AUC: 0.9946
Epoch 71 – last‐batch loss: 0.1593, AUC: 0.9952
Epoch 72 – last‐batch loss: 0.1589, AUC: 0.9947
Epoch 73 – last‐batch loss: 0.1484, AUC: 0.9953
Epoch 74 – last‐batch loss: 0.1521, AUC: 0.9953
Epoch 75 – last‐batch loss: 0.1471, AUC: 0.9955
Epoch 76 – last‐batch loss: 0.1446, AUC: 0.9957
Epoch 77 – last‐batch loss: 0.1406, AUC: 0.9956
Epoch 78 – last‐batch loss: 0.1335, AUC: 0.9963
Epoch 79 – last‐batch loss: 0.1283, AUC: 0.9965
Epoch 80 – last‐batch loss: 0.1280, AUC: 0.9966
Evaluating...
........................................................................................................................................................................................................
epoch:80, time: 15019.736354(s), valid (NDCG@10: 0.7528, Recall@10: 0.9002, NDCG@20: 0.7619, Recall@20: 0.9367), test (NDCG@10: 0.1133, Recall@10: 0.1961, NDCG@20: 0.1345, Recall@20: 0.2804)
Epoch 81 – last‐batch loss: 0.1292, AUC: 0.9964
Epoch 82 – last‐batch loss: 0.1291, AUC: 0.9962
Epoch 83 – last‐batch loss: 0.1230, AUC: 0.9967
Epoch 84 – last‐batch loss: 0.1206, AUC: 0.9969
Epoch 85 – last‐batch loss: 0.1163, AUC: 0.9970
Epoch 86 – last‐batch loss: 0.1141, AUC: 0.9968
Epoch 87 – last‐batch loss: 0.1176, AUC: 0.9958
Epoch 88 – last‐batch loss: 0.1107, AUC: 0.9967
Epoch 89 – last‐batch loss: 0.1038, AUC: 0.9971
Epoch 90 – last‐batch loss: 0.1095, AUC: 0.9969
Epoch 91 – last‐batch loss: 0.1084, AUC: 0.9970
Epoch 92 – last‐batch loss: 0.0997, AUC: 0.9977
Epoch 93 – last‐batch loss: 0.1013, AUC: 0.9970
Epoch 94 – last‐batch loss: 0.0976, AUC: 0.9975
Epoch 95 – last‐batch loss: 0.1010, AUC: 0.9973
Epoch 96 – last‐batch loss: 0.0951, AUC: 0.9974
Epoch 97 – last‐batch loss: 0.0901, AUC: 0.9976
Epoch 98 – last‐batch loss: 0.0924, AUC: 0.9975
Epoch 99 – last‐batch loss: 0.0902, AUC: 0.9974
Epoch 100 – last‐batch loss: 0.0898, AUC: 0.9977
Evaluating...
........................................................................................................................................................................................................
epoch:100, time: 23191.975152(s), valid (NDCG@10: 0.7887, Recall@10: 0.9064, NDCG@20: 0.7978, Recall@20: 0.9425), test (NDCG@10: 0.1503, Recall@10: 0.2491, NDCG@20: 0.1747, Recall@20: 0.3461)
Test‐driven best at epoch 100: NDCG@10=0.1503, Recall@10=0.2491, NDCG@20=0.1747, Recall@20=0.3461
Total time used is 02:26:39
Total Train Time is : 01:33:52
Total Test Time:  00:52:46
Average Train Time per Epoch: 56.32 seconds
Average Test Time per Epoch: 31.67 seconds

--- Memory Usage Summary ---
Peak GPU Memory Usage: 3.12 GB
CPU Memory Usage: 5.99 GB
