📦 Processing Foursquare dataset...
Filtering triplets...
✅ Done! Users: 250501, Items: 1026543, Interactions: 26584380
Dataset = foursquare
  # users         = 250501
  # items         = 1026543
  # interactions  = 26584380
  # Sequence length = 20
  # Average sequence length = 104.12
Epoch 1 – last‐batch loss: 1.3618, AUC: 0.7421
Epoch 2 – last‐batch loss: 1.3388, AUC: 0.7314
Epoch 3 – last‐batch loss: 1.3075, AUC: 0.7658
Epoch 4 – last‐batch loss: 1.2533, AUC: 0.7941
Epoch 5 – last‐batch loss: 1.2685, AUC: 0.7705
Epoch 6 – last‐batch loss: 1.2463, AUC: 0.7803
Epoch 7 – last‐batch loss: 1.2250, AUC: 0.8007
Epoch 8 – last‐batch loss: 1.2187, AUC: 0.7947
Epoch 9 – last‐batch loss: 1.2002, AUC: 0.7870
Epoch 10 – last‐batch loss: 1.1836, AUC: 0.7980
Epoch 11 – last‐batch loss: 1.2020, AUC: 0.7785
Epoch 12 – last‐batch loss: 1.1710, AUC: 0.8013
Epoch 13 – last‐batch loss: 1.1510, AUC: 0.7864
Epoch 14 – last‐batch loss: 1.1864, AUC: 0.7677
Epoch 15 – last‐batch loss: 1.1469, AUC: 0.7903
Epoch 16 – last‐batch loss: 1.1404, AUC: 0.7949
Epoch 17 – last‐batch loss: 1.1290, AUC: 0.7971
Epoch 18 – last‐batch loss: 1.1095, AUC: 0.8014
Epoch 19 – last‐batch loss: 1.0842, AUC: 0.8178
Epoch 20 – last‐batch loss: 1.0915, AUC: 0.8031
Evaluating...
........................................................................................................................................................................................................
epoch:20, time: 874.858689(s), valid (NDCG@10: 0.3606, Recall@10: 0.5153, NDCG@20: 0.3866, Recall@20: 0.6186), test (NDCG@10: 0.3414, Recall@10: 0.4904, NDCG@20: 0.3671, Recall@20: 0.5922)
Epoch 21 – last‐batch loss: 1.0932, AUC: 0.7932
Epoch 22 – last‐batch loss: 1.1362, AUC: 0.7936
Epoch 23 – last‐batch loss: 1.0853, AUC: 0.8114
Epoch 24 – last‐batch loss: 1.1156, AUC: 0.7881
Epoch 25 – last‐batch loss: 1.0984, AUC: 0.8051
Epoch 26 – last‐batch loss: 1.1031, AUC: 0.7892
Epoch 27 – last‐batch loss: 1.0907, AUC: 0.8069
Epoch 28 – last‐batch loss: 1.0656, AUC: 0.8172
Epoch 29 – last‐batch loss: 1.1039, AUC: 0.7863
Epoch 30 – last‐batch loss: 1.0929, AUC: 0.8140
Epoch 31 – last‐batch loss: 1.0681, AUC: 0.8029
Epoch 32 – last‐batch loss: 1.0858, AUC: 0.8131
Epoch 33 – last‐batch loss: 1.0955, AUC: 0.7969
Epoch 34 – last‐batch loss: 1.0924, AUC: 0.7921
Epoch 35 – last‐batch loss: 1.0901, AUC: 0.8080
Epoch 36 – last‐batch loss: 1.0549, AUC: 0.8377
Epoch 37 – last‐batch loss: 1.0749, AUC: 0.7993
Epoch 38 – last‐batch loss: 1.0757, AUC: 0.8161
Epoch 39 – last‐batch loss: 1.0330, AUC: 0.8243
Epoch 40 – last‐batch loss: 1.0302, AUC: 0.8125
Evaluating...
........................................................................................................................................................................................................
epoch:40, time: 2769.601506(s), valid (NDCG@10: 0.3629, Recall@10: 0.5197, NDCG@20: 0.3896, Recall@20: 0.6257), test (NDCG@10: 0.3374, Recall@10: 0.4857, NDCG@20: 0.3649, Recall@20: 0.5946)
  --> No improvement. Patience: 1/8
Epoch 41 – last‐batch loss: 1.0458, AUC: 0.8278
Epoch 42 – last‐batch loss: 1.0704, AUC: 0.8176
Epoch 43 – last‐batch loss: 1.0596, AUC: 0.8102
Epoch 44 – last‐batch loss: 1.0316, AUC: 0.8402
Epoch 45 – last‐batch loss: 1.0668, AUC: 0.8076
Epoch 46 – last‐batch loss: 1.0284, AUC: 0.8219
Epoch 47 – last‐batch loss: 1.0361, AUC: 0.8288
Epoch 48 – last‐batch loss: 1.0588, AUC: 0.8176
Epoch 49 – last‐batch loss: 1.0181, AUC: 0.8370
Epoch 50 – last‐batch loss: 1.0082, AUC: 0.8308
Epoch 51 – last‐batch loss: 1.0760, AUC: 0.8173
Epoch 52 – last‐batch loss: 1.0247, AUC: 0.8306
Epoch 53 – last‐batch loss: 1.0618, AUC: 0.8342
Epoch 54 – last‐batch loss: 1.0530, AUC: 0.8358
Epoch 55 – last‐batch loss: 1.0209, AUC: 0.8436
Epoch 56 – last‐batch loss: 0.9974, AUC: 0.8524
Epoch 57 – last‐batch loss: 1.0042, AUC: 0.8533
Epoch 58 – last‐batch loss: 1.0256, AUC: 0.8557
Epoch 59 – last‐batch loss: 1.0186, AUC: 0.8482
Epoch 60 – last‐batch loss: 1.0030, AUC: 0.8450
Evaluating...
........................................................................................................................................................................................................
epoch:60, time: 5682.713591(s), valid (NDCG@10: 0.3833, Recall@10: 0.5507, NDCG@20: 0.4127, Recall@20: 0.6672), test (NDCG@10: 0.3609, Recall@10: 0.5240, NDCG@20: 0.3915, Recall@20: 0.6455)
Epoch 61 – last‐batch loss: 1.0144, AUC: 0.8446
Epoch 62 – last‐batch loss: 0.9976, AUC: 0.8529
Epoch 63 – last‐batch loss: 0.9847, AUC: 0.8525
Epoch 64 – last‐batch loss: 1.0320, AUC: 0.8439
Epoch 65 – last‐batch loss: 0.9866, AUC: 0.8533
Epoch 66 – last‐batch loss: 1.0078, AUC: 0.8518
Epoch 67 – last‐batch loss: 0.9767, AUC: 0.8511
Epoch 68 – last‐batch loss: 0.9622, AUC: 0.8480
Epoch 69 – last‐batch loss: 0.9666, AUC: 0.8660
Epoch 70 – last‐batch loss: 0.9426, AUC: 0.8631
Epoch 71 – last‐batch loss: 1.0020, AUC: 0.8407
Epoch 72 – last‐batch loss: 0.9530, AUC: 0.8753
Epoch 73 – last‐batch loss: 0.9340, AUC: 0.8747
Epoch 74 – last‐batch loss: 1.0057, AUC: 0.8507
Epoch 75 – last‐batch loss: 0.9569, AUC: 0.8731
Epoch 76 – last‐batch loss: 0.9620, AUC: 0.8717
Epoch 77 – last‐batch loss: 0.9339, AUC: 0.8720
Epoch 78 – last‐batch loss: 0.9274, AUC: 0.8743
Epoch 79 – last‐batch loss: 0.9510, AUC: 0.8759
Epoch 80 – last‐batch loss: 0.9027, AUC: 0.8912
Evaluating...
........................................................................................................................................................................................................
epoch:80, time: 9613.943887(s), valid (NDCG@10: 0.3938, Recall@10: 0.5631, NDCG@20: 0.4221, Recall@20: 0.6748), test (NDCG@10: 0.3768, Recall@10: 0.5442, NDCG@20: 0.4084, Recall@20: 0.6696)
Epoch 81 – last‐batch loss: 0.9794, AUC: 0.8582
Epoch 82 – last‐batch loss: 0.9338, AUC: 0.8761
Epoch 83 – last‐batch loss: 0.8817, AUC: 0.8891
Epoch 84 – last‐batch loss: 0.9299, AUC: 0.8735
Epoch 85 – last‐batch loss: 0.9325, AUC: 0.8759
Epoch 86 – last‐batch loss: 0.8781, AUC: 0.8851
Epoch 87 – last‐batch loss: 0.9082, AUC: 0.8897
Epoch 88 – last‐batch loss: 0.9224, AUC: 0.8688
Epoch 89 – last‐batch loss: 0.8627, AUC: 0.8856
Epoch 90 – last‐batch loss: 0.9506, AUC: 0.8685
Epoch 91 – last‐batch loss: 0.9326, AUC: 0.8730
Epoch 92 – last‐batch loss: 0.8885, AUC: 0.8737
Epoch 93 – last‐batch loss: 0.8668, AUC: 0.8822
Epoch 94 – last‐batch loss: 0.8953, AUC: 0.8755
Epoch 95 – last‐batch loss: 0.9200, AUC: 0.8674
Epoch 96 – last‐batch loss: 0.9095, AUC: 0.8851
Epoch 97 – last‐batch loss: 0.8989, AUC: 0.8813
Epoch 98 – last‐batch loss: 0.8872, AUC: 0.9104
Epoch 99 – last‐batch loss: 0.8644, AUC: 0.8914
Epoch 100 – last‐batch loss: 0.9044, AUC: 0.8793
Evaluating...
........................................................................................................................................................................................................
epoch:100, time: 14569.100743(s), valid (NDCG@10: 0.4008, Recall@10: 0.5655, NDCG@20: 0.4308, Recall@20: 0.6845), test (NDCG@10: 0.3853, Recall@10: 0.5480, NDCG@20: 0.4155, Recall@20: 0.6681)
Test‐driven best at epoch 100: NDCG@10=0.3853, Recall@10=0.5480, NDCG@20=0.4155, Recall@20=0.6681
Total time used is 01:25:08
Total Train Time is : 01:12:37
Total Test Time:  00:12:31
Average Train Time per Epoch: 43.58 seconds
Average Test Time per Epoch: 7.51 seconds

--- Memory Usage Summary ---
Peak GPU Memory Usage: 1.15 GB
CPU Memory Usage: 4.03 GB
