Dataset = ml-1m
  # users         = 6040
  # items         = 3416
  # interactions  = 999611
  # Sequence length = 45
  # Average sequence length = 163.50
Evaluating...
........................................................................................................................
epoch:20, time: 17.855805(s), valid (NDCG@10: 0.5239, Recall@10: 0.7820, NDCG@20: 0.5486, Recall@20: 0.8791), test (NDCG@10: 0.4996, Recall@10: 0.7548, NDCG@20: 0.5265, Recall@20: 0.8609)
Evaluating...
........................................................................................................................
epoch:40, time: 98.579294(s), valid (NDCG@10: 0.5503, Recall@10: 0.7970, NDCG@20: 0.5738, Recall@20: 0.8896), test (NDCG@10: 0.5229, Recall@10: 0.7661, NDCG@20: 0.5496, Recall@20: 0.8707)
Evaluating...
........................................................................................................................
epoch:60, time: 241.775496(s), valid (NDCG@10: 0.5513, Recall@10: 0.7978, NDCG@20: 0.5751, Recall@20: 0.8912), test (NDCG@10: 0.5275, Recall@10: 0.7699, NDCG@20: 0.5526, Recall@20: 0.8690)
Evaluating...
........................................................................................................................
epoch:80, time: 447.181571(s), valid (NDCG@10: 0.5574, Recall@10: 0.7954, NDCG@20: 0.5811, Recall@20: 0.8886), test (NDCG@10: 0.5192, Recall@10: 0.7624, NDCG@20: 0.5458, Recall@20: 0.8677)
  --> No improvement. Patience: 1/8
Evaluating...
........................................................................................................................
epoch:100, time: 714.802302(s), valid (NDCG@10: 0.5548, Recall@10: 0.8000, NDCG@20: 0.5772, Recall@20: 0.8884), test (NDCG@10: 0.5237, Recall@10: 0.7662, NDCG@20: 0.5493, Recall@20: 0.8675)
  --> No improvement. Patience: 2/8
Evaluating...
........................................................................................................................
epoch:120, time: 1044.420803(s), valid (NDCG@10: 0.5542, Recall@10: 0.7906, NDCG@20: 0.5783, Recall@20: 0.8856), test (NDCG@10: 0.5230, Recall@10: 0.7661, NDCG@20: 0.5481, Recall@20: 0.8647)
  --> No improvement. Patience: 3/8
Evaluating...
........................................................................................................................
epoch:140, time: 1436.427047(s), valid (NDCG@10: 0.5512, Recall@10: 0.7917, NDCG@20: 0.5745, Recall@20: 0.8833), test (NDCG@10: 0.5228, Recall@10: 0.7647, NDCG@20: 0.5486, Recall@20: 0.8661)
  --> No improvement. Patience: 4/8
Evaluating...
........................................................................................................................
epoch:160, time: 1890.420906(s), valid (NDCG@10: 0.5485, Recall@10: 0.7901, NDCG@20: 0.5728, Recall@20: 0.8851), test (NDCG@10: 0.5215, Recall@10: 0.7604, NDCG@20: 0.5490, Recall@20: 0.8684)
  --> No improvement. Patience: 5/8
Evaluating...
........................................................................................................................
epoch:180, time: 2406.385323(s), valid (NDCG@10: 0.5555, Recall@10: 0.7967, NDCG@20: 0.5769, Recall@20: 0.8816), test (NDCG@10: 0.5203, Recall@10: 0.7603, NDCG@20: 0.5474, Recall@20: 0.8664)
  --> No improvement. Patience: 6/8
Evaluating...
........................................................................................................................
epoch:200, time: 2984.442666(s), valid (NDCG@10: 0.5477, Recall@10: 0.7836, NDCG@20: 0.5729, Recall@20: 0.8823), test (NDCG@10: 0.5204, Recall@10: 0.7584, NDCG@20: 0.5474, Recall@20: 0.8642)
  --> No improvement. Patience: 7/8
Test‐driven best at epoch 60: NDCG@10=0.5275, Recall@10=0.7699, NDCG@20=0.5526, Recall@20=0.8690
Total time used is 00:10:25
Total Train Time is : 00:02:24
Total Test Time:  00:08:00
Average Train Time per Epoch: 0.72 seconds
Average Test Time per Epoch: 2.40 seconds

--- Memory Usage Summary ---
Peak GPU Memory Usage: 0.08 GB
CPU Memory Usage: 1.47 GB
