Dataset = ml-1m
  # users         = 6040
  # items         = 3416
  # interactions  = 999611
  # Sequence length = 200
  # Average sequence length = 163.50
Evaluating...
........................................................................................................................
epoch:20, time: 35.868572(s), valid (NDCG@10: 0.5512, Recall@10: 0.8073, NDCG@20: 0.5749, Recall@20: 0.9005), test (NDCG@10: 0.5291, Recall@10: 0.7856, NDCG@20: 0.5521, Recall@20: 0.8765)
Evaluating...
........................................................................................................................
epoch:40, time: 153.470165(s), valid (NDCG@10: 0.5868, Recall@10: 0.8283, NDCG@20: 0.6069, Recall@20: 0.9075), test (NDCG@10: 0.5617, Recall@10: 0.8035, NDCG@20: 0.5847, Recall@20: 0.8937)
Evaluating...
........................................................................................................................
epoch:60, time: 353.166396(s), valid (NDCG@10: 0.5991, Recall@10: 0.8353, NDCG@20: 0.6184, Recall@20: 0.9108), test (NDCG@10: 0.5742, Recall@10: 0.8123, NDCG@20: 0.5950, Recall@20: 0.8942)
Evaluating...
........................................................................................................................
epoch:80, time: 635.062447(s), valid (NDCG@10: 0.6078, Recall@10: 0.8386, NDCG@20: 0.6256, Recall@20: 0.9083), test (NDCG@10: 0.5726, Recall@10: 0.8104, NDCG@20: 0.5936, Recall@20: 0.8934)
  --> No improvement. Patience: 1/8
Evaluating...
........................................................................................................................
epoch:100, time: 998.800546(s), valid (NDCG@10: 0.6011, Recall@10: 0.8351, NDCG@20: 0.6202, Recall@20: 0.9099), test (NDCG@10: 0.5757, Recall@10: 0.8076, NDCG@20: 0.5972, Recall@20: 0.8922)
Evaluating...
........................................................................................................................
epoch:120, time: 1444.320159(s), valid (NDCG@10: 0.6038, Recall@10: 0.8331, NDCG@20: 0.6238, Recall@20: 0.9116), test (NDCG@10: 0.5733, Recall@10: 0.8076, NDCG@20: 0.5945, Recall@20: 0.8912)
  --> No improvement. Patience: 2/8
Evaluating...
........................................................................................................................
epoch:140, time: 1972.071722(s), valid (NDCG@10: 0.6048, Recall@10: 0.8354, NDCG@20: 0.6236, Recall@20: 0.9096), test (NDCG@10: 0.5721, Recall@10: 0.8068, NDCG@20: 0.5942, Recall@20: 0.8937)
  --> No improvement. Patience: 3/8
Evaluating...
........................................................................................................................
epoch:160, time: 2581.633034(s), valid (NDCG@10: 0.6003, Recall@10: 0.8369, NDCG@20: 0.6183, Recall@20: 0.9081), test (NDCG@10: 0.5727, Recall@10: 0.8073, NDCG@20: 0.5943, Recall@20: 0.8929)
  --> No improvement. Patience: 4/8
Evaluating...
........................................................................................................................
epoch:180, time: 3272.934894(s), valid (NDCG@10: 0.6037, Recall@10: 0.8364, NDCG@20: 0.6221, Recall@20: 0.9086), test (NDCG@10: 0.5743, Recall@10: 0.8046, NDCG@20: 0.5963, Recall@20: 0.8909)
  --> No improvement. Patience: 5/8
Evaluating...
........................................................................................................................
epoch:200, time: 4046.155185(s), valid (NDCG@10: 0.6023, Recall@10: 0.8323, NDCG@20: 0.6216, Recall@20: 0.9076), test (NDCG@10: 0.5735, Recall@10: 0.8050, NDCG@20: 0.5958, Recall@20: 0.8927)
  --> No improvement. Patience: 6/8
Test‐driven best at epoch 100: NDCG@10=0.5757, Recall@10=0.8076, NDCG@20=0.5972, Recall@20=0.8922
Total time used is 00:13:42
Total Train Time is : 00:05:20
Total Test Time:  00:08:21
Average Train Time per Epoch: 1.60 seconds
Average Test Time per Epoch: 2.51 seconds

--- Memory Usage Summary ---
Peak GPU Memory Usage: 0.41 GB
CPU Memory Usage: 1.68 GB
