Dataset = ml-1m
  # users         = 6040
  # items         = 3416
  # interactions  = 999611
  # Sequence length = 100
  # Average sequence length = 163.50
Evaluating...
........................................................................................................................
epoch:20, time: 20.882146(s), valid (NDCG@10: 0.5415, Recall@10: 0.7969, NDCG@20: 0.5659, Recall@20: 0.8921), test (NDCG@10: 0.5152, Recall@10: 0.7636, NDCG@20: 0.5434, Recall@20: 0.8748)
Evaluating...
........................................................................................................................
epoch:40, time: 108.934370(s), valid (NDCG@10: 0.5763, Recall@10: 0.8166, NDCG@20: 0.5984, Recall@20: 0.9033), test (NDCG@10: 0.5433, Recall@10: 0.7897, NDCG@20: 0.5672, Recall@20: 0.8841)
Evaluating...
........................................................................................................................
epoch:60, time: 264.347344(s), valid (NDCG@10: 0.5819, Recall@10: 0.8243, NDCG@20: 0.6009, Recall@20: 0.8987), test (NDCG@10: 0.5557, Recall@10: 0.7959, NDCG@20: 0.5771, Recall@20: 0.8805)
Evaluating...
........................................................................................................................
epoch:80, time: 486.702711(s), valid (NDCG@10: 0.5815, Recall@10: 0.8207, NDCG@20: 0.6022, Recall@20: 0.9020), test (NDCG@10: 0.5561, Recall@10: 0.7937, NDCG@20: 0.5782, Recall@20: 0.8803)
Evaluating...
........................................................................................................................
epoch:100, time: 775.606865(s), valid (NDCG@10: 0.5827, Recall@10: 0.8189, NDCG@20: 0.6035, Recall@20: 0.9010), test (NDCG@10: 0.5554, Recall@10: 0.7917, NDCG@20: 0.5779, Recall@20: 0.8805)
  --> No improvement. Patience: 1/8
Evaluating...
........................................................................................................................
epoch:120, time: 1132.173805(s), valid (NDCG@10: 0.5874, Recall@10: 0.8209, NDCG@20: 0.6078, Recall@20: 0.9012), test (NDCG@10: 0.5550, Recall@10: 0.7934, NDCG@20: 0.5771, Recall@20: 0.8806)
  --> No improvement. Patience: 1/8
Evaluating...
........................................................................................................................
epoch:140, time: 1555.628498(s), valid (NDCG@10: 0.5830, Recall@10: 0.8189, NDCG@20: 0.6034, Recall@20: 0.8995), test (NDCG@10: 0.5511, Recall@10: 0.7892, NDCG@20: 0.5743, Recall@20: 0.8803)
  --> No improvement. Patience: 2/8
Evaluating...
........................................................................................................................
epoch:160, time: 2045.290877(s), valid (NDCG@10: 0.5876, Recall@10: 0.8204, NDCG@20: 0.6082, Recall@20: 0.9010), test (NDCG@10: 0.5553, Recall@10: 0.7882, NDCG@20: 0.5780, Recall@20: 0.8773)
  --> No improvement. Patience: 1/8
Evaluating...
........................................................................................................................
epoch:180, time: 2602.429658(s), valid (NDCG@10: 0.5804, Recall@10: 0.8222, NDCG@20: 0.6005, Recall@20: 0.9015), test (NDCG@10: 0.5572, Recall@10: 0.7901, NDCG@20: 0.5806, Recall@20: 0.8826)
Evaluating...
........................................................................................................................
epoch:200, time: 3226.966885(s), valid (NDCG@10: 0.5811, Recall@10: 0.8171, NDCG@20: 0.6026, Recall@20: 0.9017), test (NDCG@10: 0.5547, Recall@10: 0.7927, NDCG@20: 0.5761, Recall@20: 0.8772)
  --> No improvement. Patience: 2/8
Test‐driven best at epoch 180: NDCG@10=0.5572, Recall@10=0.7901, NDCG@20=0.5806, Recall@20=0.8826
Total time used is 00:11:13
Total Train Time is : 00:02:57
Total Test Time:  00:08:15
Average Train Time per Epoch: 0.89 seconds
Average Test Time per Epoch: 2.48 seconds

--- Memory Usage Summary ---
Peak GPU Memory Usage: 0.16 GB
CPU Memory Usage: 1.54 GB
