Processing xlong dataset...
Filtering triplets
Dataset = xlong
  # users         = 69691
  # items         = 2122932
  # interactions  = 66822348
  # Sequence length = 500
  # Average sequence length = 956.84
Epoch 1 – last‐batch loss: 1.1204, AUC: 0.8506
Epoch 2 – last‐batch loss: 1.0436, AUC: 0.8380
Epoch 3 – last‐batch loss: 0.9884, AUC: 0.8523
Epoch 4 – last‐batch loss: 0.9328, AUC: 0.8707
Epoch 5 – last‐batch loss: 0.9612, AUC: 0.8564
Epoch 6 – last‐batch loss: 0.9099, AUC: 0.8760
Epoch 7 – last‐batch loss: 0.9081, AUC: 0.8782
Epoch 8 – last‐batch loss: 0.8919, AUC: 0.8763
Epoch 9 – last‐batch loss: 0.8562, AUC: 0.8910
Epoch 10 – last‐batch loss: 0.8449, AUC: 0.8930
Epoch 11 – last‐batch loss: 0.8233, AUC: 0.8971
Epoch 12 – last‐batch loss: 0.8129, AUC: 0.9016
Epoch 13 – last‐batch loss: 0.7899, AUC: 0.9068
Epoch 14 – last‐batch loss: 0.7738, AUC: 0.9059
Epoch 15 – last‐batch loss: 0.7472, AUC: 0.9172
Epoch 16 – last‐batch loss: 0.7356, AUC: 0.9170
Epoch 17 – last‐batch loss: 0.7040, AUC: 0.9235
Epoch 18 – last‐batch loss: 0.6835, AUC: 0.9297
Epoch 19 – last‐batch loss: 0.6786, AUC: 0.9284
Epoch 20 – last‐batch loss: 0.6544, AUC: 0.9335
Evaluating...
........................................................................................................................................................................................................
epoch:20, time: 1782.233306(s), valid (NDCG@10: 0.3821, Recall@10: 0.5907, NDCG@20: 0.4122, Recall@20: 0.7099), test (NDCG@10: 0.0379, Recall@10: 0.0724, NDCG@20: 0.0478, Recall@20: 0.1117)
Epoch 21 – last‐batch loss: 0.6368, AUC: 0.9377
Epoch 22 – last‐batch loss: 0.6258, AUC: 0.9394
Epoch 23 – last‐batch loss: 0.6158, AUC: 0.9406
Epoch 24 – last‐batch loss: 0.6051, AUC: 0.9417
Epoch 25 – last‐batch loss: 0.5815, AUC: 0.9457
Epoch 26 – last‐batch loss: 0.5763, AUC: 0.9459
Epoch 27 – last‐batch loss: 0.5582, AUC: 0.9508
Epoch 28 – last‐batch loss: 0.5542, AUC: 0.9501
Epoch 29 – last‐batch loss: 0.5345, AUC: 0.9535
Epoch 30 – last‐batch loss: 0.5260, AUC: 0.9559
Epoch 31 – last‐batch loss: 0.5167, AUC: 0.9564
Epoch 32 – last‐batch loss: 0.5129, AUC: 0.9555
Epoch 33 – last‐batch loss: 0.4822, AUC: 0.9636
Epoch 34 – last‐batch loss: 0.4781, AUC: 0.9616
Epoch 35 – last‐batch loss: 0.4616, AUC: 0.9638
Epoch 36 – last‐batch loss: 0.4524, AUC: 0.9674
Epoch 37 – last‐batch loss: 0.4429, AUC: 0.9679
Epoch 38 – last‐batch loss: 0.4339, AUC: 0.9689
Epoch 39 – last‐batch loss: 0.4177, AUC: 0.9719
Epoch 40 – last‐batch loss: 0.4167, AUC: 0.9711
Evaluating...
........................................................................................................................................................................................................
epoch:40, time: 5910.029199(s), valid (NDCG@10: 0.4276, Recall@10: 0.6392, NDCG@20: 0.4590, Recall@20: 0.7634), test (NDCG@10: 0.0501, Recall@10: 0.0933, NDCG@20: 0.0605, Recall@20: 0.1347)
Epoch 41 – last‐batch loss: 0.4081, AUC: 0.9710
Epoch 42 – last‐batch loss: 0.3923, AUC: 0.9738
Epoch 43 – last‐batch loss: 0.3972, AUC: 0.9734
Epoch 44 – last‐batch loss: 0.3871, AUC: 0.9736
Epoch 45 – last‐batch loss: 0.3710, AUC: 0.9762
Epoch 46 – last‐batch loss: 0.3770, AUC: 0.9754
Epoch 47 – last‐batch loss: 0.3645, AUC: 0.9771
Epoch 48 – last‐batch loss: 0.3472, AUC: 0.9780
Epoch 49 – last‐batch loss: 0.3480, AUC: 0.9802
Epoch 50 – last‐batch loss: 0.3309, AUC: 0.9798
Epoch 51 – last‐batch loss: 0.3285, AUC: 0.9805
Epoch 52 – last‐batch loss: 0.3256, AUC: 0.9816
Epoch 53 – last‐batch loss: 0.3109, AUC: 0.9819
Epoch 54 – last‐batch loss: 0.3048, AUC: 0.9836
Epoch 55 – last‐batch loss: 0.3052, AUC: 0.9830
Epoch 56 – last‐batch loss: 0.2996, AUC: 0.9848
Epoch 57 – last‐batch loss: 0.2931, AUC: 0.9841
Epoch 58 – last‐batch loss: 0.2888, AUC: 0.9853
Epoch 59 – last‐batch loss: 0.2820, AUC: 0.9854
Epoch 60 – last‐batch loss: 0.2784, AUC: 0.9860
Evaluating...
........................................................................................................................................................................................................
epoch:60, time: 12384.998506(s), valid (NDCG@10: 0.4545, Recall@10: 0.6693, NDCG@20: 0.4845, Recall@20: 0.7881), test (NDCG@10: 0.0502, Recall@10: 0.0941, NDCG@20: 0.0617, Recall@20: 0.1397)
Epoch 61 – last‐batch loss: 0.2648, AUC: 0.9868
Epoch 62 – last‐batch loss: 0.2613, AUC: 0.9878
Epoch 63 – last‐batch loss: 0.2753, AUC: 0.9856
Epoch 64 – last‐batch loss: 0.2489, AUC: 0.9890
Epoch 65 – last‐batch loss: 0.2542, AUC: 0.9873
Epoch 66 – last‐batch loss: 0.2554, AUC: 0.9870
Epoch 67 – last‐batch loss: 0.2407, AUC: 0.9889
Epoch 68 – last‐batch loss: 0.2417, AUC: 0.9887
Epoch 69 – last‐batch loss: 0.2424, AUC: 0.9884
Epoch 70 – last‐batch loss: 0.2281, AUC: 0.9890
Epoch 71 – last‐batch loss: 0.2226, AUC: 0.9892
Epoch 72 – last‐batch loss: 0.2305, AUC: 0.9890
Epoch 73 – last‐batch loss: 0.2230, AUC: 0.9897
Epoch 74 – last‐batch loss: 0.2095, AUC: 0.9910
Epoch 75 – last‐batch loss: 0.2200, AUC: 0.9895
Epoch 76 – last‐batch loss: 0.2057, AUC: 0.9908
Epoch 77 – last‐batch loss: 0.2118, AUC: 0.9907
Epoch 78 – last‐batch loss: 0.2050, AUC: 0.9910
Epoch 79 – last‐batch loss: 0.1999, AUC: 0.9914
Epoch 80 – last‐batch loss: 0.2040, AUC: 0.9906
Evaluating...
........................................................................................................................................................................................................
epoch:80, time: 21204.665197(s), valid (NDCG@10: 0.4735, Recall@10: 0.6912, NDCG@20: 0.5033, Recall@20: 0.8087), test (NDCG@10: 0.0586, Recall@10: 0.1061, NDCG@20: 0.0702, Recall@20: 0.1524)
Epoch 81 – last‐batch loss: 0.1932, AUC: 0.9916
Epoch 82 – last‐batch loss: 0.1862, AUC: 0.9924
Epoch 83 – last‐batch loss: 0.1934, AUC: 0.9913
Epoch 84 – last‐batch loss: 0.1864, AUC: 0.9922
Epoch 85 – last‐batch loss: 0.1836, AUC: 0.9923
Epoch 86 – last‐batch loss: 0.1876, AUC: 0.9923
Epoch 87 – last‐batch loss: 0.1856, AUC: 0.9922
Epoch 88 – last‐batch loss: 0.1706, AUC: 0.9931
Epoch 89 – last‐batch loss: 0.1712, AUC: 0.9929
Epoch 90 – last‐batch loss: 0.1725, AUC: 0.9928
Epoch 91 – last‐batch loss: 0.1681, AUC: 0.9936
Epoch 92 – last‐batch loss: 0.1613, AUC: 0.9934
Epoch 93 – last‐batch loss: 0.1613, AUC: 0.9932
Epoch 94 – last‐batch loss: 0.1631, AUC: 0.9932
Epoch 95 – last‐batch loss: 0.1578, AUC: 0.9935
Epoch 96 – last‐batch loss: 0.1499, AUC: 0.9945
Epoch 97 – last‐batch loss: 0.1553, AUC: 0.9935
Epoch 98 – last‐batch loss: 0.1553, AUC: 0.9939
Epoch 99 – last‐batch loss: 0.1458, AUC: 0.9945
Epoch 100 – last‐batch loss: 0.1521, AUC: 0.9937
Evaluating...
........................................................................................................................................................................................................
epoch:100, time: 32368.544424(s), valid (NDCG@10: 0.4898, Recall@10: 0.7059, NDCG@20: 0.5176, Recall@20: 0.8155), test (NDCG@10: 0.0575, Recall@10: 0.1049, NDCG@20: 0.0714, Recall@20: 0.1605)
Test‐driven best at epoch 100: NDCG@10=0.0575, Recall@10=0.1049, NDCG@20=0.0714, Recall@20=0.1605
Total time used is 03:15:29
Total Train Time is : 02:28:17
Total Test Time:  00:47:11
Average Train Time per Epoch: 88.97 seconds
Average Test Time per Epoch: 28.32 seconds

--- Memory Usage Summary ---
Peak GPU Memory Usage: 4.14 GB
CPU Memory Usage: 5.97 GB
