Processing xlong dataset...
Filtering triplets
Dataset = xlong
  # users         = 69691
  # items         = 2122932
  # interactions  = 66822348
  # Sequence length = 300
  # Average sequence length = 956.84
Epoch 1 – last‐batch loss: 1.1740, AUC: 0.8213
Epoch 2 – last‐batch loss: 1.0795, AUC: 0.8245
Epoch 3 – last‐batch loss: 1.0295, AUC: 0.8343
Epoch 4 – last‐batch loss: 0.9679, AUC: 0.8535
Epoch 5 – last‐batch loss: 0.9505, AUC: 0.8618
Epoch 6 – last‐batch loss: 0.9535, AUC: 0.8570
Epoch 7 – last‐batch loss: 0.9147, AUC: 0.8699
Epoch 8 – last‐batch loss: 0.9147, AUC: 0.8695
Epoch 9 – last‐batch loss: 0.8881, AUC: 0.8791
Epoch 10 – last‐batch loss: 0.8644, AUC: 0.8863
Epoch 11 – last‐batch loss: 0.8557, AUC: 0.8873
Epoch 12 – last‐batch loss: 0.8375, AUC: 0.8891
Epoch 13 – last‐batch loss: 0.8264, AUC: 0.8927
Epoch 14 – last‐batch loss: 0.8091, AUC: 0.8966
Epoch 15 – last‐batch loss: 0.8012, AUC: 0.9013
Epoch 16 – last‐batch loss: 0.7998, AUC: 0.8997
Epoch 17 – last‐batch loss: 0.7856, AUC: 0.9002
Epoch 18 – last‐batch loss: 0.7802, AUC: 0.9013
Epoch 19 – last‐batch loss: 0.7439, AUC: 0.9114
Epoch 20 – last‐batch loss: 0.7460, AUC: 0.9118
Evaluating...
........................................................................................................................................................................................................
epoch:20, time: 1132.234640(s), valid (NDCG@10: 0.3353, Recall@10: 0.5382, NDCG@20: 0.3671, Recall@20: 0.6635), test (NDCG@10: 0.0256, Recall@10: 0.0495, NDCG@20: 0.0325, Recall@20: 0.0770)
Epoch 21 – last‐batch loss: 0.7372, AUC: 0.9141
Epoch 22 – last‐batch loss: 0.7134, AUC: 0.9199
Epoch 23 – last‐batch loss: 0.7070, AUC: 0.9243
Epoch 24 – last‐batch loss: 0.7019, AUC: 0.9238
Epoch 25 – last‐batch loss: 0.6841, AUC: 0.9261
Epoch 26 – last‐batch loss: 0.6523, AUC: 0.9322
Epoch 27 – last‐batch loss: 0.6543, AUC: 0.9328
Epoch 28 – last‐batch loss: 0.6423, AUC: 0.9337
Epoch 29 – last‐batch loss: 0.6203, AUC: 0.9380
Epoch 30 – last‐batch loss: 0.6160, AUC: 0.9411
Epoch 31 – last‐batch loss: 0.5984, AUC: 0.9442
Epoch 32 – last‐batch loss: 0.5767, AUC: 0.9463
Epoch 33 – last‐batch loss: 0.5784, AUC: 0.9483
Epoch 34 – last‐batch loss: 0.5547, AUC: 0.9511
Epoch 35 – last‐batch loss: 0.5511, AUC: 0.9523
Epoch 36 – last‐batch loss: 0.5323, AUC: 0.9558
Epoch 37 – last‐batch loss: 0.5158, AUC: 0.9586
Epoch 38 – last‐batch loss: 0.5144, AUC: 0.9570
Epoch 39 – last‐batch loss: 0.4988, AUC: 0.9605
Epoch 40 – last‐batch loss: 0.4848, AUC: 0.9617
Evaluating...
........................................................................................................................................................................................................
epoch:40, time: 3989.375590(s), valid (NDCG@10: 0.4419, Recall@10: 0.6498, NDCG@20: 0.4701, Recall@20: 0.7613), test (NDCG@10: 0.0489, Recall@10: 0.0920, NDCG@20: 0.0600, Recall@20: 0.1361)
Epoch 41 – last‐batch loss: 0.4765, AUC: 0.9653
Epoch 42 – last‐batch loss: 0.4748, AUC: 0.9645
Epoch 43 – last‐batch loss: 0.4629, AUC: 0.9669
Epoch 44 – last‐batch loss: 0.4582, AUC: 0.9667
Epoch 45 – last‐batch loss: 0.4431, AUC: 0.9680
Epoch 46 – last‐batch loss: 0.4310, AUC: 0.9693
Epoch 47 – last‐batch loss: 0.4275, AUC: 0.9700
Epoch 48 – last‐batch loss: 0.4185, AUC: 0.9720
Epoch 49 – last‐batch loss: 0.4164, AUC: 0.9708
Epoch 50 – last‐batch loss: 0.4027, AUC: 0.9728
Epoch 51 – last‐batch loss: 0.3985, AUC: 0.9723
Epoch 52 – last‐batch loss: 0.3941, AUC: 0.9739
Epoch 53 – last‐batch loss: 0.3905, AUC: 0.9726
Epoch 54 – last‐batch loss: 0.3761, AUC: 0.9762
Epoch 55 – last‐batch loss: 0.3895, AUC: 0.9730
Epoch 56 – last‐batch loss: 0.3664, AUC: 0.9765
Epoch 57 – last‐batch loss: 0.3595, AUC: 0.9781
Epoch 58 – last‐batch loss: 0.3509, AUC: 0.9777
Epoch 59 – last‐batch loss: 0.3511, AUC: 0.9779
Epoch 60 – last‐batch loss: 0.3516, AUC: 0.9773
Evaluating...
........................................................................................................................................................................................................
epoch:60, time: 8616.009016(s), valid (NDCG@10: 0.4535, Recall@10: 0.6667, NDCG@20: 0.4824, Recall@20: 0.7807), test (NDCG@10: 0.0508, Recall@10: 0.0918, NDCG@20: 0.0630, Recall@20: 0.1400)
Epoch 61 – last‐batch loss: 0.3334, AUC: 0.9796
Epoch 62 – last‐batch loss: 0.3250, AUC: 0.9827
Epoch 63 – last‐batch loss: 0.3203, AUC: 0.9808
Epoch 64 – last‐batch loss: 0.3115, AUC: 0.9832
Epoch 65 – last‐batch loss: 0.3082, AUC: 0.9834
Epoch 66 – last‐batch loss: 0.3094, AUC: 0.9811
Epoch 67 – last‐batch loss: 0.3061, AUC: 0.9823
Epoch 68 – last‐batch loss: 0.2932, AUC: 0.9841
Epoch 69 – last‐batch loss: 0.2967, AUC: 0.9837
Epoch 70 – last‐batch loss: 0.2815, AUC: 0.9850
Epoch 71 – last‐batch loss: 0.2709, AUC: 0.9862
Epoch 72 – last‐batch loss: 0.2826, AUC: 0.9848
Epoch 73 – last‐batch loss: 0.2712, AUC: 0.9852
Epoch 74 – last‐batch loss: 0.2694, AUC: 0.9857
Epoch 75 – last‐batch loss: 0.2728, AUC: 0.9861
Epoch 76 – last‐batch loss: 0.2680, AUC: 0.9862
Epoch 77 – last‐batch loss: 0.2591, AUC: 0.9867
Epoch 78 – last‐batch loss: 0.2492, AUC: 0.9878
Epoch 79 – last‐batch loss: 0.2567, AUC: 0.9860
Epoch 80 – last‐batch loss: 0.2463, AUC: 0.9875
Evaluating...
........................................................................................................................................................................................................
epoch:80, time: 14970.573573(s), valid (NDCG@10: 0.4680, Recall@10: 0.6849, NDCG@20: 0.4966, Recall@20: 0.7977), test (NDCG@10: 0.0537, Recall@10: 0.0987, NDCG@20: 0.0656, Recall@20: 0.1461)
Epoch 81 – last‐batch loss: 0.2422, AUC: 0.9890
Epoch 82 – last‐batch loss: 0.2330, AUC: 0.9887
Epoch 83 – last‐batch loss: 0.2360, AUC: 0.9887
Epoch 84 – last‐batch loss: 0.2357, AUC: 0.9886
Epoch 85 – last‐batch loss: 0.2259, AUC: 0.9898
Epoch 86 – last‐batch loss: 0.2160, AUC: 0.9904
Epoch 87 – last‐batch loss: 0.2265, AUC: 0.9893
Epoch 88 – last‐batch loss: 0.2219, AUC: 0.9902
Epoch 89 – last‐batch loss: 0.2146, AUC: 0.9902
Epoch 90 – last‐batch loss: 0.2220, AUC: 0.9889
Epoch 91 – last‐batch loss: 0.2144, AUC: 0.9904
Epoch 92 – last‐batch loss: 0.2132, AUC: 0.9900
Epoch 93 – last‐batch loss: 0.2060, AUC: 0.9905
Epoch 94 – last‐batch loss: 0.2148, AUC: 0.9902
Epoch 95 – last‐batch loss: 0.2010, AUC: 0.9905
Epoch 96 – last‐batch loss: 0.1931, AUC: 0.9921
Epoch 97 – last‐batch loss: 0.1977, AUC: 0.9915
Epoch 98 – last‐batch loss: 0.1983, AUC: 0.9909
Epoch 99 – last‐batch loss: 0.2026, AUC: 0.9901
Epoch 100 – last‐batch loss: 0.2107, AUC: 0.9885
Evaluating...
........................................................................................................................................................................................................
epoch:100, time: 23050.710853(s), valid (NDCG@10: 0.4776, Recall@10: 0.6909, NDCG@20: 0.5052, Recall@20: 0.7992), test (NDCG@10: 0.0600, Recall@10: 0.1061, NDCG@20: 0.0732, Recall@20: 0.1584)
Test‐driven best at epoch 100: NDCG@10=0.0600, Recall@10=0.1061, NDCG@20=0.0732, Recall@20=0.1584
Total time used is 02:24:49
Total Train Time is : 01:33:58
Total Test Time:  00:50:50
Average Train Time per Epoch: 56.38 seconds
Average Test Time per Epoch: 30.51 seconds

--- Memory Usage Summary ---
Peak GPU Memory Usage: 3.10 GB
CPU Memory Usage: 5.98 GB
